2.341636113971518398e+02
-6.595582416032476658e+01
4.828017229005558875e+01
-3.028815173282104070e+02
1.573514292985786369e+02
-2.831571773212752774e+00
2.645190642715755303e+02
4.891937521134438498e+02
-1.038121312986362170e+02
1.793841753818443010e+02
4.105294913211400285e+02
-2.722773721335024675e+02
1.984042540642600017e+01
-7.452285519094155006e+02
2.413766298664194778e+02
-8.567015370091677369e+02
2.780942286409983808e+02
1.310665271361261546e+02
1.317620864611872662e+02
5.550645549339747049e+02
3.053487430986622826e+02
6.442582170063503781e+02
3.118972331682649042e+02
-3.687973892512618477e+02
9.529152120774840284e+01
3.728179683696072289e+02
-6.525822703938632685e+01
6.252548641909647813e+02
-2.789846039072398298e+01
8.752753924826034790e+02
-4.123617728093558412e+02
2.498329575196973735e+02
7.477116508730307487e+02
-7.242785963211555327e+02
2.046180091450866456e+01
1.995462044138363922e+02
-3.695677286916220510e+02
-4.320798798338729512e+02
4.149725149607081676e+01
8.732327358309095189e+01
1.250799087798391298e+02
4.836752873517452400e+01
4.689517454013166571e+02
-5.684380793826223908e+02
-8.049256895139325252e+01
3.609419745308658634e+01
-1.484136022316405388e+02
9.143835231868492031e+01
-1.458536632358192264e+01
2.526710868688708445e+02
2.308976587290954186e+01
6.084225914084063334e+02
1.850465348654314539e+02
-5.874349168880348770e+02
2.386656481310517393e+02
-3.753966525546461241e+01
-3.687406372038548739e+02
1.633090526752559413e+02
3.739093693968188745e+02
-1.715900965155551035e+02
-1.183275929017073054e+02
-2.780802673024147111e+02
5.123692884098892364e+02
3.686492270906340423e+02
-1.726752736045469874e+02
-2.363530942922106970e+00
3.398244478272150104e+02
-3.454970432949801307e+02
4.114054304598234069e+01
-2.260781564520449365e+02
-2.392652411324908712e+02
-4.273974425920678755e+02
-9.241293049326854714e+01
2.101867479111842840e+02
1.653771757398738629e+01
-8.595740106827580007e+01
5.829270892811244948e+02
-1.430155022647097667e+02
4.653322735381510000e+01
-4.971575229447710740e+02
-3.401678516276442110e+02
2.014222077713835404e+02
-1.389810130115066045e+02
-1.054332289750975917e+02
-5.525275582530431393e+02
-5.789661136795824632e+02
2.799754530574576705e+01
7.209631514106561099e+02
-4.266462028119032084e+02
2.716011534734128077e+02
1.810769009736691260e+02
-4.037524988368689947e+02
-1.183712762694073888e+02
-2.504952255465684345e+02
-2.774989778073819480e+02
-2.341077596542935169e+02
-3.597057850085724340e+02
2.174659109108944222e+02
3.920774389121265813e+01
2.391154115325801115e+02
3.745328039756101930e+02
-1.736336832760136417e+02
-6.179259359406877365e+02
2.985304124776989738e+02
6.067854357233450457e+01
-2.752904716363363491e+02
1.585812798282396443e+02
-1.485626364101880483e+02
1.193835442345131383e+02
-4.774257455736888005e+02
-4.218491566511598307e+02
-2.556550718165799481e+02
2.497281600696693999e+02
1.898454714692477694e+02
-2.573434890794672469e+02
-6.291838187843496826e+02
1.136475701819624788e+02
2.053623602364374108e+02
5.942784440512036070e+01
-3.316702167918416535e+02
4.382012109590427826e+02
5.875635208740877857e+01
-3.969675122928930477e+02
3.889499121413140870e+02
1.044916052754149831e+02
2.149701862163566943e+02
5.182605536458436291e+02
-4.984095519575548110e+02
-5.616646735861908155e+02
-6.628352607959909903e+01
-1.999486152131599637e+00
3.259892594946661006e+02
3.274775132441524761e+02
-2.158025383591331945e+02
-3.833507203956212379e+02
5.975847472364373516e+02
-2.323438589500995306e+02
2.471742315349100636e+02
-3.142541159156482422e+01
-1.124685435604567658e+02
1.929677437165517517e+02
9.844466053176854814e+01
3.214595174995272373e+02
-4.783942206488534339e+02
-4.927001986815301962e+02
-8.458357423243244000e+01
-8.360898794222268293e+01
-7.581968699936122391e+01
-4.833256387750686827e+02
2.175868148263698458e+02
5.259904785914461200e+01
-2.806313022487813669e+02
-2.873913726272671454e+01
1.651329789320298289e+02
-9.558893664014799185e+01
-1.308781477622107730e+02
-4.714047679062420571e+02
5.769723422475985899e+02
1.599916853970162833e+02
5.498045416471777003e+01
-6.005571275790126720e+02
2.964394954153193567e+02
2.201089528396803985e+02
4.673709008833405676e+01
-1.688029439542532018e+01
-1.794862921051281432e+02
3.469022729138519501e-01
7.190129685158200168e+00
1.643679959005466742e+02
4.471670040914952438e+02
-1.739011710139248237e+02
2.588462966070539437e+02
4.609683093727290384e+02
9.841248310959714729e+01
-1.426224021971088405e+02
2.078051706383269845e+02
-5.959263677167550810e+01
4.519554944942535712e+01
2.764090407991214420e+02
3.604046667908335166e+00
3.489562504985880764e+02
6.890265947506776456e+01
7.826136184668257556e+01
4.228559304407530703e+02
-2.794302883809998548e+02
1.898106713323848567e+02
2.892828471891464233e+02
8.467722097874107021e+02
1.871242290590428752e+02
-3.381152769342131705e+02
2.623404872998915138e+01
1.103765696480807748e+02
-3.637381188921482362e+02
3.250129725727920231e+02
-1.824670775334793049e+01
6.682537602810515409e+01
-3.147635077307967322e+02
-3.291219898888984119e+01
5.474992545137683919e+02
-2.265833543204627460e+02
9.470920483517160449e+01
-3.214570536237704346e+02
8.903553789476261215e+01
2.694460988378710340e+02
9.449776166831318847e+01
2.411668895206658476e+02
3.527491004927290987e+02
5.104946297776528752e+01
-2.335034632429613453e+02
-5.108095754144969192e+01
9.030341959189355805e+01
-1.926993313573792932e+02
-8.167852521532391563e+01
-1.648095136452923981e+01
-1.900219992654202201e+02
-3.427869201082186805e+02
1.059800368662911012e+02
4.724897683561479766e+02
-9.283536560922904357e+01
-1.261255324286743758e+02
-2.017290670840816702e+01
-8.381655545080107572e+01
-2.262126634246768830e+01
-2.754858909043233552e+02
3.028511637022671721e+02
7.083697582420532513e+01
-2.823112104607782271e+02
4.355618439607707870e+01
-3.121509515632932885e+00
-2.570396074426240034e+02
-1.287356171279641899e+02
3.870734067299251251e+02
-1.829690564566248838e+02
1.296516154323474836e+02
-5.108653392981039474e+02
-3.506617019209235764e+02
4.934282711559411041e+02
3.397484894378636682e+02
9.250522934086677651e+01
1.804423955720061770e+02
-5.413430267790206472e+02
-1.202966561224463504e+02
-1.833637359264249085e+02
-4.987690984368409630e+00
-6.797201875493291254e+02
-9.053557453960010548e+01
2.978765592012794059e+02
5.778785975520286229e+02
-9.678618506179222436e+01
-7.400223575832218614e+01
-1.428064037416630185e+02
-5.261548291194268359e+02
1.009941276207063083e+02
-3.848933293439561112e+02
-1.958103604044725898e+02
-3.197283102655247831e+02
-1.440293801476837388e+01
6.865752040079335075e+02
2.558180641858417346e+02
-5.479720466333068316e+02
3.221416031273990370e+02
2.844015488568824139e+02
-3.929022461457681175e+02
-1.018514550758804518e+02
1.722389779492581567e+02
9.388805940185550014e+01
1.746454152346424564e+02
3.235287842164448762e+02
2.627212467647826202e+02
-5.193747096617922665e+01
-4.909399848322050275e+01
7.843085075157878236e+02
3.855900561382215415e+02
-4.450715095978857505e+01
1.101654898837455363e+02
2.410297157716215111e+02
-1.703206939836485390e+02
4.696145867188328680e+02
7.425374762993292279e+02
-2.149614811769823746e+02
3.323080294818457219e+02
-2.326451744334207206e+02
-1.725274793926847963e+02
-2.098030516471935059e+01
1.595463254907101458e+01
1.494533592271295390e+02
8.585663436351671862e+01
6.269524606588627194e+02
-4.397802379830006885e+02
-2.155927652954860321e+02
-3.641686428931708974e+02
2.233907569014367311e+02
-2.053114192964003166e+02
3.770498470295929678e+02
6.753779223466185613e+02
-1.278569077717600919e+02
1.496864597335227529e+02
-2.927776173899133596e+02
-1.542929528998679984e+02
9.754062808992661360e+01
-1.650569248819908239e+02
6.792697411306590993e+02
-2.318618962418428282e+02
-5.553151789052848244e+02
1.476016320293435911e+02
1.431519984522746540e+02
-3.377114565694371890e+02
-4.841381413968206004e+01
-2.843044500125210448e+02
-3.029399351031920560e+02
1.227656393815283877e+02
1.427860221651697543e+02
-5.991913670690908020e+02
4.205162200315294285e+02
-3.616706278578040497e+02
1.248409331669111850e+02
2.216802766762643842e+02
5.974282499321289208e+01
-1.833843973526824129e+02
-3.745524659821580258e+02
4.328449609957841631e+02
2.801898169300981749e+02
3.618647018575657057e+02
-2.440733875534207300e+02
5.285031012130760928e+02
-4.320495942493187158e+02
-2.339191763441410217e+02
-2.826935990423527869e+02
-9.194949526118499250e+01
-2.821982060120319602e+02
1.556377805738180768e+02
2.798182452146604078e+02
-3.546600669718409335e+02
2.285952984177486655e+02
-2.539337459491031552e+02
-1.648744395827746416e+02
-2.739853384682301680e+02
7.544411756852905171e+01
2.903246099771050126e+02
9.991783548112991298e+01
1.707912012508579949e+02
-3.709747103865344009e+00
5.666817645706568385e+01
2.759033992135992435e+02
-1.564727931349437995e+02
3.839924636888765122e+02
-1.106990662064256554e+02
-4.626688706392461654e+02
5.487785556877891935e+01
-1.353289560006369641e+02
-1.791821726028719013e+02
3.659370397328069089e+02
-2.134268082795379371e+02
7.460840510220778015e+02
-4.199063722606642273e+02
9.047519679338578147e-01
-2.869666342663104501e+02
-2.226778013304568447e+02
-1.519365351578150012e+02
-2.910322118537828739e+00
4.750175265950759353e+02
2.095410724398785192e+02
-3.720705335215791933e+02
1.517331989662114324e+02
-1.800844631396089568e+01
4.658771888903622198e+02
2.211475783654752547e+02
5.617471437475938956e+02
1.280452190578721527e+01
1.089400148708293727e+02
3.643193062778551621e+02
1.466936896589650416e+02
-1.771072697686724950e+02
3.323899977456177908e+02
1.068852302004324883e+02
2.857794001654983163e+02
-4.207772308966200967e+02
-1.805343555056931280e+02
3.205008112655313113e+01
3.057171090718651119e+00
3.348090663761959718e+02
1.157561866598846194e+02
9.727708396692526094e+02
2.354833122340823337e+01
2.548081915012712102e+02
-6.444256738437426080e+00
5.562817012501385534e+02
-4.424965174851457164e+02
1.224054640433505341e+02
-4.890279699289681048e+01
-3.215480235002747804e+02
3.137971885789435191e+02
4.266047565666926289e+02
1.443660883627880764e+01
1.562013750757559478e+02
1.139833364552969641e+02
2.786702059517318162e+02
-2.380851838646646623e+00
3.562816306148067724e+01
1.312956254271718421e+02
-4.521548884593283191e+01
-1.867922545665587961e+02
1.335303790540745865e+02
9.049544804243197405e+01
3.361998748369007330e+02
1.101602106137323460e+02
9.573662354966003818e+01
-7.266305645960877690e+00
8.865766701984124865e+00
3.810203457638890541e+02
-5.442876389500943333e+02
1.397656729286437951e+02
-1.110712446543231238e+02
-6.222912652206911162e+02
-4.084784190550622895e+01
1.868427914380052641e+02
2.866097973503416370e+02
-4.823384486748504401e+02
-2.393588502692507802e+01
-4.083014443625353351e+02
-4.579537770375553123e+02
5.138804101906684991e+02
1.242661447446374581e+02
-5.238222637346354986e+02
-1.353842051627669605e+02
-8.562215083122937642e+01
1.048447569775883181e+02
-5.810551075147269984e+01
2.815660812049596302e+02
-3.581217935827359611e+02
-2.114376735868379171e+02
-1.488099589547328776e+02
1.833189085685658029e+02
2.042324243651595168e+02
1.657856112064815690e+01
3.771775557235674370e+01
-2.805581392482145588e+02
2.546233231234301400e+02
-1.801742544985146708e+02
-1.201006749559902573e+02
-4.373917753984751471e+02
-1.456649678887888797e+02
1.107029292361004877e+02
3.712354555693756879e+02
-1.632532042180194480e+02
-2.337440106001915581e+02
2.279557694302373534e+02
1.320344250028015551e+02
-3.730912090541088446e+02
-2.098228511430955905e+02
2.769050501314270605e+02
1.067376502627378159e+02
-4.957942551857883728e+01
-4.520677820644797862e+02
1.626648638443029427e+02
1.072349900480904950e+02
2.037418357314878961e+02
2.171166982539080834e+02
-1.265840019671982191e+02
9.344812686453313688e+01
5.907781312772569038e+01
9.332907444194256641e+01
5.148824341708191241e+02
2.828031706251483257e+01
-1.211452088164737830e+02
-1.159642194211581767e+02
-1.881457459278149145e+02
1.296078953207507141e+02
-3.203264388134224987e+02
-2.799463575924244196e+02
1.783027368724572170e+02
-1.029663200780947818e+02
-6.321722607543788399e+02
5.767041003181349197e+02
-3.883054348612246827e+02
-3.137479495515982535e+02
-1.849094516757843962e+02
5.193353254236687917e+02
8.217449190107852530e+01
-1.001073435264227385e+02
1.287079381749720142e+02
-9.373198522299389879e+01
1.933436628964896897e+02
6.811411911398184884e+02
-5.026222335781603192e+02
3.466725815167966296e+00
2.756468812073418917e+02
-1.174339506992061644e+02
9.390529643079301536e+01
-4.006587781305685070e+01
-7.058301701604329992e+01
1.005891210027647844e+02
-3.050478806163433205e+02
2.774141739089648695e+02
1.416290553974303990e+01
3.293420230319628672e+02
1.987157514854558542e+02
1.380929897568135232e+02
-3.613868276567379212e+02
1.158212617578241606e+02
-3.707576103976891773e+02
2.465973467541291200e+02
-3.783541500340732000e+02
1.249394407085372860e+00
-2.496451708462882380e+02
9.702438928771589133e+01
-4.793241051458722950e+02
-2.355744721200624170e+01
2.474895188724484996e+01
1.694317221015307950e+02
-2.699129363560535353e+02
6.610329560701805462e+01
-8.671911449221474300e+01
-3.360961395049931184e+02
-2.661779644581179483e+01
-1.274688324668499462e+02
1.979500522834814831e+02
-3.927291429978314596e+01
-2.227646878840337763e+02
2.159381267252144099e+01
-1.789178524973406184e+02
-2.191187221291224603e+02
6.208318092618120545e+02
9.737150236661877045e+01
-3.758983316255075238e+02
3.357357683401871782e+02
4.863436337181218505e+02
1.149492733428232611e+02
-9.108953229413019415e+01
-1.552553559996173931e+02
-1.478849559558395867e+02
-1.024053241097835212e+02
-1.291540664352027932e+02
5.909792190720158800e+01
-3.337493247352811636e+02
4.994764421088473227e+01
-1.151579246326717936e+02
5.565422862989945543e+02
-9.073603899392564642e+01
-3.815786278647164664e+01
-1.712595638577251123e+02
-3.423397652374624158e+02
2.199657251084221627e+02
-1.314063828063724486e+02
8.462694293364138503e+02
-7.459595495659156938e+01
2.121693895550093600e+02
-4.346367048749957718e+01
6.173155041920809794e+01
-2.431284313174807608e+02
2.626438163938478283e+02
1.111369857471079143e+02
1.800907796721359091e+02
-2.480777298383837319e+02
-3.359139675909986522e+02
-5.851668450456946857e+02
1.236711693709993085e+02
-1.124443907143069055e+02
-2.227584240921946730e+02
-3.818771494752888884e+02
1.787689238587575176e+02
2.402509377991020756e+02
-6.616071789851721974e+01
-2.544143159538637349e+02
-9.640958491671339914e+01
-6.557008378292114514e+01
-8.105298333543173328e+01
3.726185925945425197e+02
1.900641271817942766e+02
5.171648113602354897e+02
-7.063467840094166661e+01
6.806164815097464782e+01
-1.394658366452085962e+00
5.316817794825438170e+01
2.111424398050110938e+02
-2.815697039612713937e+01
1.031510301602938995e+02
2.495217328404444856e+02
2.278822596162953289e+02
-2.775571832876013900e+02
1.549282757314022660e+02
-1.654057660298455232e+02
-3.765315540519829369e+02
1.507002300786088256e+02
1.895385772069454333e+02
-1.801290069469432638e+02
-8.500423384003217109e+01
7.625180901968642502e+02
3.222298790841309710e+02
-1.211277575380305507e+02
3.631019332216611701e+02
-7.556972239162189453e+01
2.028162405661039145e+02
-1.400525236583779076e+02
2.596464601994481427e+02
1.874464795827205421e+02
-4.327344087411329951e+02
2.026942925461926279e+02
-6.807132252929858396e+01
-3.031618629190317620e+02
-1.121408761595695402e+01
-3.782330674085289388e+02
2.188832485296831365e+01
4.654688874031218688e+02
-2.358131324554795469e+02
-2.388588211531626087e+02
5.426551793782134325e+01
-1.821095929996212988e+02
3.574451659296993853e+02
5.117796128077640105e+02
1.831195849721252102e+02
-1.463806055922945575e+02
-1.741589552261019946e+02
7.512986642982080809e+01
-5.918836398369363678e+02
3.789820406154399279e+02
-3.036586522169261215e+01
-4.706630396268561753e+02
4.970113804257323409e+02
-2.297290111136271378e+02
1.303194925412992404e+02
-1.414784375619888692e+02
3.734590987127824491e+01
3.002711338777439778e+02
-4.079552879829449807e+02
1.733453206083285920e+02
1.615169754206334289e+02
-3.538600910022784092e+02
2.009870907725537279e+02
-8.286314019600713721e+01
-1.022751197695302068e+02
-9.281181276820421999e+01
-1.274462763113098163e+02
4.907777674292846086e+02
-1.404609997079295454e+02
-1.003979487488911246e+02
2.892603407036666567e+02
6.940308731498218719e+01
-2.079552034921625534e+02
-7.710744590828760181e+01
-1.004623319110574897e+02
5.725339457010978776e+02
1.276497616781091722e+02
1.232949577319600962e+02
4.017833381705576556e+01
-7.266157786504119542e+01
-2.200026059026953362e+01
1.780019437776149616e+01
-4.515333105281542458e+01
1.342264794374751204e+02
-4.163554932004871034e+02
-9.870241312602701100e+01
-1.841722903681713035e+02
1.589459498771399808e+02
2.153049415310262873e+02
-9.734281240601079688e+00
8.018694971289828288e+01
-1.450165125246882667e+02
-1.635542316119169826e+01
2.387604853218124106e+02
-2.214928406085115000e+02
3.956988040785359573e+01
-7.886447801205159749e+02
1.469460529969732647e+02
-2.670227884099757034e+02
-3.321635260228328548e+02
9.342946283195071544e+01
-3.745531904760219959e+02
1.917187142022087869e+02
2.496424664576516932e+02
-4.655925414860540457e+01
-1.446393182124413954e+02
-3.012994940695348234e+01
7.892666402881557985e+01
3.017278643150562516e+02
-3.005430374572869141e+02
2.555769038988788395e+02
5.904482333722157250e+01
5.127033438172765045e+02
2.604064317538160935e+02
9.940549913909158875e+01
-2.354186207352372548e+02
2.712550072252390123e+02
-7.177576468371566421e+01
-5.057582835940099244e+02
2.049419078111774795e+01
-4.722397176755804082e+01
-7.955197034304772785e+01
-2.806893659897392013e+02
1.097543184451616440e+02
1.062368382801224982e+02
3.748737790205404963e+01
2.156407523547194103e+02
1.903266646008953344e+01
3.828542641558188393e+02
1.844774667213923180e+02
2.624392320404348879e+02
-2.904699484480171350e+02
5.972616495428079588e+02
4.175043593467747627e+01
-3.065483441098290385e+01
-5.251908041622458256e+01
2.214983003947095881e+02
1.629104935225166741e+02
1.920486087265335300e+02
-3.624390335482882506e+02
2.869953454058637021e+02
7.343678351730014242e+01
-2.615245558302519839e+02
7.555674506321442152e+01
5.274047104528845011e+02
7.210203556675882908e+01
3.996319272221072083e+02
-3.259762139946703883e+02
3.778266284643050881e+02
-2.433707420756794448e+01
7.170456976051491438e+01
8.090847432179289456e+01
-1.092407867458193849e+00
6.228643516766528165e+01
-4.091239592817207154e+02
1.604331966166474785e+02
-8.420631064564852295e+02
1.018891085490971591e+02
-1.203792620061237244e+02
-3.085451981033494917e+01
-5.588191459814065354e+01
-4.979874160265632668e+02
7.275088873519467825e+01
-1.390392056911319969e+02
-2.373045599651497923e+02
-3.053533017669019500e+02
-4.262473642491526107e+02
7.224200908036692681e+02
3.045976455037119308e+02
2.039359330744983652e+02
-2.488282848393870381e+02
1.059596574735476509e+02
-7.794915061545229840e+00
9.392221422551450871e+01
1.927903428200777682e+02
3.461534938198119562e+02
2.184361358864030649e+02
-1.326738451723281464e+01
-1.834112228995338256e+01
1.732210550914859084e+02
-4.430506910758443269e+02
-3.139715999934956017e+02
2.272087130247461744e+02
2.629143558430994290e+02
-3.773093092570690033e+02
-9.419909779713644582e+01
-1.166626180120450442e+02
2.358364214014267759e+02
2.231118937073086670e+02
1.167061921372836650e+02
2.235082641328620241e+02
-3.230323793012290139e+02
1.041118429178984428e+02
-3.437318340774861554e+02
3.522599791459913376e+02
2.237116222529666629e+02
7.983018505246417362e+01
-2.524564136658327698e+02
4.315272302615704234e+02
-6.469513626848937520e+02
-1.586502626792510000e+02
2.251489353886683205e+02
-2.978066757041844426e+02
2.517265148373344630e+02
-9.556384623468774464e+01
-3.251251654291106092e+02
-5.411712280387816776e+01
1.356707980427841278e+02
-8.231409529769990741e+01
-2.775001574710007048e+02
5.971737453357820868e+02
-1.948146544134262683e+02
6.444623635578425080e+01
9.209497970318575710e+01
2.531515501924528166e+02
3.482932827739762160e+02
-1.442709736681281925e+02
-4.428056799231563190e+01
2.722462010296894164e+01
-6.775632978173041465e+01
-1.212567315405765527e+02
-2.768882647196804925e+01
2.251232887755677723e+02
-4.383280632632698257e+02
-2.870089112079842764e+01
-2.243428608319922546e+02
2.282716828850415709e+02
2.156359713515691112e+01
1.635455913091737159e+02
5.673771098887007014e+01
2.093854666784055496e+02
-4.598220826682529605e+02
1.729980722388665413e+02
2.129205370219509064e+01
2.323802594390616889e+02
4.045457404138414290e+02
4.499626521234267216e+02
-1.185035297298574264e+01
3.778570200855906478e+02
-5.195672128148137290e+02
5.434266385306292477e+02
-1.257021414365997636e+01
3.344160460977207663e+02
-2.987018783324292031e+02
-8.581389009013984381e-01
3.908437811427172619e+02
-8.026393555607163535e+02
-3.098372699427172279e+02
-2.588595829609745991e+01
-2.012537668636731212e+02
-1.657836802782275925e+02
2.760577217285321083e+01
-3.646370421480351638e+02
-2.215217056165751597e+00
-2.205664174388772949e+02
2.750025079306248585e+02
-2.999237504430783474e+02
5.068828468737908111e+01
1.338217535000908072e+02
3.604847706651626709e+02
1.795459218608744152e+02
2.573615464345315900e+02
-1.603963643822051210e+02
1.942891315238751986e+02
6.876430268364903213e+02
-3.248777645970428125e+02
1.012289169325005815e+02
-1.641228472119635740e+02
3.144538923988241095e+02
-4.708483617851538270e+02
-1.460785419050682208e+02
-1.665054963256979477e+02
-2.616675945795723237e+02
4.821065891154020733e+02
-5.153563494700136971e+02
-2.924097826365049286e+02
-2.971600625345900859e+00
-1.882642338338635568e+02
4.479572701626947833e+02
3.576243535707983483e+02
-1.167623723218421361e+02
2.463390219494933149e+02
-5.631849016885323636e+02
-4.420387161063716519e+01
3.175765155869310661e+02
-1.351205910750441888e+02
9.417927601881272892e+01
2.490511238811614874e+02
-5.127247174952149322e+01
3.364922775602260572e+02
1.350981151458807688e+02
-2.744403593771801866e+02
1.192509368824387366e+02
-2.158199718383591517e+02
-4.612549305059133076e+02
1.677378421476876724e+02
4.981712452724663009e+00
-5.680372889566525885e+01
-3.903857953740650828e+02
8.044722073399314013e+02
-3.382984270049491329e+02
-4.140709801876341203e+02
2.032085460165957045e+02
-3.150157830643511758e+01
-1.180181023542624530e+02
2.180392442927626178e+02
1.195617284214873166e+02
-2.158999395417455389e+02
-1.053430909720668751e+02
5.755005025193651846e+01
3.881811743515506805e+02
-1.238624002340129806e+02
2.752140014995928254e+02
-8.604640661088131992e+01
-2.227342496012784423e+01
1.623028861364272188e+02
1.010916244452143218e+02
3.109346216528686568e+02
8.288970118214081140e+01
1.113412442509296341e+02
-4.323232554256644562e+02
-1.523082690668926205e+02
-6.321713764851499917e+01
1.472407426325895585e+02
-2.800602355315959358e+02
-2.834962044705460471e+02
-1.857126251314959404e+02
1.998039161438882729e+02
-1.885160817173230043e+02
-8.878263411591302656e+01
-3.182127768607839471e+02
1.967218214313500653e+02
-1.052114679040765708e+02
9.262493960171173057e+01
1.150131471849957876e+02
6.177862596027417794e+02
-3.698978009443891324e+02
-4.891453228847965988e+02
-8.053345702270596007e+01
-3.027651227272040160e+02
4.191045702582819104e+02
7.562935596529918030e+02
6.322551608705774839e+01
-6.396355185870664855e+02
-3.404599004373090931e+00
-1.110661661778057265e+02
5.896329027344933138e+02
2.545226055901864299e+02
5.322752530067716634e+02
4.397742380277190932e+02
-3.121737352251276576e+01
-1.490036184154427872e+02
-2.652757460451119300e+02
5.953358431203742640e+01
7.961672091428407612e+02
-3.886372843004714923e+02
3.415009354880768342e+02
1.130232200054689145e+02
9.150754701869131225e+01
1.102895040479723292e+02
-3.938509976062492797e+02
-5.042450359575120729e+02
-6.524256219625676145e+00
1.587036810839338159e+02
-3.458572906312367081e+02
-2.047170685439694466e+02
-3.445430068775331733e+01
6.103742151924689097e+02
2.408346828237129102e+02
3.606445999131287294e+02
-3.054279416951824260e+02
2.172715308611624323e+02
1.400159358353913603e+02
-3.027777604389074213e+02
1.221304046882964087e+02
1.106224878501675732e+02
-7.192482763783164046e+01
-4.959986789708521542e+02
1.037054690674703750e+02
-4.599481098930913845e+02
-9.827341848152563841e+01
-3.603817208971710215e+02
1.350877303439381478e+02
-6.497460569419292824e+02
-1.037052021633801502e+01
2.418907780719703169e+02
-3.980370942481969223e+02
-3.377767254118723486e+02
1.318053747669433449e+02
-3.552517078249366591e+02
2.971995098762026259e+02
-1.075573194325787512e+02
-1.391007237266193215e+02
-1.533009706309234446e+02
2.022061629930284710e+02
-1.589105832331401302e+02
-1.553233754159174396e+02
5.902175442620507511e+02
9.234336767208804986e+01
-2.814285484485405497e+00
4.440238461365862577e+02
3.791161357257327325e+01
1.272697727624072428e+02
1.839896826804063892e+02
-4.477684863766384638e+02
-5.104438425205090653e+02
2.101395712165873704e+02
-4.798323713115460123e+02
3.761458263022187225e+02
-2.127232825456678995e+02
-2.902130479659055595e+02
1.154619545684618629e+02
6.723790608578731280e+02
2.069559410076109884e+00
1.125658225129915451e+02
9.802941029495892167e+01
-2.123892207269198593e+02
4.731940807698417188e+02
1.641748422916550254e+01
1.969494231545757259e+02
-1.854885999102314287e+01
-2.082209543828758171e+02
-6.427380920752092379e+02
-3.353368576999901052e+02
1.773405819382261370e+02
1.244717819287990181e+02
-2.422686304176054080e+02
-4.855388051730421921e+02
-1.022453214512210593e+02
-1.925550971146871149e+01
1.245268880973652870e+02
5.025493775941172885e+02
-1.997483089648051475e+02
1.458158528977427864e+02
-4.848610098431896631e+01
-1.974568857037726559e+02
8.290130391387852171e+01
-9.051769004529681695e-01
-2.705483955827775731e+02
8.187582349770343626e+01
2.265200647211269143e+02
3.096959534295925920e+01
-2.688982586543865523e+02
-2.533568952349815504e+02
1.251422305036277720e+02
4.593026136096073486e+01
1.328967438287387495e+02
-1.823673867143194229e+02
-4.075058082149846541e+02
-2.287808964392727376e+02
6.672122116649862846e+02
-2.181075524790385316e+02
-4.427189136140646042e+02
3.439519874437214071e+02
3.005723501627995802e+02
-2.526658476012660515e+02
3.157518897359866514e+02
-8.117502072934074704e+02
5.093880801027714256e+01
-1.387135919103512833e+02
1.283468867711935104e+02
8.828728298990225198e+01
-1.981316752051111223e+02
-1.688615842331388706e+02
-1.990834607494348916e+02
-6.716104425963371796e+02
-3.413220757228286857e+02
-2.436817700245679532e+02
-5.821225246236798512e+01
4.090200524616408302e+02
-2.300023242725380896e+02
1.623147302862731181e+02
7.504419277585329340e+00
1.333879683991978311e+02
-1.362599162952192167e+01
1.857258565146213982e+02
-2.517453534439593739e+02
3.083192751460447880e+02
-2.789613968536943389e+01
1.541034544234105113e+02
-8.067550768237188663e+01
1.400205575622763732e+01
-1.580462040423328851e+01
-2.616158717202637973e+01
-1.935265499733735339e+02
-5.450846944063181354e+02
1.465974543194442958e+02
-3.891332997361487855e+01
1.530359482140821683e+02
-5.344338414458520425e+00
2.112343246736072047e+02
-7.044073600237256016e+01
4.438019045900961714e+02
4.285734984235615457e+02
6.555594239510713805e+01
3.357984335633814794e+02
-4.392507582600846945e+02
1.167214844093363979e+02
-1.151745329900524126e+02
1.482295854178149170e+02
-3.072423209553068091e+02
1.464116061750688971e+02
1.349201138944863487e+02
-7.941268224269979470e+00
-4.228674016730814600e+01
2.804299983448214562e+01
-2.452562965563551813e+02
-6.833062322681865908e+01
7.545728542607162126e+01
-4.628050394539535262e+01
2.580580535551869730e+02
-2.245983974517923798e+02
1.873408214571177552e+02
3.721263108377674911e+01
-4.489137965262277135e+02
-3.578226400597079078e+02
-1.275925655714984117e+02
-2.323305453574595560e+02
-1.757739585364897152e+02
-8.617609039864804288e+01
-1.902836883922492106e+01
-3.976772727281220341e+02
-4.255873668931736233e+02
-4.107470717850477513e+02
2.556486777899917229e+02
-3.350727801985219685e+02
3.031375544696314819e+02
-1.042057410721916000e+02
-7.502180476461675198e+02
-1.275067946002204700e+01
-4.239064820585844018e+01
2.895404524085459030e+01
-5.785247272048247851e+02
4.619599373312657917e+02
4.303525197765636676e+02
3.655248900481372516e+02
4.396303735260618168e+02
2.349430886075114415e+02
-2.114844194361275811e+02
1.911468893939614588e+02
-3.897454335668469980e+02
-8.523558041121508211e+01
-1.930515654249856539e+01
3.603969246679188814e+02
3.691012261160663570e+02
5.767120677735493928e+01
-4.921969196653909080e+02
1.338243474811810358e+02
-3.096898476210452031e+02
-3.047364130034819141e+02
-9.021443405184481890e+01
-6.804901157782901056e-01
8.473998985244459448e+01
1.466164118199526740e+02
-3.130025783551864720e+02
5.183615534011210713e+01
3.223541181500999642e+02
-6.739762266592433662e+02
3.921504455497718027e+02
-1.641896938712063445e+02
-1.460125935682000602e+02
-4.981744231840217907e+01
1.051030901397901971e+02
4.060714384599618256e+02
1.474261153110369946e+02
5.758271836368977148e+01
-1.268410396888402580e+01
2.100117103441529309e+02
6.227049084708597526e+00
-1.426218443752989629e+02
-5.997093995089041130e+01
1.325804969839948058e+02
3.528998199806141933e+00
-1.356720914545968526e+02
-8.331144027384196704e+01
5.522123846863603092e+01
-6.055232160962082588e+01
6.507426975026818354e+02
-4.650760179758373170e+02
-1.099356331624558862e+02
2.990597976784013667e+02
5.965298843451464705e+01
4.930150901703788691e+02
-1.902026589492251674e+02
-1.914490404682241120e+01
-2.803217224187289389e+02
1.292091764026229725e+02
1.291070549952236775e+02
-3.308138012053476018e+02
-2.898762181795149218e+02
-4.544296414179992212e+02
4.139511503130607935e+02
-1.187085202194578955e+02
-1.317930518967789340e+02
4.184224261453002214e+02
-2.072154973777887790e+02
-5.312180660462797732e+02
-3.565250114910465129e+01
3.328361691125069797e+02
-4.953224518522483777e+01
4.300858890910851642e+02
2.038924782433480800e+02
1.671663941337371853e+02
7.233855372887489921e+02
-7.434598088189949294e+01
-2.913546671863049369e+02
-5.032153842023088828e+02
3.799161588218536849e+02
1.520026139850405968e+02
-4.997862960603135889e+02
1.360859462591560032e+02
-5.344422272854516223e+02
8.998794772557789656e+01
1.843617093868076608e+02
5.999380405725229366e+02
3.964770350844373752e+02
-1.060630626199631621e+02
-6.866976133530534376e+00
-4.837109740867987284e+02
1.300220585156828577e+02
-9.025143258376242272e+01
5.220850583871908839e+02
-1.815275639641816383e+02
-1.523572478567569988e+02
-9.003315892621827743e+01
4.500823766847051957e+02
-9.384542471996365975e+01
1.481284948964481316e+02
-1.918642592830548494e+02
1.383508178300313034e+02
1.888428080632441777e+02
3.226523052537619378e+02
-3.688410993554235802e+02
-2.456317926357272441e+01
-3.811875854981773841e+02
4.431119471622595825e+02
6.724895900370316326e+01
-7.390477688094236441e+01
3.798554749554219825e+02
-2.768065299157927939e+01
-3.503229890871460270e+02
-9.384502704768839010e+01
-2.739918286130865113e+02
-1.457279518761994552e+02
4.784366852947377993e+02
-5.697560744400053636e+02
-2.207058084929784059e+00
-7.429510352549691277e+01
2.134717676905869723e+02
1.942544489059689994e+01
7.098624471308276895e+01
-4.320829137930035699e+02
-1.995596231863689809e+02
6.589988696276565179e+02
1.895555785953425527e+02
1.808653623674421738e+02
-3.208086757276254275e+02
5.163034732597022867e+02
6.909741111436354686e+02
-5.376987413753006706e+01
-4.195587008581399004e+02
1.913159948528642929e+01
-1.211566460673741545e+02
-5.353699300048009491e+01
2.614273565031459725e+02
-5.294081008256973320e+01
-1.332753780764005853e+02
-4.931160514391543188e+02
6.721008497546340266e+01
1.569009080337590945e+02
2.663328210782030325e+01
8.564682098922918385e+01
-4.329485284101346565e+01
-3.886228996960731479e+02
-1.322963582208903404e+02
2.211204621611644257e+02
-3.744673896080709596e+02
2.975585800433406689e+02
-6.836358657197818900e+01
4.641604483379209967e+01
1.297451461180797594e+02
-4.603855804512979830e+02
3.108684617819447453e+02
-1.869442376290724326e+02
3.481147562335872294e+02
2.556267176241310892e+02
8.132355435886665873e+02
-2.637581166465062097e+02
-6.546470808642298778e+01
9.894214242474465948e+01
2.260386756679776568e+02
-1.282701441917369891e+02
-6.300245473922277029e+01
9.563501149404420687e+01
-1.256643935714061087e+02
2.999746947445363503e+02
6.157183941758054146e+01
2.694930662147085627e+02
-3.624771279259557559e+02
3.230644862489867108e+01
7.027326127357975238e+00
-4.215155350035743709e+02
8.630921446245943685e+01
4.081901170275112918e+02
5.711088383360142728e+01
1.085214432376715195e+02
1.113930972307841358e+02
-3.257087165187869005e+02
-2.982380272752382098e+02
-1.486634010598944258e+02
4.270725364066090037e+02
-4.590368142610908109e+01
-2.473861058991545860e+02
2.379507418111663526e+02
-2.394883026324193338e+02
-1.445950860700473299e+02
2.444780259379229221e+02
1.946383755649617626e+02
5.340469156697152897e+01
-2.728486999530453971e+01
3.769946047839027301e+02
-1.604726285086741484e+02
2.784543446307245631e+02
-1.481225332040828846e+02
-2.838131073463868574e+02
-3.958216173449512212e+02
4.446181825189864867e+02
1.063574179385080356e+02
-1.069201573570136361e+02
-6.238277929406975630e+01
1.165858184027994469e+02
-1.521764339419709984e+02
7.797311642034082979e+02
-1.855876158921786327e+02
-3.994260276498603730e+02
-5.696832157731805069e+01
2.913407770245705137e+02
-4.446935928861046250e+02
9.963529085683927633e+01
2.287770664593082017e+02
-7.242400559298739893e+01
-3.643412885009782940e+02
4.146525326435317993e+02
2.343558562544372705e+02
-5.008974892823463847e+02
-2.879306353706239179e+02
1.341121393873715988e+02
2.373459859990776977e+01
-4.275841278134356571e+01
2.910110115843983749e+02
1.939325633167103433e+02
2.548773425130230237e+02
3.013601730593466073e+02
-1.587676461845615847e+02
-2.432761320611264750e+02
2.253137575019229928e+02
-3.614933630612827073e+02
4.373589285970917899e+02
2.734866764053800807e+02
-2.317177329742529253e+02
5.639564168023376567e+01
-6.212183867478343835e+00
1.157450772923083662e+02
2.294268059602894709e+02
-1.219644450269947384e+02
-3.458971435175708820e+01
2.334575774642789838e+02
-2.687081666872374797e+01
7.169414331626161641e+01
4.442335619733677277e+01
-1.815217386921992784e+02
-1.935102775011324923e+02
1.297472203504052857e+02
-5.122986013927167050e+02
-1.298839943765804037e+02
1.601511585698456201e+02
2.884086985382288617e+02
5.944003454961134594e+02
-3.347498812383856830e+02
1.503943356747737425e+02
-1.206512132217607274e+02
7.665793920270603223e+01
-2.007487879665381456e+02
-6.931599884673057943e+01
1.254117074230893536e+02
1.887868538066056203e+02
4.228541934014196357e+01
5.733458766344162996e+02
3.503177784074327406e+01
-5.838092842158991402e+01
-2.894155256535546172e+01
8.510248629878387305e+01
1.165490481751300109e+02
1.873552286202698554e+02
-1.463801230299270344e+02
1.164000218207072521e+02
-2.112211534487876747e+02
5.144035322093403693e+02
1.845902144042366899e+02
2.656302860315977554e+01
3.022642806656207881e+02
9.018475262258282044e+01
-3.750755103846700678e+01
-4.753721593084095502e+02
1.871657323915910922e+02
2.264241433927294054e+02
-4.889600813317283610e+02
-1.819626496075873945e+02
-1.823593343085359209e+02
-1.136389777973674313e+02
-4.715587819178390987e+02
-2.554960622834160517e+02
4.313139661956599298e+02
-2.437343786957199825e+02
4.158241765149404756e+01
-1.829279268273477044e+02
-1.136082795122419071e+02
8.535530713532141434e+00
4.106795262839517591e+01
5.379462142620142231e+02
2.471047029062213767e+02
-2.328453930432835932e+02
-2.507806462121472748e+02
6.691524726737667379e+02
1.997500983740088998e+02
8.518930737187555735e+01
-1.845292021400526039e+02
4.931766644562225110e+01
1.259740608216327296e+01
-4.834386736785143626e+02
-1.231946506805781638e+02
-2.760178449726387839e+02
4.192643253915907309e+01
-3.708873160297653158e+02
-6.916651326749615691e+01
8.731588513280466657e+01
1.241513848883837312e+02
-2.933023896960743286e+02
-4.110983306384496672e+01
8.194310645143544036e+01
4.550851918255975015e+00
4.624897885489957616e+02
-6.551343198004557280e+02
6.034989837549669112e+00
-2.102655319693425042e+02
1.759531156918461292e+01
-2.955598091562272316e+02
5.714489553630334058e+02
-9.431777212897239338e+01
-8.092082290700176372e+02
-7.308880652981007131e+01
-5.271181621565146003e+01
3.305312359290326754e+02
2.784966665184213639e+02
2.149440519328352934e+02
3.101858177170935846e+02
-8.070890228094540930e+00
6.081587516241997946e+02
-3.916436904672698915e+02
1.978973819828160430e+01
1.631502396072229715e+02
-2.033872680579482051e+01
-8.326963319577403766e+00
4.828378390651437826e+02
-3.271747944940091202e+02
2.480374757447841887e+02
5.425909829625816201e+02
-1.019261102425179075e+02
-2.140939703208541687e+02
4.457386706150489886e+02
1.037447210109355389e+01
6.179997015537013567e+02
-3.172586092455638322e+02
-5.584792935885251381e+02
-4.957324864531074127e+01
1.661053788350570244e+02
-1.490061465518358830e+02
2.755592946786496711e+01
-2.340100091902573638e+02
-2.174634450241081254e+02
1.918426538102391987e+01
-4.961146272248089417e+01
8.544769453175639740e+01
2.117231754235967571e+02
3.778249413930105902e+02
2.083396998829482243e+02
-1.431708634658591279e+02
-3.177104896460200507e+02
-4.498022256021947669e+02
-1.415345298064247288e+02
-4.577674950728498402e+02
2.257710741453107914e+02
5.920086683032903352e+01
1.346218559924242619e+01
-1.252659623160375162e+02
-4.321722789464748189e+02
-1.469544912829142902e+02
-1.949941190637743205e+01
-3.928578192018406412e+02
-2.995930376455291366e+02
-1.223008910818183779e+02
-3.203583463156849120e+02
-2.301388450916576005e+02
-2.215060526136406907e+02
4.955966516923288623e+01
1.065988751885762298e+02
-1.579400282580597832e+02
7.987503065489366350e+01
3.971366790467297392e+01
-6.962890048840722557e+01
7.092061308861131863e+01
-1.557359445207539395e+01
-1.197112964496279375e+02
-2.602631283640003517e+02
1.490384827996093691e+02
-1.275029151986985276e+01
3.934666516786464854e+02
-5.037141783040261771e+02
-1.616903536734996010e+02
-3.802151603461693981e+02
-3.647278498404814400e+02
-2.924402619136182935e+01
1.488559696572683144e+01
2.007324675041018054e+02
-2.030142524938143822e+02
2.476399799977838541e+02
2.585296416993625712e+02
6.113488250502824712e+02
4.018401574127979643e+02
-1.527442270716911388e+01
-5.018680519953168186e+02
-9.521007166400316635e+01
3.814463230707419257e+02
2.870094593136702770e+02
-7.090205301240836810e+00
-1.020265349349377004e+02
-1.355351552065468184e+02
1.413100191103032159e+02
1.847531868029685498e+01
-7.495627488874232824e+01
-5.880677500459817111e+02
2.337897434963732479e+01
6.985431741627083113e+01
-2.466533028032756647e+01
-2.099388042596751518e+02
4.994129425532667028e+02
-2.501454540282555570e+02
1.653566631655821197e+02
2.796579048861602814e+02
2.682293197210996709e+02
1.182665500210327707e+02
-3.047022763401521317e+01
9.222057536519970711e+01
4.969906509798157686e+02
-3.779902187998612817e+02
3.291669222142575109e+02
-8.457553182865119368e+01
-6.999623110850650392e+02
3.915979130321440493e+01
2.778366863128840123e+02
-2.341408378854646060e+02
3.661032910017289623e+02
2.566462334800104728e+01
2.632151838242142503e+02
5.028489159142711173e+02
5.944406285237962493e+02
-1.313048957781212067e+01
-8.171240530144683589e+01
-1.415272384070248677e+02
-1.983650710209752219e+02
-3.690667773656311397e+02
-6.403399770868563223e+01
-3.660540180190119486e+01
2.586832812531179471e+00
-8.688933542648726416e+01
1.463787176310715381e+02
-1.752543509028219262e+02
3.015200449722141798e+02
-1.276516780167213838e+01
3.465168802697547221e+02
8.106140115170919813e+00
-4.018736083700156883e+02
-4.200203757020980788e+02
1.129073707182633228e+02
4.525357244896932798e+02
2.108572939497805976e+02
-2.772586891565973488e+01
-1.933056765513757682e+02
-1.006963073892832625e+02
-3.179738454957094973e+02
1.070616397909694228e+01
3.819709003103236711e+01
2.492250097326617322e+02
3.921610803558544376e+02
1.261391547435503639e+02
5.517823541278097821e+01
5.599779474262757049e+02
-7.206131894953991832e+02
-2.687944436373976487e+01
2.897343417468071038e+02
-1.749670029394555684e+02
-1.282861549196927058e+02
4.643966429292076015e+01
-2.423445314537531772e+02
5.252716039565689243e+02
-2.265833946222730333e+02
-3.534599767770205858e+02
-5.177516177210260366e+02
-4.465397228173292774e+02
4.450766342309395895e+02
-3.628614420136727290e+02
3.762076674143042965e+02
-3.257304221677096621e+02
3.226034364881079597e+01
-3.927952785082927107e+02
1.164590945533622346e+02
1.850547415148462846e+02
3.617931781018515380e+02
-3.464781184680400088e+02
-2.543538488739676495e+02
-2.639775816733470037e+02
3.405952499566564740e+01
1.596884990193973977e+02
-2.220276630413297312e+02
-6.530253274963206422e+02
-1.415718572768733736e+02
-9.886244411656676334e+01
-1.455297890929098337e+01
5.508137336588215476e+02
2.636273009059626702e+02
1.620813244370654331e+02
-8.726146800426920436e+01
-1.980377009106967705e+02
5.501142942111804359e+02
2.249944720014107347e+01
4.490737429922747026e+01
5.727137536360901038e+01
-2.756152851501736336e+02
1.971349630347510526e+02
3.914395175330800924e+01
5.076870236256666402e+01
-2.400390051154492141e+02
-1.730255821156924299e+02
-1.118186305268776515e+01
4.570210381766672754e+02
-3.272266992977629130e+00
1.422611203220160405e+02
1.880747847738447831e+02
-1.667225431116107615e+01
1.597300780992192415e+02
-4.705167447456683050e+01
-4.470295715321675800e+01
-2.286668538496012104e+02
-2.489907081083282776e+02
-2.750846129139281402e+02
-1.165152946669372511e+02
2.171613580766036762e+02
1.577381984898305518e+02
1.415156222773075569e+02
3.532707770335090913e+01
2.793084965189412401e+02
-2.974142459956435118e+02
-1.993616093512474947e+02
-1.340493930405940546e+02
7.603047990705610459e+01
-2.204370829648933352e+02
2.907454693829503967e+01
1.865520869533950759e+02
-1.415472674307373495e+02
1.953125127302402007e+02
-3.650286508940401404e+02
-5.129669476383209030e+02
-2.363539867572817599e+01
6.396760426095922867e+02
1.719603560082809111e+02
-6.032284407623497202e+01
-1.494937352404649005e+02
6.278961687544846626e+01
1.140655119520401684e+02
1.175569738652614404e+02
4.462588113995523713e+02
7.559709563240504693e+00
-5.505756817283383953e+02
6.172663563860565006e+01
-4.733677455632570741e+01
-3.018967281894340431e+02
-2.312124874083608859e+02
2.407639556345061038e+01
4.668040780088284123e+02
2.049670441687060816e+02
2.074942500365807518e+02
8.366995263508817970e+01
-4.610515899379905846e+01
2.942698341565765077e+02
2.017621195175402136e+02
2.072577728250457199e+02
-3.927741514503811260e+01
3.928123479877617541e+01
-4.068788928831381781e+02
4.145764548184964724e+02
-1.297893971407400784e+02
-1.109532891223022455e+00
3.518038278574408650e+01
3.113031578154007093e+02
3.319098903748178486e+02
-6.029606722013155604e+02
1.023297006568922143e+02
3.131376643448116397e+02
-8.716199149352087261e+02
-4.916276975319571108e+01
4.416802841128808943e+00
2.930606426796067012e+02
-1.464183244771117813e+02
3.708183410470869035e+01
3.204196153591830125e+02
2.749137394468242235e+01
1.535363276379996478e+02
1.955193017912289690e+02
1.877839869573011526e+02
2.382795080743154017e+02
-1.045684044797767172e+02
-4.611809117722143014e+01
-3.647907204307355187e+02
1.632967020336523376e+02
4.342955786231752491e+00
6.074309620866228698e+01
-3.118464381028032903e+02
-3.808219050097160903e+02
2.783310067655177136e+02
-2.470251202416378646e+02
-2.246556869197389616e+01
-8.148393490561900876e+01
4.762015080527954183e+02
-9.607228613146320129e+01
3.744608224879970635e+02
1.362352497780426859e+02
5.310200649799529771e+01
-1.187557898677700621e+02
-3.244372179707357873e+01
-1.024392761544490327e+02
-1.937616919264317517e+02
3.435337180191373818e+01
-5.765333759323991671e+02
3.941875372834541622e+02
3.351322091237177005e+02
-1.289830364181495668e+02
-3.440897435088665475e+02
-1.474294440804375768e+02
3.701896314769861362e+01
2.582723031339271529e+02
-3.443674598186678395e+02
9.503023879492575077e+01
2.276134086184448506e+02
-3.259426435043406514e+02
-2.324563388936555342e+01
1.977586647107214048e+02
-2.267703867146843777e+02
5.354749823391787231e+02
8.112029753122567399e+01
5.272504070698519740e+01
1.242962546067834211e+02
4.438376445615310217e+01
-2.071286467671767184e+02
3.178952380993403537e+01
-2.648034754072392047e+02
-2.528209398089759929e+02
7.776013020947805110e+00
-1.891193834925288968e+02
-4.115723526928764642e+01
1.162991004621948150e+02
-4.907418588587966610e+02
-5.979741375470562161e+02
-1.782934968621923133e+02
1.400788150575319548e+02
-2.603453223268211900e+02
-4.194233343414520050e+02
6.277187295521758870e+02
-3.652858545557813130e+01
3.732449616969892645e+02
3.290345911535788446e+02
4.543808141429642546e+02
-4.323887698965496611e+02
4.134991807869035974e+00
7.403290549782476546e+02
-1.032362837122448838e+02
-3.531066547349944074e+01
-5.022611499811724798e+02
6.267615963729667783e+02
-5.539070669251145063e+01
-3.384653427874287672e+02
-2.167294006213825242e+02
-3.044877863867192218e+02
-1.053098897686800655e+02
-2.853415593406093080e+02
-1.288280784353794388e+02
-3.691353445998012717e+02
1.110085497176246037e+02
-2.082631763339785209e+02
-3.795403085845268834e+02
-2.459548546171609757e+02
-5.077201797406507353e+02
-5.462495739262337793e+02
-9.058797935372086840e+01
3.744805378849912927e+02
-2.053017176310287084e+02
-1.593553693713092798e+02
-6.385252226949983623e+01
3.858700398156486244e+02
-3.220964428115137252e+02
-6.170164733622313946e+01
-7.288464562690059267e+01
2.287730830022663611e+02
2.396999626250221525e+02
1.183701133587747876e+02
2.597211886841759565e+01
-1.241025231801710561e+03
1.184794884145548366e+02
6.289216697027278258e+01
4.030950103101657191e+02
2.379171962005262344e+02
-1.790950706137669499e+02
-4.265634455037121029e+02
5.022073063383126623e+02
-1.443070371472911404e+02
3.631126268512894626e+02
5.668052887419139552e+02
-2.566046949589730275e+02
1.011955756383882346e+02
4.418507719835272951e+01
-2.153376527536013896e+02
3.113259299609004316e+01
1.823211672391946081e+02
-3.242735023005171513e+01
5.441409355173105951e+02
-1.252677817076844207e+02
6.336847189841220995e+01
-1.284970490212329537e+02
-6.340530734365705712e+02
-1.862890166925807023e+02
2.114050587274573800e+01
-8.557806481131958520e+00
1.666467961515034517e+02
3.397948044596366231e+02
-9.518815874352108608e+01
3.072513230935543902e+02
-5.134251379730479812e+02
-2.297259439020442642e+02
-7.316628581713243307e+01
-2.668040123909934209e+02
-7.455230163271235710e+01
-6.731749974056454811e+00
-2.885845116712489471e+02
5.976484619286512867e+01
-2.701080800314060184e+02
3.513184727409409334e+02
-6.628537497488119925e+02
3.615211648279181986e+02
7.727145244611384669e+02
-1.893398017948849485e+02
2.630843448943427347e+02
-5.062028930116533587e+01
2.053228777285378044e+02
-8.476339161432730407e+01
-1.743570295688193217e-02
2.023279037764946224e+02
1.292097017700759807e+02
3.331199039122583940e+02
2.704893147187754110e+01
4.057417176215972177e+02
1.096706807302387716e+02
3.349058170718549832e+02
3.097074815032577249e+02
-5.332381421607713037e+02
7.903360356217403648e+01
-6.712483755786777806e+01
-2.937575784643812540e+02
-7.571581313947361025e+01
2.901911703830796441e+01
2.390626979331224220e+02
-7.738473695761502995e+02
-7.069399016994514895e+00
1.060918403229948126e+02
-1.906581529023926009e+02
3.993235491649666073e+02
4.537527562023981886e+00
-2.468174581716924365e+02
-9.826207321073408707e+01
-4.349922147869678497e+02
-1.449174298115613340e+02
-1.991074352767226401e+02
-1.789952858139074863e+02
-8.311006354110729433e+01
-5.072979325182124057e+02
1.243063485219221747e+02
6.049895998561298782e+00
-1.706384992848241922e+01
-8.485955788548510625e+00
5.138546723334166444e+01
1.564906536908198920e+00
-3.682228966832522019e+02
-2.520577722626227768e+01
2.861834707058371237e+02
3.551889297606048217e+02
-2.723028005520513375e+02
1.168318264645842675e+01
-2.036890032197124185e+02
1.350030233179966110e+01
3.265017583182221870e+02
7.409224347977871048e+02
2.084228080276815547e+02
-2.350890367698810905e+02
2.151499259257023198e+02
-2.722945014767608427e+02
-7.748631400542191159e+02
-4.445905443166473958e+01
1.470494511450025641e+02
4.603832755375797774e+02
-5.578323436559046513e+02
-3.761653121419025325e+01
2.023080328100839509e+01
-2.831724510253404219e+02
-1.158817723177339616e+02
-2.099479290584406215e+02
-1.058452020396804159e+02
-1.996195076277344072e+02
-4.827413948565962301e+02
-5.003735338197914189e+02
-2.009044808398635098e+02
-2.074255435790131230e+02
1.828020093022016113e+01
2.662656097526378289e+02
-3.183840999022398819e+02
-2.720044831345539933e+02
5.047960702455268347e+02
5.091107073680898907e+02
-2.744950675575416881e+02
-3.882749983441395329e+02
1.133027421837201985e+02
-3.004566708588174606e+02
2.091621156880920580e+02
2.543387298524312143e+02
7.731382947356529201e+01
7.537928642960224579e+02
3.630209660148340731e+02
1.163701048514444949e+02
5.532189673561241250e+01
-1.414771568458021989e+02
2.740879963399437429e+02
4.369312536409776158e+02
-5.699128255655065232e+02
1.569374190846267254e+02
6.399607189810294017e+01
2.760600220128539490e+02
-2.477976201327850276e+02
4.497775450013058958e+02
-2.907638562014353170e+02
2.369990986898631320e+02
-9.567718617592579733e+01
1.534160539887518269e+02
-1.977018431559529290e+02
-1.434944303360041715e+02
1.089459114404807423e+02
3.097835336848930297e+02
-2.961379469161223597e+02
5.554773603060097003e+02
3.859970540189436292e+02
8.493907505048990458e+01
9.939952257311600192e+01
2.419076072568527636e+01
-1.606045579936711647e+02
4.090882330038630244e+02
-2.821091882932748263e+01
-3.110029190192700455e+01
-2.563638208225073711e+01
1.358407200245518425e+02
2.094163649059159127e+02
-1.067569868109719238e+02
1.430032516351481320e+02
4.563863687947598891e+01
-3.932579924374353482e+02
-3.186471886899010997e+02
-6.859691623246603740e+02
3.212414219419025585e+02
-1.269667158121102624e+01
1.802406278077872415e+01
-6.770053940470666021e+02
-4.036374517652852489e+01
4.176663526404267941e+02
1.797532055362000136e+01
-2.655677306885440903e+00
2.576594623193788607e+02
4.324608540555248055e+02
-4.989479760933812713e+02
-5.718539743641810702e+01
-2.855423664463110640e+02
5.375289616668894865e+01
-4.262036222693520813e+02
-1.532840244812997810e+02
1.268077916662052615e+02
-2.363775124383269031e+02
3.348811047918592294e+02
-2.011001804180010026e+02
-1.353154819125135475e+02
-3.364048538467754952e+02
2.203894450543538426e+02
2.222741867523896531e+02
7.189874411290649050e+02
-1.797790262830265817e+01
-9.945526241295395948e+02
-3.679072567920164971e+01
-4.226319623291456651e+02
-6.638532126385816809e+02
-1.103160105496667001e+02
-1.848725537437944695e+02
3.003436144091197662e+02
2.508181444683646788e+01
-5.081362223969816938e+01
1.112397293465516555e+02
-2.235988293537592426e+02
-2.330277607565805624e+02
9.849314817774512676e+00
1.473431139805454109e+02
-1.178181428496085914e+02
5.812874992114478800e+01
-2.247080086356269248e+02
1.167393385506205306e+02
-4.152635755369769868e+02
1.912610184365443331e+02
2.615051192865655025e+02
-1.358697785356138965e+01
-7.023568543424566712e+01
7.625142905228622681e+01
-5.906208723845040822e+02
2.093666863923062067e+02
-2.858459682286463703e+02
1.787664707659064902e+02
1.831500150206356636e+02
-3.784178926364239715e+02
-5.022457473081284718e+01
5.801810017107627573e+02
-4.763659555967750237e+01
3.632526750735304972e+02
1.167198504846548417e+02
-2.773281921914911550e+02
-1.931253452848765662e+01
-4.503608732822620198e+01
7.571402190544482380e+00
3.375729379312963943e+02
1.738866818373611807e+02
6.190885879951127890e+02
3.068273953170082109e+02
-6.543108891428137497e+01
-5.057718284588317204e+01
-1.153781473550330077e+02
-1.952987122248933076e+02
-5.349583905092064384e+01
6.422858215494308070e+02
-2.165861047460261091e+02
4.046457398488087733e+02
-1.220309592539069143e+02
1.206059861629705843e+01
2.675309655666390540e+02
1.587071470299493683e+02
1.038628923207280792e+02
-1.229314680643045534e+02
7.836991557705032108e+01
-2.461398467092375597e+02
-1.404115297995185188e+02
-1.373495078086597232e+02
3.421808483957701128e+02
1.685931237607424862e+02
-2.716788262746475766e+02
2.624117615261311585e+02
-2.363519839979910220e+00
4.353871080365028092e+02
2.176704998764566881e+02
-1.852106563703254096e+02
9.206534783689222934e+01
1.767837532482125766e+02
2.371084075630441816e+02
-1.501647874044289495e+02
-2.975377131744460826e+02
3.058090640819534087e+02
-1.705529514928980461e+02
-1.965601636045020939e+01
3.008623980176866439e+02
2.054987452799678636e+02
2.542736820118436754e+02
3.789798141085653924e+02
-4.621895405333366966e+02
2.270910984544081259e+02
2.211234329034557788e+02
4.128639556237876036e+02
8.948574982526844579e+00
-7.832836015318558509e+01
3.282742963975993575e+02
-5.511285025040483454e+00
3.190766419000480596e+02
3.845403404292981122e+02
-3.565801334882870037e+02
2.943995467082387449e+02
-1.618090527052725065e+02
-2.857478085131657508e+02
3.032223395399641390e+02
-7.618125232230082133e+01
2.531096522779186273e+02
-1.383220239643827654e+02
-4.020612710324037380e+02
2.239983848211493012e+02
-9.524381251932805981e+01
-4.142463963877693089e+01
8.166379689296923061e+01
5.228063225386999875e+02
-5.268070215562084968e+01
-1.031040219733090595e+02
-1.046559250156043959e+02
-4.085910647132323561e+02
-2.084677471131724360e+02
-2.451967210229906300e+02
-1.366157315459837207e+02
-1.575558752595968492e+01
-6.368475418967088899e+02
1.337803063395488152e+02
1.923872063375971209e+02
-9.035452954496682310e+01
-3.541082716333472149e+02
-1.178453376612076653e+02
-7.074939907612362333e+01
8.645907629395062486e+02
3.215430153105712634e+02
3.995215047020994916e+02
8.026131189500162577e+01
3.322176641143763050e+02
-8.862821429413207852e+02
-1.764255390336787741e+02
1.304121786021059393e+02
-1.622424566118818348e+02
3.666520176932571076e+02
-8.207447273959748202e+01
7.079712784188227488e+02
3.845912984929598224e+02
-2.879137034865864280e+02
-1.145035333763402008e+02
-5.100071868901560492e+02
5.280100384107588241e+01
6.495113676245071588e+01
4.027742836177461641e+02
5.881361729740851274e+01
-2.868640552921309563e+02
3.855855613180356158e+02
2.757080872108035692e+02
2.802387460684964253e+02
2.696684471973860013e+02
3.653230865574967652e+02
-8.021423901645580656e+01
-2.412044403743265661e+02
2.493075884145235577e+01
-4.678698580169505590e+02
-9.158007587200624755e+01
-1.622151206230557534e+02
3.200099283649652193e+02
-6.825710631574300180e+01
-1.638391360066433720e+02
4.090686096034883690e+02
8.484434808082143320e+01
-2.991681915881442251e+02
-1.184124031548168432e+02
-5.687457922859906745e+01
-4.543640067312529141e+01
2.074576321808839054e+02
-3.357119423676323891e+02
-3.102267409715055280e+01
4.405000965770656762e+02
1.666655715970471476e+02
2.371025180284334795e+02
2.018302130369705480e+02
6.846932234117267626e+02
-1.096955697642690239e+02
3.007885352709489553e+02
-3.962807155137142558e+02
-2.352096790220108176e+02
-4.413193070328727003e+02
4.250951744407698243e+02
-5.466304416442947058e+02
2.714271495020439851e+00
6.919900996368458834e+01
-9.984832736079876270e+01
-7.833106704052958094e+02
1.049429157498302914e+02
5.440162371977451983e+01
-4.479645676295911585e+02
1.627146972263907685e+02
-1.047009974926996101e+01
3.057840417061062794e+02
3.020641482178635684e+01
1.602882564779039853e+02
-3.314367791171256954e+02
-3.496846063581821795e+02
3.390057265223419449e+02
-1.743654659097726665e+02
-3.997506819228441088e+01
-2.622150293592317212e+02
1.158878173457113121e+02
-1.793612277510516435e+02
-3.608481620100405962e+02
4.781626395855491864e+02
-1.960536912211939011e+02
-1.878751834664215039e+02
-2.472460216627129057e+02
-1.914960814804140199e+01
7.449998072689371043e+01
-6.606975012137776275e+02
3.992842398380246891e+02
1.966387839742465360e+02
3.254733824291167252e+02
-1.257332711439844957e+02
-4.636036774447177891e+02
-1.132203689014385617e+01
-1.736673596131058162e+02
-5.469032936547010877e+02
-7.684820094830450898e+01
-8.875426226400271901e+01
7.273875243987559713e+01
5.526439305418396231e+01
-1.745394660598036296e+02
-3.281767161928381142e+02
1.069641221326757261e+02
-1.853765621070342604e+02
-3.960591396258757300e+02
-2.178202011580574151e+02
7.622626374229740804e+02
2.199278295964677170e+02
1.164639089111952899e+02
1.736569476276457635e+02
-5.749837411217394134e+01
6.530994117747700045e+01
3.542921891325140109e+02
1.262405962179898324e+02
-2.806878739839652326e+02
5.536048207344977072e+02
1.715852240674656315e+01
3.264954108053454718e+01
-1.225387716653023951e+01
-1.366140627421113862e+01
-1.545486002470787810e+02
-5.052962083443803181e+02
-3.103568923829969322e+02
2.455483927097764365e+02
2.439830266701589210e+02
-1.224485185645513212e+02
-3.729676352056749522e+01
3.081508607500736119e+01
-1.607894520039631061e+02
3.193103830976432391e+02
-2.584480204291086238e+02
3.350173687963591647e+02
3.009384687201259112e+02
7.027188492479177206e+00
9.800887349198217180e+01
-1.006554204931785534e+02
-8.850668384013617995e+00
2.052470177712712314e+02
3.455572034280594949e+02
-1.810582751803375174e+02
-2.697825834301900159e+02
5.729039824721378409e+02
2.432452640567578328e+02
3.588026591554922220e+02
-1.775310920070114946e+02
-3.094322758815574730e+02
-3.673157355088031863e+02
1.166241256127981529e+02
-2.940307984289925116e+02
-1.894134983122632150e+02
1.165399176235063408e+02
1.294807132837590018e+02
3.027093430618875232e+02
-2.919448905766433313e+02
-1.760660636941456971e+02
-5.292039132999200746e+01
5.273461035729594641e+02
4.148673472411609282e+02
3.591964439771415414e+02
-5.244463348668536895e+01
-2.400212302481274946e+02
-8.821598473915514660e+01
1.815287434594735601e+02
1.368901999318021865e+02
5.043610469106276923e+02
2.817485829975977367e+02
-4.952103228149916276e+02
4.939673943357099688e+02
1.913514834361837700e+02
-2.393157626941669207e+02
-1.155834430247303089e+03
-5.482848631256255345e+01
3.309442414417530358e+02
-3.618199208498316466e+02
-4.871031049788694389e+01
2.573160978961943215e+02
-3.422772384081408177e+02
5.062434546106613311e+02
1.075223081715372286e+00
4.965065494765791954e+01
-2.743344466383470603e+02
2.256214323136179019e+02
-1.444737933513112011e+02
-3.302399953760744893e+02
7.014267962300222052e+02
-1.879672371459418230e+02
-3.407797971521471254e+02
8.353891272662205836e+01
3.940430060721287191e+02
7.536320424949963126e+02
-2.780839648489055662e+02
-1.046191533576424177e+02
2.173399008478544090e+02
-1.629626180651388268e+02
3.881275786250043325e+02
-2.207460737446722021e+02
-6.078163997074314011e+02
-2.415057234644989990e+02
-1.795738473607942751e+02
2.035409423291504822e+02
-2.698339858142550156e+02
-6.494375344227699465e+00
-3.083761722639507639e+02
-3.441145139275143805e+01
1.296322630092766133e+02
-1.106111755793456268e+02
-2.458691159277519205e+02
-1.634493587646164769e+02
5.583373049456054105e+02
-4.995824573665493062e+02
-6.615321723587129554e+01
1.950479060058292191e+02
-4.042394564547111031e+02
-1.210714405206544626e+02
-9.410573220351186308e+01
1.401925284428196505e+02
1.855787159064927607e+02
-1.725101877500191847e+02
-6.642212770476565709e+01
-1.136078447020955906e+02
-3.968383893522581047e+02
-1.601133912184142787e+02
8.786613530589191612e+01
5.535385356982827432e+01
-4.848292108413514967e+01
-2.328817121727418851e+02
-5.317675399738356390e+01
-8.798868463308410526e+01
3.833036203752050142e+01
-3.492967793742280946e+02
4.335237297524675171e+01
-8.332323983288372915e+01
2.262657322723465825e+02
2.510323654959332487e+02
7.628294145673341120e+01
1.602282840238508754e+01
1.750418361900108550e+02
-1.451588855084170859e+02
1.933024309550180533e+02
4.711378895155805324e+00
5.500803632501959584e+01
4.285168869178215800e+02
-2.010408087818622107e+02
-1.204909304387985003e+02
8.059581756887665449e+01
8.577650464532511876e+01
-5.019167566890904482e+02
-3.020395545722763586e+02
9.794075534310455566e+01
1.662095142820661238e+02
1.273571078945300314e+02
-1.001333219137804917e+02
3.273095707410878674e+01
9.127863931819560150e+01
-1.265843514325850094e+02
1.936953536843196275e+02
1.112446377084133786e+02
1.139149848259732494e+02
-1.184486822223938987e+02
3.057477035658915270e+02
-2.634885911804257148e+02
-4.781359656650901684e+02
7.657764113877083112e+00
2.545797620349322017e+02
-1.601968739251961082e+01
2.453893211826355980e+02
3.784077049653316180e+02
-2.416173955548825631e+02
-4.549778300896794008e+02
1.980079308783319334e+02
1.124889239793604929e+02
1.575897616598870457e+02
1.288114401289613227e+02
5.702816091991303438e+02
-2.231640063473465432e+02
-2.143456211535435614e+02
3.222174712537990331e+02
-3.386848450608973735e+02
-7.738345125692347892e+01
-3.300707123129585625e+02
-3.216915005802184737e+02
4.809042364012713620e+02
3.752187985047219598e+01
9.365231489186670899e+01
-3.381187709691616305e+02
1.523657392281236866e+02
2.131814403448236916e+01
-3.004755253204437508e+02
-5.683532557796186779e+01
1.043289358558551356e+02
1.480142422636052402e+02
-1.841337978910098627e+02
1.681245952331079536e+02
5.335633227392982008e+02
-9.857224747844495027e+01
-5.620580823550957348e+02
-3.037190228836433903e+02
6.355948138984799698e+02
5.996767889684514330e+02
-2.670327253322764136e+02
-6.089174520071742336e+01
2.358475189531149283e+02
5.620096915905005517e+02
-1.966039600276703823e+02
3.007402675842185999e+02
1.537168849570714713e+02
8.279179877113531916e+01
-1.766440942695537899e+02
2.113326671102892362e+01
2.985783288808821112e+02
-3.062376283167781139e+02
3.866716565271716490e+02
3.592087931727867556e+01
9.966911594326381874e+01
1.476003114114904804e+02
1.047830296373921755e+02
-3.321237407573804603e+02
2.716623959779797559e+01
-2.800453776586457479e+02
3.992393290104222956e+02
-3.670572275835308460e+02
3.651796154962056562e+02
-3.587397391016019697e+02
-4.738831419207357385e+02
-3.075517740329494814e+02
2.707825947062507908e+02
-3.038537234507355720e+02
-3.826459572328903391e+02
2.415202373750162224e+02
-1.095563985196239685e+02
3.858052149402667510e+02
-3.873510615786811400e+02
3.071507607400199618e+02
1.127249050273300242e+02
2.215315477717719546e+02
-3.966988838948996943e+01
-4.892443463720869659e+02
3.831658590041615184e+02
2.753396021374216502e+02
-2.006202726339022888e+02
-2.260314575219781830e+02
-3.776730655562807897e+02
-3.306527206868076973e+02
6.379197838459437975e+01
-1.128288577478186312e+02
2.486158098186241148e+02
-2.258913046164092009e+02
-9.747052725666738127e+01
-6.355357116945001508e+02
2.447129998373803801e+02
-1.328685152569964885e+02
-7.884496799853681637e+01
-1.790532861207354642e+02
-4.164442140929472771e+02
1.690266549290270461e+02
1.103711104183305309e+02
-5.894108498806020862e+02
3.244866009184081008e+02
-1.151954395632888577e+02
4.529397423541278727e+02
1.744095146475054889e+02
-3.146556837933572410e+02
1.344116422829328883e+02
3.702621550577036658e+01
-6.480702169672832724e+01
-2.759054794265784381e+02
8.774380408304844536e+01
-3.847745133965142941e+02
2.593700490919489425e+02
-1.385068294804202651e+02
7.692194976911028448e+01
-1.252993245457053888e+02
4.132183239007788984e+02
2.570702835784586568e+02
3.247105011272618640e+02
3.669441201431269519e+02
-2.222553194642763401e+02
-7.871291348974621371e+01
-1.787615131927230152e+02
-6.527556530748120167e+01
-1.789093204187356037e+02
1.510347354451420721e+01
-7.919423816717126385e+01
-7.089545384496854297e+01
-3.275389000646144950e+02
1.387600390069740399e+02
-2.093789784047577029e+02
5.604198081078235028e+00
5.226210661538735849e+02
-1.642894970966821688e+02
2.746271478000379034e+02
1.321680219882292135e+02
-3.627591043929161856e+02
-4.427915363098283592e+02
8.862375795740730311e+00
6.673266983588777066e+02
5.215057131440864424e+01
-4.240501145603314370e+01
1.048455107914816153e+02
1.955537543803340839e+02
2.747070578126068767e+02
-7.257287443238438129e+01
1.985892371184966692e+02
1.080838770431278562e+02
4.623790794703997449e+02
-9.049375883850127593e+02
5.383812767555945129e+02
-5.131955538127222098e+02
7.521516366382589069e+01
1.513998697462800749e+02
5.588069432150782632e+02
6.560957477966214810e+02
-6.992455112579682464e+02
5.402615672349704710e+02
-2.526451990012051567e+02
2.756537557837486361e+02
3.175574620657235414e+02
3.419777761411356778e+02
6.039187479591897301e+01
-6.384015138024590215e+02
-9.003382947045768958e+01
-1.015530843407423163e+02
-4.317115995896925824e+02
7.927642478760358813e+01
-2.250685121280393446e+02
-3.498468139769632330e+02
3.615111260471950914e+02
2.726077562506654886e+02
8.040070560989448722e+01
-5.435022803876613580e+02
-5.565850302634347599e+02
-3.518724243240793044e+02
1.396424785122270293e+02
2.109160433646190711e+02
1.032983880296682884e+02
2.843305897169948935e+02
-3.016580981189293453e+01
-2.181153370319600242e+02
-2.461678149602479664e+02
-2.017338567593020571e+02
4.616386071147994841e+01
-8.895554479247822144e+01
1.829072779385147669e+02
3.541696841178895738e+02
1.200075752195546528e+02
-2.386004754788014637e+01
1.502982802426071203e+02
1.351903860993013780e+02
-1.601944307990865468e+02
1.866251520714862124e+02
5.828981836692079810e+00
-3.768157859622776868e+02
1.968532547854668451e+02
5.829947980227001381e+01
6.893923707806529819e+02
-6.994445415906354810e+02
-4.262978340658684715e+02
-5.206714796413313024e+02
-3.736630123581161342e+02
2.053978763488597679e+02
-1.339398928075281674e+02
-4.685131327237174332e+02
-1.163764587389766376e+02
6.747901411054846221e+02
-2.830479433828271567e+02
1.410610134607961186e+02
-1.539669319902328937e+02
-4.168200418266601446e+02
-3.922559858373148813e+02
7.184040637288201481e+01
-6.105196069256161451e+01
3.446967111129796422e+02
-2.172255316006558985e+02
1.365861480063141755e+02
-3.684732477329483231e+02
2.485170420045361439e+01
6.634733954702677750e+01
-9.870941043879696508e+02
-2.610827637884844421e+02
-8.438839022504547316e+00
-1.530825314057620679e+00
-2.514000558659861895e+01
-3.873306651872620705e+02
-2.659193598711462982e+02
2.386813181985155268e+02
2.346213873095986813e+01
4.682846578820058880e+02
-2.741392868795564937e+02
3.200896238483177285e+02
-3.864366272696200895e+02
5.374685197188014172e+02
-3.426345106198323265e+02
5.918516780816118228e+01
-1.157237285563065257e+02
-1.146689040639700181e+02
-5.240765302816417837e+00
-2.671561671924709458e+02
2.236307799393662208e+02
3.254385385979016405e+02
6.021013530541417680e+01
3.530124971935791791e+02
1.568381504690760053e+01
3.473314338529621637e+02
-2.211601076290573786e+01
-4.815017238515879683e+01
6.798072398176446995e+01
-1.427271775268931435e+02
6.969418235014850360e+00
6.863524932125169187e+01
-2.143024620793740382e+02
4.866480197438148991e+01
-3.742385886023865282e+02
3.034064435206587973e+02
-9.642307531439053037e+01
7.185657208153772899e+02
-7.612168409909931199e+01
-7.205640899938323400e+02
1.580040492381338595e+02
-7.842945397634787241e+01
3.041924535657635147e+02
-1.311547805678432326e+02
-8.637798537117886610e+01
-1.697987481382143642e+02
2.142146040994284988e+02
-1.874987101024446474e+02
1.235378875417915197e+02
-9.117965885019096106e+00
2.147614050558376562e+02
-1.458642385326772057e+02
-1.922610373940925115e+02
-3.403113232642836010e+02
-2.832477005762018507e+01
-3.629540957695766110e+02
4.026485146834543798e+02
-2.377156668497287342e+02
5.453726926181106194e+01
3.979392497882464568e+02
3.504051222635058025e+02
4.745565560676898826e+02
-4.301584171314947866e+02
1.287447349366671645e+01
1.753981197520639057e+02
-7.766474152115070240e+01
1.601303605522631130e+02
-1.554688881382665500e+02
2.120575828774402396e+02
2.908761008972239210e+02
-8.943407638800314885e+01
4.312584498911249398e+02
-1.141837649135295294e+02
-2.921304348389673464e+02
2.241585194526917917e+02
4.627169179980294871e+02
-1.172555455662597126e+02
-6.581459243330625668e+02
5.929849829815670148e+01
-3.800814978401253370e+02
-5.519840391776925514e+01
-1.240154192315347501e+02
1.634441834687960782e+00
-6.838776495648032778e+02
-2.416263793020934258e+02
-1.269839877204221494e+02
-3.297271561940985407e+02
-5.716247223880824322e+02
1.825972073237245752e+02
2.685401823288620449e+02
1.616985755603222685e+02
-7.995061305132794871e+01
1.429402726037343143e+02
-2.563718296976592796e+02
1.519500876395816817e+02
-5.751002019539350840e+02
8.748004927294212507e+01
2.185809781309648940e+02
-1.045369206990054423e+00
4.209294661503661814e+02
-2.723139359290524908e+02
-4.453377379286774271e+02
-4.213857172938914175e+01
-2.163556988202667952e+01
1.849255400260784086e+02
2.103144501656606167e+02
-7.773418456314296066e+01
-2.213978681229480401e+02
-2.518643192151879759e+02
-2.300607477915612833e+02
2.158162750266142780e+02
-5.009129482140759819e+02
6.088380277667316705e+02
3.251119566734222985e+02
2.267544001896562804e+02
5.168984617952702365e+01
-1.378401160263609597e+02
-4.177004785330988739e+02
-2.899604686306983012e+02
-6.048960546759028603e+02
-2.342153801240432642e+02
-1.523549652804379129e+01
-1.207985773993793259e+02
-4.150570728934948050e+01
4.512084240487968714e+02
-2.081991622054695483e+02
-6.335141568093630440e+02
5.854569516931493922e+01
5.576290501801327082e+01
1.975838468387017315e+02
-6.299026410034605306e+02
3.335025584072943730e+02
-1.562123500349449614e+02
5.190131138118013041e+02
1.859561544492242433e+02
3.328455683798053997e+02
3.592871799139141444e+02
5.441543741852032099e+02
-1.836180332025218718e+02
2.360922340987411587e+02
-2.248493419671855520e+02
-1.011629337830045294e+01
3.678029361299959987e+01
-7.879409048818628492e+01
-2.596920602498202584e+02
1.240507802770470391e+02
-6.026655421127921954e+02
3.603151021223462749e+02
3.753482678719792034e+02
5.253905066731871329e+02
-4.482710892405501681e+02
3.420253707185242433e+02
-1.287496669493566515e+02
-7.207062110277560407e+01
-4.891073520433246244e+02
-3.634260028832956664e+02
4.634935401634566574e+02
4.227583166967131234e+01
1.354324611063404120e+02
-1.901071127242902037e+02
-1.690049750536412603e+02
3.259793432530336759e+02
2.291126184033988409e+02
2.677426811442256280e+02
4.226490128747842334e+01
2.374228378892687772e+02
1.405121156052279048e+02
-6.636325259212593437e+02
-1.268567048410058220e+02
4.501367409208224331e+02
-2.548745992301497836e+02
3.425156802776739173e+00
-9.277925349331329130e+01
-1.201278496221726328e+02
-2.906838112216595960e+01
-2.263188024731191490e+02
9.523913776721533964e+01
-5.415623585880207429e+02
8.488463931615945057e+01
4.738403345844054115e+01
-6.311605827334836505e+01
-2.809222161471236632e+02
-4.718803340610340342e+02
3.776983696410902098e+02
7.096596473458710079e+02
-2.481284190197082751e+02
-1.506803381208172254e+02
6.364756399580106461e+01
-3.029774911642101074e+02
-2.637539166048046582e+02
-4.625759759672336031e+02
-4.365282176305800022e+02
-3.187971050392514627e+01
-2.635551593431455899e+02
2.403369669571286238e+02
-5.977469883627474445e+01
3.278551977772153805e+02
-8.512035623139058771e+01
3.043814377948646097e+02
-3.860781485799256529e+02
2.243775786748306800e+00
-1.159532327726798684e+02
9.179202353247488588e+01
-1.865655855066526101e+02
-3.404512142362866598e+02
-1.734307276500264265e+02
-3.499720428046034471e+01
-6.247686259396291319e+01
-1.053536913783349434e+02
-2.455160107031358336e+02
1.217664450975114363e+02
2.186469527766764998e+02
1.850198719330177539e+02
1.975854572484693961e+02
-6.101125602641200629e+01
-1.104154619916118776e+02
-4.255613838207960953e+02
4.736524227031275132e+02
-1.607047281779858849e+01
-2.573544850024172774e+02
1.967597012396650484e+02
-1.878219652263253181e+02
-2.478896467935420276e+02
4.151586086087737613e+02
1.928206417610965957e+02
5.142108234729372498e+02
3.979048295760359792e+02
-3.964536742091498667e+01
-2.495016073253141542e+02
-4.724145123176089669e+02
-2.819473173109207664e+02
-1.508318675529914401e+02
2.862489612399741645e+02
-1.607713913572510194e+02
5.158781425738692406e+02
-2.545248521556059984e+02
3.375462398536897695e+02
-5.792513924652570978e+00
-2.610102358233643827e+02
7.197293418674969701e+01
1.833679541842166927e+01
4.077072263699061239e+01
-1.653852065389169468e+02
-1.431941727558482924e+01
1.009208446239046140e+02
1.528582443151039740e+02
-3.968920221839134683e+02
-2.585026800235941735e+01
-7.024732647687587814e+02
2.885503750289786353e+02
-1.666472752465298584e+02
2.748166731733423376e+02
1.088901172082762088e+02
7.958420951915972807e+01
2.928939181805350245e+02
5.346458445851241095e+02
-1.792924892523359119e+02
-4.376223995141349121e+01
-2.763707292222363208e+02
1.912327053817850286e+00
6.596934600740271435e+02
2.260050959195119162e+02
4.113002088250697170e+02
2.052983688324002287e+02
-2.014770778909783360e+02
3.580557834974335378e+02
1.194583208526990745e+02
1.332655175144309112e+02
-1.313276879383045923e+02
-3.997514898110421768e+02
1.384624770209354949e+02
5.247536599423450525e+02
1.779612074576322414e+02
3.975282487144304469e+02
-2.902119297165916123e+02
-1.384641795805529263e+01
9.700146053131739166e+01
2.886436528087059514e+02
-3.179592878157396285e+02
-1.455775566246012431e+02
-8.208463676547461318e+02
2.724497683258675451e+01
1.792072584961109385e+02
-6.612755815698694732e+02
-8.120827052643207935e+02
-3.613066718285016776e+01
4.619960870518293916e+01
-2.142600002088258293e+02
-2.140157091835057486e+02
2.707167150255220918e+02
1.447083433236932422e+02
-3.718565638226760370e+02
-1.115449662709755216e+02
-2.579139057694360417e+02
-3.255786797279961888e+02
3.181086481920485909e+01
-8.498564101921465408e+01
-1.491873486516173273e+02
-7.399116071526581351e+00
1.860882450769996126e+02
4.198016695420004112e+02
3.590862468354864063e+02
2.972020537329240710e+02
-4.428735600686272988e+01
3.126764310679595837e+02
4.462224118508379433e+02
1.570945545188524761e+02
2.836379512573691954e+02
1.746307500096752463e+01
3.989286847780305152e+02
2.503021052907304806e+02
-2.448530606173961530e+02
-5.454782401002720462e+02
2.727810169130472673e+02
-2.705527921108439315e+00
-9.739141935186299293e+01
-1.797311549442256080e+02
5.972520333152833416e+01
-1.947370870417247204e+02
-1.482995435379203002e+02
-9.056243017151750507e+01
1.862287075639451075e+02
4.052820177200879357e+02
-5.744381563533661250e+00
3.043885649359070840e+02
-4.291545832174330712e+02
4.723102761968762024e+02
-6.123727595309534166e+01
1.367434377537572345e+02
-5.147034546255007825e+01
1.793271879655972327e+02
-7.616539215531525997e+01
1.546851594201433500e+02
1.614735882987635875e+02
-2.153692882232003569e+02
1.275568538424457046e+02
2.576469003386703776e+02
-3.123537772990933377e+02
9.686559680771526359e+01
8.158337338755791279e+01
1.682642679056317263e+02
-1.008456237208014983e+02
-1.928980398595552117e+02
3.030551123360028782e+02
-1.512180593288085504e+02
-1.663865004215996066e+02
-2.329666366693749922e+02
1.621822315707201199e+02
1.408161764668946887e+02
-2.100010993559812960e+02
2.279805892637897387e+02
-1.274781764938215076e+02
-6.136334632980325523e+02
-3.100371467498610034e+00
1.532711517800490526e+02
1.094437477350387695e+02
3.201650291048241570e+02
4.026258212454550289e+02
-4.754070410554311934e+02
4.960326001218332408e+02
-1.792975171629860540e+02
2.002306642794112292e+02
-3.907069716833350981e+02
-1.890698725693626727e+02
-8.173030932919155589e+01
-7.441403654311061189e+01
2.644238473952988784e+02
-2.733315273561697722e+02
1.306658654247203799e+02
3.554302658836651290e+02
1.905601057311529019e+02
4.294920127768058364e+02
1.030768562422295531e+01
-1.179758636996276238e+02
1.753948149822222433e+02
-4.868719562830601717e+02
2.548921567538149588e+02
2.021474116766604254e+02
1.805207911707337018e+02
2.799049288865366947e+01
2.933820089325985236e+02
-2.373268305857618259e+02
-3.197579028196242916e+02
-1.099652212634549358e+02
2.030380241128736145e+02
-3.264271310863146596e+02
1.395569481732666759e+02
7.222303076939320476e+01
-1.949070839228530190e+02
-4.257085807878540322e+02
1.596191795311720796e+02
5.685473329809565257e+01
3.275884053442754293e+02
1.931613224387242553e+02
-6.849253241880508369e+01
-1.764341472202567616e+02
3.955536864841221956e+01
-4.271972998809992532e+02
1.301985758877574995e+01
2.949513764033354164e+02
4.825693339011196770e+01
5.176355286565097913e+02
7.162475971343010315e+02
-1.516566429931822029e+02
-2.210144831590163221e+02
-5.775843157927873790e+02
5.250469025458135519e+01
-8.952434495127889136e+01
3.533963740786278436e+02
-2.218055564548424741e+02
-3.860180864922779165e+01
4.894324213958700511e+02
-3.207768758124185382e+01
1.464816539499837234e+02
-1.095473490498044953e+02
-4.452079592279799272e+02
-1.791832343144159552e+02
4.784609321703367755e+02
-6.273541605496559441e+02
2.792198105308966305e+01
9.287050031520061566e+01
1.520473100967381299e+02
-1.210002523394237812e+02
-1.964489023755266430e+02
1.327381238298281119e+02
2.277400994951574731e+01
-2.362024234289483786e+02
-2.887174282687924887e+01
5.738554106335364935e+01
1.580056995095163757e+02
-1.742431350734327111e+02
3.452313840827318359e+02
-2.051745135109754585e+02
-1.601498403769244874e+02
-1.753587028777417061e+02
2.280940133591199697e+02
-2.386911276034679190e+02
8.703313511602424057e+01
3.587537699462763499e+02
-6.892208635068986666e+01
1.521355976978416038e+02
-1.640837304943538584e+02
3.927329797050437605e+02
1.925691924406304452e+02
1.250311256048852186e+02
-7.927150710251618548e+00
5.341343539192414482e+02
3.006252111996020062e+02
3.509125955083061967e+02
-7.289275073931165139e+01
1.083948281441226413e+02
-2.176768648651757871e+02
-1.417892211860433633e+02
-2.140286885593692148e+02
3.178899836410139983e+02
-1.913226438786460903e+02
1.158840092942884041e+02
-3.615198576090323854e+02
2.707912808989348150e+02
-8.322495018068040906e+01
-3.014812288928008002e+02
2.993031971520052821e+02
6.270576218501593502e+01
1.883858273785342874e+01
-7.642942580252963580e+01
2.246125890930431410e+02
-2.390380266289034239e+02
1.717077278458457812e+01
-3.528608954610262458e+02
1.517154287115258455e+02
-1.832197880409257778e+02
1.588586464907271534e+02
-1.700979130891941793e+01
1.143773494849570653e+02
-1.028482616935149849e+02
2.291074576650632650e+02
1.359380932974488019e+02
2.237509194074842185e+02
1.242160370399528659e+02
9.478059885208480750e+01
9.562082772818824594e+01
-1.483827061313360218e+02
-3.127557905516143251e+02
3.995684157133789540e+02
2.778273999543594073e+02
2.466492710413851910e+02
-1.390563520354505158e+02
-5.627773332510702176e+02
-1.611739909819987417e+02
-5.975071008751966701e+02
6.138478817258472873e+02
-2.991586033665118407e+02
-1.830596757855438170e+02
2.532726981551556378e+02
1.191524842280811924e+02
-2.386977713590974020e+02
2.711106356419647341e+02
3.112348237635673058e+02
2.020393144843155540e+02
-3.213471501611961685e+02
-4.250214790237221791e+02
5.858670206057167889e+02
1.579132382551719083e+01
-3.528608182424441111e+02
-4.978497850263042892e+02
2.057037160049642921e+02
1.677231316823789200e+02
-1.444683879751735311e+01
4.978039426901510183e+02
-8.737266206626409826e+01
-3.544708095093118914e+02
-3.434523479949214106e+02
-1.238821022574990423e+02
-8.586959279201175832e+01
-2.521054525666103814e+02
-2.880410253915688372e+02
6.095681757174958193e+02
3.134046456713508064e+02
8.525695613206934809e+01
-2.835531595728454022e+02
4.760570499797290722e+02
2.833653340099999696e+01
-3.261222843925813208e+02
-2.444213436018725076e+02
5.953613613210825406e+01
-2.913645291682397342e+01
-1.152297168632374849e+02
6.161741176302047052e+01
4.066829074293179360e+02
1.217133152141563102e+02
4.066602175649750848e+02
-5.417765650316803203e+02
-7.840838123719853456e+02
-1.239236342744803210e+02
3.611262769908434507e+02
1.094421476335448631e+02
-3.286320433749355630e+02
1.024259861077708393e+02
7.114572553692638621e+02
1.569042856630148322e+02
-2.886054125384406177e+01
1.015435423904038998e+02
-6.967126179709408689e+02
4.784747593633122733e+02
-2.948753835541327817e+02
5.080513182172317102e+02
-1.286922787905268137e+02
4.889114245834621215e+02
3.960376591584183643e+02
-1.777778872021368954e+02
1.764377479078194355e+01
-3.239651818912443559e+02
-7.837993267896528948e+00
3.671035686423761746e+01
-1.329826315725943289e+02
-2.786110610352964656e+01
-2.964143371096059809e+02
6.205438363918133859e+01
-8.024105613165197610e+02
2.100475271530732755e+02
9.807978807658248854e+01
3.878735351743121100e+02
-2.406725688744473359e+02
2.847072897418030379e+02
1.463794852607167485e+01
-3.200677929211418018e+02
1.011144858799875124e+02
-4.918404616458403780e+02
-3.773287373510099769e+02
-4.085994688575327132e+02
-2.464993517391287270e+01
-3.421886672196404220e+02
1.254167953272152971e+02
1.816833835345733803e+02
4.409392328932387528e+01
1.259163449282225287e+02
-4.898399488409867217e+02
-1.077271924197990245e+02
1.878252947383380729e+02
-3.265272570794599005e+01
-1.780927618724516392e+01
8.495553025434223855e+02
-3.043583554710580188e+02
7.836312190188725424e+01
1.720459976507601993e+02
1.173335643854723997e+02
-3.313075936271798696e+02
-5.274675051525888421e+02
8.317000037525467349e+01
-1.280663484860834842e+02
3.267153569811520697e+02
1.739979331860931495e+02
3.073058656976895691e+02
-3.957408186621937034e+02
5.575275087914754977e+02
1.514667559385833684e+01
-3.441361666952598739e+02
2.304345531898553929e+02
1.356696452364640777e+02
2.323680282262257322e+02
-1.274427818798779271e+02
1.595884181614189288e+02
-3.453349289534027093e+02
1.589503020373181528e+02
4.252511845022809922e+01
-6.761486093154750279e+02
-3.079819390802963994e+02
-1.489874111555300544e+02
3.216710877054789535e+02
6.567175070001125903e+01
3.491530048092554352e+02
-2.754174613037761343e+00
4.386091864147907131e+02
-5.836571896552241014e+02
1.173862428748002174e+02
-5.202096286950010295e+01
1.374679241110177941e+02
2.321101765520278377e+02
6.240756281469912210e+02
-1.444834429624892778e+02
1.612898109621815763e+02
-1.233308322627874816e+02
-2.695997615370379776e+02
-1.403457703230445190e+02
8.466250874741412247e+01
-2.898347332761708373e+01
-1.670809397057044805e+02
-1.214948049493165314e+02
1.442059078858334829e+02
1.514770838803405013e+02
3.574796783974452108e+00
-2.136611411650293633e+02
-6.588425804366478644e+01
