-3.462455388239016543e+02
-2.953715670776667253e+02
1.803033253996515555e+02
-1.607608591178947961e+02
1.118838746004768439e+02
1.221706170769722775e+02
1.944135017049796588e+01
-2.990847333246978792e+02
-4.772393066980146870e+01
-2.325325606780262149e+02
2.000823212071123294e+02
-4.333970410592224312e+02
-1.024316566808794420e+02
-3.204281493354713461e+02
-9.549216646354006244e+00
1.336224067618973379e+02
-4.737543930063930588e+02
5.736653336684877331e+02
-9.234296608822085091e+02
8.881958947739830137e+02
-3.043588850369103511e+02
-3.399889224643803232e+02
2.249858311663138579e+02
-8.453003918837765696e+02
1.718073149635295351e+02
-4.832192704963936194e+02
-2.178618655664449477e+01
-6.855409414801323464e+02
-6.561700490767991312e+01
-1.778071948794677724e+02
-2.614990286944885725e+02
-3.738779135222785044e+02
1.630372756216178800e+02
2.724454835382506985e+02
-3.032863721749463366e+02
-6.174124944543989386e+02
3.739627042673665187e+02
-3.207141284915990553e+01
-5.246377951704303086e+02
3.811589492899818765e+02
-4.280312642524673379e+02
3.842774303284127768e+02
-5.984638713759996875e+01
2.510858833084476771e+02
1.601486972935739175e+02
-1.050078470304082430e+02
2.621632087727007843e+01
-4.671082841847116924e+02
-2.013914396376518923e+01
-2.179381115550134211e+02
3.281018740409088537e+02
-7.039300963456394129e+02
7.889253379262662520e+02
1.579286003040812716e+02
3.216364969674592658e+02
4.694782398035551978e+02
3.368519424299932439e+02
3.658721118885484316e+02
-1.239081742017886540e+02
1.610880100968647355e+02
-3.247989735869955439e+02
5.430556085203977545e+01
4.111274487653896692e+00
-6.728619886675239741e+02
-3.871684578407617892e+02
5.793633878472802508e+02
2.900138473248247806e+02
-5.858546587234498304e+01
-1.245450966332473541e+02
9.528877050029491613e+01
-3.441770954687040103e+02
-2.350162362867793888e+02
-9.849197545384964769e+01
1.736326946561629541e+02
2.362221772894629623e+02
6.667411514854691177e+02
5.310854409278404376e+01
3.260000125878218569e+02
-3.102055898418361721e+02
-3.156020397654869498e+02
4.500927248684782001e+01
1.041893367803642008e+02
9.482736718132744613e+01
3.744632256790541902e+01
-9.560029572441811752e+01
5.856451785425973640e+02
-1.364396927590543100e+02
-2.107578704698991032e+02
1.447878819502762440e+02
3.776141589139380130e+02
7.413901994441741863e+02
1.209192865550103164e+02
-4.502122201934572558e+02
-1.749863000111087104e+02
-5.010044238324153412e+02
6.235795589303937732e+02
2.290307003253362836e+02
-9.021328477935987848e+02
5.102637298877733087e+02
-2.693603637180605119e+02
1.134634515003211241e+01
8.264035982611328546e-01
-3.572377745352939087e+02
2.571380417664661877e+02
1.559057769940416165e+02
2.612731464014827907e+02
-1.516728866332833547e+02
-4.949672253956497912e+02
7.519955311887299558e+02
3.537414330995993055e+02
-7.059367702834440479e+02
-3.915121165273004635e+02
3.498698487978737717e+02
-5.223058743113272584e+01
-9.437054505350416775e+02
3.364691136067731350e+02
-2.935130097547229866e+02
-4.666351190128672783e+02
6.541986869591892173e+02
-4.017097966297434368e+02
-3.709209116264860882e+02
3.215200793908147148e+02
-4.600903933712312437e+02
-7.939315240144770769e+01
-3.097346068545953131e+02
2.204517875118294512e+02
-1.232328803195332370e+02
-1.748375165368741193e+02
8.629510902943694362e+01
-6.480451019868309004e+02
2.166416362121858583e+02
2.832958698846400125e+02
3.862845297142319509e+02
2.026306912727409610e+02
-2.156677722859711537e+02
7.237574110749383181e+02
3.077160596405857405e+02
4.317013043645422954e+02
-1.128308384535094575e+02
2.996005917497171112e+01
-1.043974982297643379e+02
4.487485930850089062e+02
-1.966935498385557537e+02
2.712835269533044880e+02
2.890539402184016353e+02
-3.668969698921384293e+02
2.158482690892320761e+02
2.454916232905134734e+02
3.585911341038699334e+02
3.301061307639444067e+02
-5.266065852207440834e+00
2.803347574519818863e+02
-3.033826186094247532e+02
-3.681628356733946816e+02
7.155387745581332126e+01
-3.658953461977889532e+01
2.168990195717560425e+02
-1.287325778922077291e+02
-1.652847306203838116e+02
-2.035851338126109056e+02
-7.020853584379162271e+01
-3.166183427260591543e+02
-1.142630849891980063e+02
5.460380595507269419e+01
-2.765744120511709525e+02
-1.651416415285780772e+02
-2.195685072407767393e+02
-5.488867080240792120e+02
2.196613490990946218e+02
2.043015411330160305e+02
2.379095783456060644e+02
3.001318944421263950e+02
4.396460923145177162e+02
1.576540916856316983e+02
2.752690816052063951e+02
3.650955315212643200e+02
2.978281930001134015e+02
-5.809753236704067803e+01
-8.379880624103753917e+01
6.353883522136572992e+02
-3.357684605022506048e+02
-7.562476925952455531e+01
-2.648526110638166529e+02
-2.800036939639085176e+02
5.119419398310064935e+02
7.576273187492762240e+00
8.488993932993004421e+01
3.139318882748173110e+02
-1.047370021554776685e+02
-2.183871307765816425e+02
1.164932582695534364e+02
-2.932598074975654185e+02
-3.722483630512980994e+02
-3.261355813674194337e+01
2.396831320218597625e+02
-3.488361976624739924e+01
-3.355581911763381981e+02
-3.836542923151178002e+02
4.070064995189962360e+02
4.434330922442832730e+02
-4.333075990080982365e+02
2.329797579065804030e+02
3.540367607685728046e+01
2.411575708807301908e+02
2.002641300814420333e+02
5.415619236501831892e+02
-3.532637733965898974e+02
-4.217832176648396398e+02
1.131802409638542741e+02
9.274835576422472059e+02
1.098365337083721585e+02
-1.046387409316827899e+01
-2.148425552898726210e+02
-3.085341646299363561e+02
1.353001484453808985e+02
-1.325331192833886860e+02
1.343181647679668913e+02
-7.500841334925777346e+02
-8.486636107520597534e+02
-2.549505071501228883e+02
5.121087268030693167e+02
-9.501046422945296399e+01
-8.593847104163990025e+01
4.098307266144759637e+02
8.283529886242577334e+01
-1.512737530041323168e+02
-1.845243925428028149e+02
5.506767635212243022e+02
1.007185894406206614e+02
6.316353080394521413e+01
-4.139789087210052685e+02
-3.127314257120643788e+02
4.823944020223278244e+02
-2.063035114048284413e+02
4.715395338705966424e+02
-3.772391321936506188e+02
2.201809316099835598e+02
8.868098301928243643e+01
4.738888261556581369e+02
-1.880052315980647961e+02
4.545306765131218185e+02
3.433906348007188569e+01
7.871790660523393512e+01
2.510440765889665897e+02
2.865334349616773579e+02
-6.901626099365704192e+01
-2.151828403294296095e+02
6.349119544692982799e+02
-2.077276611157874129e+02
2.795212589156663512e+02
-5.389795446907471614e+02
-1.912159285228370464e+01
1.485443112559174210e+02
1.417395368384700021e+02
1.922042582011235652e+02
-1.281221670191205320e+01
2.902367246667200789e+02
-1.063569100597485289e+02
1.291258517932503764e+02
4.905692664471321507e+01
-1.511953597738005328e+02
-5.106856211955109615e+01
-7.997219039994944545e+00
-3.260705285416833590e+02
1.683730907722113841e+02
5.168037798001676464e+01
7.020560995365754025e+02
1.802532209633274931e+02
-3.038535413091050827e+02
-9.831918636999625960e+01
1.622022241562998772e+02
1.660221855406197449e+02
3.525664901992021214e+02
-6.960125894538295199e+01
-3.509971127795211601e+02
-2.373871017318391523e+02
2.296051998533007463e+02
-1.942529236713931766e+02
5.621363080410685598e+01
-1.709283647592057775e+02
4.641913723627848753e+01
2.904302774710722019e+02
-1.332963602961134200e+02
4.152178608616631550e+02
7.526933774743840289e+00
-9.945968213051209261e+01
1.078568277692678379e+02
4.375150236657945584e+02
-4.610572416614763256e+02
1.132645113869812121e+02
2.079022897824600307e+02
-2.317473122452926759e+02
-3.261366501013082484e+02
-3.268934775633022127e+01
-2.185844977097663389e+02
2.315020956818212312e+02
3.182559308533428748e+02
2.726136975546743884e+02
-3.120921485414772860e+02
3.033978788077967579e+02
-5.697864050847005046e+01
-6.775107197373641839e+02
9.474842673976601759e+01
1.307927354113644753e+02
7.737849597878692087e+00
-2.140546809273086808e+02
-6.152522782838784678e+02
4.754192957050398149e+02
5.918945403138930033e+02
2.148440294482226136e+02
1.071865498990164838e+02
1.945355532362015936e+02
1.793883447168702787e+02
-1.297591867880969119e+01
-5.204082923519059989e+01
-1.420897693364210035e+01
-2.244326779791629747e+02
4.423048983666877234e+02
-2.582080432345305780e+02
-1.136487422759469581e+02
3.156477432413580004e+02
4.243077263580968861e+01
2.921137701039440913e+02
-2.269131259700122030e+02
-6.904553007745012394e+01
-4.808934448604988461e+02
-4.787858426368712230e+02
-5.962994572674211895e+02
4.550020560646676131e+02
-4.827267492230443509e+02
-2.652386706160305607e+02
-5.623912207880706546e+02
-4.733558917000622301e+01
-4.081275887932968089e+02
-1.872100553038903854e+02
2.707211551029552652e+02
-3.325401963807701122e+02
1.544703415572111851e+02
-5.100954977092782201e+02
3.223912878778606910e+02
4.892262325762936825e+02
4.281384508159984534e+02
1.223635279432746472e+02
-1.934346971699706614e+02
-1.484637713281011884e+02
2.575130533197362297e+02
4.977377051384819850e+01
2.938510268141796473e+02
-1.613435245439844437e+02
2.617608150837722292e+02
-9.668481183006969104e+01
4.569440734989874500e+02
-3.683337188221022274e+01
-1.896817669703739568e+02
-3.044363190855911512e+02
2.130110119215956388e+01
1.276083817008537551e+02
2.511865439458823630e+02
-6.874393316902697393e+01
-1.129043792276252987e+02
2.074617848482620559e+02
-1.304070322810724178e+02
1.424622692905040253e+02
-1.774907534439797416e+02
-2.518900004890809043e+02
1.974159399737724243e+02
-3.728090736509268766e+01
5.734275382477402161e+01
1.184826418670836432e+02
5.281791103856768359e+02
-1.563453759875677065e+02
4.011458419960741821e+02
-1.775250190751567914e+02
9.392257555198662544e+01
7.069997569945809346e+01
-9.395469489336793600e+00
-2.372442036166099797e+02
5.804505722578314817e+02
4.304473966098157121e+02
2.357292490624549544e+02
4.223316657208896459e+02
3.966303056781837881e+02
5.889537740114921007e+02
3.487472779422600411e+01
-9.123459485272228164e+01
-1.755917058253080540e+02
-1.494921644333836639e+02
-1.877381724682163338e+02
-5.487879958315909334e+01
6.230896043013035523e+01
1.446183013725960222e+02
-1.072956177095976216e+02
-1.320165719988373212e+02
-4.029378466715631362e+02
9.354749781973463030e+01
-1.674124765212381476e+02
7.532685214203877422e+01
-1.368397586283433327e+02
5.055080596743599699e+02
-7.444374658854927418e+01
8.296113402080567312e+01
3.742409408837575597e+02
-2.720441775563795659e+02
1.157479563963593705e+01
-2.947659662852966562e+02
1.350155503396755989e+02
1.315554158763463874e+02
-5.091689696390889708e+01
2.326830230607753549e+02
4.103938802152455878e+01
-7.306914369047087803e+02
1.682746717767944062e+02
-5.136577443765522730e+02
-2.513033649531228946e+02
-3.517080917930531427e+02
-3.054813705249184750e+02
1.933898995908052143e+02
1.423280201303586239e+02
1.728243074808173674e+02
-5.801390597002823313e+01
-4.912943915965219333e+01
-1.416689735161873465e+01
-1.250797502911848191e+01
-4.622652471676274786e+02
5.914724008268251509e+02
3.317041022718902923e+02
-1.590220218475923275e+02
4.841189279103877539e+02
-3.114301297144500609e+02
-5.580537707206145797e+02
-7.025679293557060134e+01
4.285469606346838418e+02
-2.158315592926533100e+02
-1.150808207034512378e+02
-5.531049599591386823e+02
-3.558218117516698840e+02
-5.004923695141671942e+02
-4.641191763432693307e+01
6.612067525460990680e+01
3.807445587707785251e+01
-7.738348036392719109e+01
1.348416557385644694e+02
6.378427968144623037e+02
-3.940451125344122261e+02
1.271718564492308801e+01
-4.770530973250735087e+02
2.276019853825851769e+01
9.450678423027675024e+01
2.526146793796733618e+02
6.706906940822938168e+02
-2.906217170386343795e+01
-1.247191984244034586e+02
-3.280974471072521226e+01
-1.655308898969726386e+02
5.554314611180456041e+02
-1.256005252982504459e+02
-7.845690819094100732e+01
-6.523104507383515056e+02
3.482420341847222858e+02
4.927911406767108247e+02
-4.130701242186390232e+01
-6.585812075591842358e+02
-7.411416362313592572e+02
4.931739900883919745e+02
1.432181826993417815e+02
1.142493823101258101e+02
5.912063066148893853e+01
-2.460141977846481041e+02
-4.292179857525014768e+02
2.009989612897879852e+02
-2.475194541029882203e+02
-3.282906700261165156e+02
3.145719034752352172e+02
-6.180741480629268381e+01
-1.889052814414363013e+02
3.953203465164182262e+02
-9.495370030692176044e+01
7.185213801348861580e+02
2.531171581416919114e+00
-4.698434334159964010e+02
-2.869766264949209926e+02
-4.125004074888655055e+02
3.429916919426866571e+02
-1.826018436382962307e+02
3.815945290997240704e+02
-6.887030565837441998e+01
9.054729382380153879e+01
4.459960376963089601e+01
5.564854881813049587e+02
4.089912919834055138e+00
-2.590225834344326472e+02
1.774216956851527129e+02
-2.110401922599818079e+02
-1.934578890585082434e+02
-4.413441396942711776e+02
-7.648318987807080305e+01
-7.812000806186243551e+01
3.796158341867100603e+02
3.101503845440030318e+02
-2.262321272200542239e+02
1.109609336414515468e+01
1.801400832784223383e+01
-2.548498322497233062e+02
2.510040011603401311e+01
1.494287958832317145e+02
-1.743579911935046312e+01
-8.425894137991664934e+01
-8.987755593652013886e+01
-3.162737009350454542e+01
-1.908903225682576306e+02
-1.481357608385681033e+02
4.627049642563059706e+02
2.892943690596713324e+01
2.876255320644218614e+02
2.831411489962057431e+02
-2.129851404923229836e+02
-1.269916327568495262e+02
3.646346123879882839e+02
4.923695647560620046e+02
1.548261275690770447e+02
-2.804762801085637420e+02
-1.035818356146008945e+01
5.910524044229604357e+01
3.140284471295165076e+02
-4.187810360022886584e+02
2.704029785276266011e+02
-3.745322014570194824e+02
1.306515058426910230e+02
8.302729050311288574e+02
6.009125936047641403e+01
-6.419684702347174152e+02
4.436160692882243097e+02
-2.528634844597676690e+01
3.214962784305024570e+02
1.552927393086572181e+02
-2.913115304196771262e+02
-1.465940870061223791e+02
3.827670092413965790e+02
-2.343319744873266188e+02
-4.790980304628909607e+02
2.721062405409383587e+02
-3.249649631181573568e+02
1.053743952909992885e+02
1.023461342125470352e+01
-1.693269186045712900e+02
-1.535303502938816678e+02
-2.477133994089173541e+01
-2.364861659299130281e+02
1.745249775964566368e+02
-3.128284602992609962e+02
1.402965358711989836e+02
-3.393261564222137849e+02
-2.302734872338548655e+02
3.998134595323652434e+02
2.075014080997488861e+02
-3.218091708031207645e+02
-1.280555077942482853e+02
3.684899523332964009e+02
-2.031220636067408236e+01
3.837022364760733808e+02
-3.384213095955382755e+02
-2.755337885042645780e+02
2.804365214052672854e+02
2.892311690864500520e+02
1.555845069086956585e+02
6.462521768019244917e+01
5.505585237655424180e+02
-1.308687050158894181e+02
-5.898932941685346805e+02
-5.168846913204851745e+01
-2.713848316536261791e+02
1.109536570742174888e+01
-1.136970353210107874e+02
-7.038078465282909235e+01
1.977103729022120717e+02
-1.325969489991279318e+02
-3.659552836701068372e+02
5.005674387378583390e+01
4.720622091635970605e+02
-2.280673348093639561e+02
-4.400161846674255628e+01
1.584843209457760054e+02
-2.398069617984488389e+02
3.260701369707973072e+02
-6.648070098148451734e+02
-3.577323787160575534e+02
-2.626405077985481853e+02
1.203218502904945524e+02
5.083148920033977447e+01
-5.158222853123056666e+02
1.531033918208707689e+02
-4.722257995667691830e+02
-6.845693322973006900e+01
-9.777963286236590079e+01
-2.194187102684006447e+02
-2.741051765851757409e+02
5.884668226979675865e+01
7.306769932194897876e+01
-3.116205658685194066e+02
1.119210500859918085e+02
8.015668654748920119e+01
-1.144503063331307757e+01
-3.587233634588929476e+02
2.085510239883882377e+02
-1.801501005954517041e+02
2.244522120372967322e+01
-2.318247014469973521e+02
4.201882613465150484e+02
-1.499074083536457103e+01
3.277951687747367941e+02
3.152533047225026621e+02
6.954569686663448635e+01
-1.542054333117350140e+01
-2.608714766522775221e+02
3.098633719137825437e+01
-1.916434187747417184e+01
-1.431816697942223016e+02
2.634911039661210541e+00
5.611598284047453262e+02
8.487216409123534788e+01
-7.292649753038746496e+01
-4.018841426777549373e+02
-8.669863565519499105e+01
4.959123209849973364e+02
7.046285235937037328e+01
3.869111307174102876e+02
7.989945046067217049e+01
1.221458401612453173e+02
-1.411433420138124450e+00
5.354406221188703512e+02
-3.432703817506517225e+02
-1.888035451547387140e+02
7.184602466437341661e+01
-4.116744710526716631e+02
-1.243615381033015126e+02
-7.335683410323423459e+02
1.403184192972585436e+02
-4.077948458206441806e+00
-6.736691261857964719e+01
2.907574876674690927e+02
3.951848067438345993e+02
4.470881582026931511e+01
3.428354296586505825e+02
-1.076266938942082732e+02
1.856996310399985930e+02
1.965003338538208766e+02
-1.976187218797324618e+01
2.957499061165269723e+02
1.688193066404842000e+02
2.009102971011660657e+02
3.609862777661386986e+02
1.307144346818929819e+02
-5.035765893245442726e+02
-3.177588759539174248e+02
4.976172136386080638e+02
2.876038694197459336e+02
-2.102405970563317226e+02
-1.554729774344073689e+02
-2.959767469318234703e+02
1.604378237354943622e+02
2.677886184117801918e+02
8.928968667710218199e+01
-9.909457081468140416e+01
-2.839706785108028271e+02
-3.135994596773152239e+02
1.872615170760160481e+02
-4.220933502986184180e+02
-2.599188708278896343e+02
-1.142180674325061602e+02
3.356095435465297072e+01
1.528610761900186787e+02
-1.627131953978611705e+02
-2.894630897826750697e+02
-2.815757965156465161e+02
-3.258827831151344867e+01
1.818414186311339904e+02
-3.519814515078072077e+02
-1.577912277473562312e+02
-5.251258704942914335e+01
4.161982944534844364e+02
1.914197467858214452e+02
-2.934855186868441592e+02
4.252578359887098145e+02
-1.242537548150554017e+02
2.196499380501579779e+01
-3.147871546812507972e+02
1.616740491471292955e+02
-1.468358611515986354e+02
-2.498653117244736563e+02
-4.502939398814494609e+01
2.292397150114745159e+02
2.346292078933740584e+02
-3.095153079978200026e+02
-7.748392797998589288e+01
4.307283599344516745e+01
-1.045747070007668782e+02
5.558700703283071789e+02
-2.419999472815369757e+02
3.448154664075230613e+01
5.285532623384369799e+01
7.099010499480166345e+02
-2.702999508147070173e+01
1.180835440672499601e+02
4.796079893315587128e+02
2.952171764241097094e+02
-5.472914595934880566e+01
-1.216006292676444218e+02
-3.705180987483633714e+01
-2.618167897812511455e+02
-1.009466063801493618e+02
-9.347259393511994574e+01
2.273876512616232617e+02
-3.951520097378809737e+02
-6.258825774095494126e+02
-1.518278199058028406e+02
1.799473837920958204e+02
1.590354511063156728e+01
1.201751415436259691e+02
-3.235917923574964448e+02
-3.988683173596706979e+02
4.632605441866292608e+02
4.518826760432676082e+01
-7.802663030021319912e+01
3.307385172642600679e+01
-3.338131630750326053e+02
-3.123663762477852970e+02
-3.412107288589601239e+02
5.024010516991520490e+02
-7.382908344583191251e+01
3.413774150921433375e+02
-2.912861618325079576e+02
-8.188621994278804550e+01
2.538556978184521995e+02
4.347885499335552026e+02
-4.198723398867434753e+01
-8.120875017521726136e+01
2.173532732074554019e+02
1.033957089254008963e+02
1.266622927328271544e+02
-2.129318044543698250e+02
-2.644913401569989446e+02
-4.121392069038685122e+02
-4.366510684103945295e+01
-2.100931382547260000e+02
-9.897711036043058641e+01
-3.137725025320414147e+02
-6.629556658354668741e+01
-2.063663777446545566e+02
-7.191570653766491716e+01
1.370402689473408486e+02
1.905298320172980482e+02
3.717335706458582081e+02
-2.467778935847662183e+02
-1.969487962354426145e+02
8.292807344955514282e+02
8.318725333261824062e+01
7.795633544712770799e+02
2.595119314570881670e+02
-5.210730018479858927e+02
-8.481817521939949245e+01
5.037072058553895317e+02
-1.095009472994168220e+02
-1.081054440461563786e+02
-1.226856238349458437e+02
3.102091980368927011e+02
1.853151865071446309e+02
1.428764060566433329e+02
-3.741760524578853051e+02
2.155467679131891501e+01
-1.870496369930159801e+02
-2.250444485448802254e+02
2.840241560894331769e+02
-2.711920198708356793e+02
-9.659931330329401078e+01
-1.189778151347762503e+02
-5.452529300733026218e+01
3.023350600175493241e+02
-7.812812556281492959e+01
3.242875983296189020e+02
1.916285600365769994e+02
-1.025362584887020603e+02
-1.395777561981750523e+02
-3.278531418940194158e+02
-2.817118633552335041e+02
1.012205855262859444e+02
-3.951187121414089347e+02
8.495030712226792957e+01
-4.109029574079407894e+02
-2.264473291773362007e+02
6.548633137914922075e-01
3.845918438002379958e+02
-1.646214381944872329e+01
1.381310545727054375e+02
-2.960382421070156056e+02
-5.338318647566048867e+02
-1.046207424731233289e+02
2.375800487158400642e+02
1.108863148523000675e+01
-1.341574479488845917e+01
-5.269048407063112904e+01
-7.764241964103396754e+01
2.085517133771003273e+02
-1.499020141656585636e+01
-1.724700164607975239e+02
-1.294504729138745631e+02
2.239133882637305248e+02
-2.516918132733145512e+02
2.643168111927313930e+02
4.837578300652074290e+02
-6.144486568358851741e+01
5.467304908779276502e+02
-1.222556707819199744e+02
3.143414395051866563e+02
3.651992695718910227e+02
2.026418020138676184e+02
1.770120056411441283e+02
-2.793663996467243464e+02
-6.712053704592217684e+01
9.560569864824913111e+00
7.059307405473141728e+01
1.212101973585373855e+02
2.215166650524011231e+02
1.374085702161291636e+02
6.299645380471763190e+01
-1.778645681865890822e+02
7.817167733320226262e+02
-4.547957189372913263e+02
-7.307101391101286936e+01
7.227756309472995611e+01
3.154554121501772670e+02
-2.497534053721049645e+02
-2.278588544184949569e+02
3.320987205984136494e+02
-1.314682000610225998e+02
1.412585055310564464e+01
-2.892016158672960273e+02
-2.101454504577185958e+02
2.832824866434252158e+02
1.648882783694494947e+01
1.826488417025185527e+02
-2.754816917767279278e+02
-7.183689427453826326e+00
1.396975599619716846e+01
1.975623804099242875e+02
-1.350500588471969854e+00
-2.948422979256180838e+02
5.637120479778253213e+01
-5.911187588643431354e+02
-5.803967208799236914e+02
-1.030371974940806155e+02
-5.723311297221898712e+02
-3.341874597964202849e+02
-9.812420747265622367e+01
2.110140828986228883e+02
3.049785800619119982e+02
-1.589474866635505634e+02
3.736069389274891819e+02
-1.943891874464360967e+02
-1.900148480367043646e+02
-1.417870272065644883e+02
-1.436257529133190758e+02
-3.137388093327666070e+02
4.706580790658779279e+01
-1.715759270427608953e+02
-5.815189517323204171e+01
4.356756773288320232e+02
-4.231712038878626458e+02
1.081459009184301294e+02
-2.346082531162012970e+02
-1.865193052587455327e+02
4.097054373020882281e+02
1.629662507668014655e+02
-2.327269677336332734e+02
8.041499750332448571e+00
-1.341852683044474581e+01
-1.648310225805857669e+02
3.524526047155746937e+02
5.281618594272082419e+02
-2.557911608310997735e+02
1.903960972157554750e+02
1.793128110789634491e+02
-1.553720646695262815e+02
-8.515462733256599392e+01
-1.928142216467003323e+02
1.960731597798646249e+02
4.959187845044681353e+02
-1.739078731454878834e+02
2.918123289950004207e+01
-1.614271260704665281e+02
-3.331844678535282469e+02
4.515413056885304286e+02
1.893201620471803892e+02
-1.388611692238855539e+02
-2.859445435753661258e+01
2.596431984218878597e+02
-9.745378850400275894e+01
2.121993288777345299e+02
-3.790168639494388714e+01
-2.993499338779201935e+02
-1.173693357452263655e+02
-3.611377053195652138e+02
-2.986397838137253657e+01
5.721836694572063919e+01
3.368442279397725088e+02
2.594541153133601483e+02
-3.817677535184221824e+02
-5.715814297523507292e+01
1.424749150616718474e+00
-2.978807203522683267e+02
3.179654218224021065e+02
5.946987909991651122e+02
-4.817017793396267962e+02
7.012596571109975230e+01
-1.550977419328869189e+01
-5.225508366738075239e+01
2.726064301103205594e+02
2.527563675440803195e+02
1.187000653179523084e+02
-2.190448523643879923e+02
-2.508349364358755338e+02
6.557440117215016073e+01
2.174378408482568830e+02
3.350160200652112508e+01
1.640119428881398846e+02
1.298590454526310509e+02
3.886994755540163169e+02
-1.731051466935306848e+02
-8.620446117769513705e+01
2.563471801516508890e+02
2.081275000729874023e+02
5.210794908427634198e+01
-3.490551947165143361e+02
8.404915691048954329e+01
-3.667895508456664970e+02
3.654423975419612134e+02
2.524058978353145051e+02
-2.175225577450214018e+02
7.621749564731497912e+02
4.493983146414613543e+02
3.715683617026464276e+02
2.347080056453924044e+02
1.063030172741030697e+02
9.992723593008003391e+00
5.430495201149692264e+01
5.271811644785693716e+02
2.093759012114215352e+02
1.844631528127943909e+02
-4.435871851595734938e+02
2.577144601568401754e+02
3.222179939576659535e+02
-2.105340629292121264e+02
-4.000812191851008492e+02
-8.216331332431329884e+02
5.375165449143618162e+02
-2.595606870334947303e+01
3.891090012939671539e+01
-1.177267962941640747e+02
-4.914103879865360369e+01
-3.958562628950049316e+02
3.036019104869332708e+01
7.998031363431633167e+01
-4.766925180250776179e+02
-4.937371112915217353e+00
7.772635525981021942e+01
-6.306905311348919696e+01
-4.428231219519520891e+02
6.674986780039005225e+02
1.046535757099826753e+02
-8.500149757052466271e+01
4.158131324453162136e+01
1.436305574434210826e+02
-1.675158384793771802e+02
-9.198218477914977598e+01
8.380005420736968347e+01
2.092236963309825626e+02
-3.732735421849942270e+01
9.679180106688127694e+01
-4.180553310896294192e+02
-2.014540840473697187e+02
5.803287824317188814e+00
5.513349468010084564e+01
-4.439327814264846097e+02
-5.402053057960926026e+02
-4.495574628328887457e+01
-2.363840489575456161e+02
-3.532674869545657970e+01
-6.498925069420518241e+01
-3.481084247544128516e+02
1.310309544628993308e+02
1.394696078917241380e+02
-5.662603821031326135e+01
-1.767833444084478245e+01
4.422629945901135784e+01
3.286141512783291887e+02
1.519112399372015432e+02
1.749628770547534771e+02
1.339713872127202876e+02
-2.445125444349359327e+02
-2.606797078621594324e+02
3.374787969973484536e+01
1.087431963635097958e+02
9.875659349671538223e+01
-2.927488848779159412e+02
-1.588316510276234510e+02
-3.494931068633344751e+01
1.686599792390663595e+02
4.091897619187075286e+00
-3.744924141562032105e+02
-9.632291957175250730e+01
2.356004570593066774e+02
4.150358172336880216e+02
2.516270641454945292e+02
-1.305011268962289250e+02
6.476060393523722780e+01
7.158276548689858032e+01
-1.973468282581432049e+02
-2.818139500494090157e+02
8.998744489312817052e+01
-3.667275541649259480e+02
-2.140583848674552883e+02
3.872120242268317156e+02
-4.784149654874109956e+02
-2.759722580116879840e+02
-1.976382607505742044e+02
1.965642478543574043e+02
1.868327380178680244e+02
4.990280979234768921e+01
1.163424019951291655e+02
1.091840592084643902e+02
-1.867610188693670636e+02
5.769720829475450046e+02
-2.933517460690796952e+02
-4.431889604393252284e+02
1.666625413429542562e+02
-1.269241449021818511e+02
1.667363985885013165e+02
-1.138335556764606764e+02
1.300388840465946600e+02
-4.941223150407656135e+02
-1.778793914416840209e+02
6.601731103466157435e+01
2.056509752274460254e+02
1.292446509314661682e+02
-2.810338108571876887e+02
-1.052319923218600479e+02
6.234059348317852027e+02
-5.159161151115057464e+02
4.294644160654715392e+01
1.554810283007369378e+02
-1.793239588760758920e+02
-2.002733715709851197e+02
-2.907631094725509797e+02
1.005754518038306884e+02
-1.199962937989185860e+02
1.693012493924889839e+01
-4.233173085123983128e+02
1.841286061485614596e+02
3.787607462876047748e+01
5.229049359813695901e+02
-2.463898976404155974e+02
1.778404617224368280e+02
2.497957945953856722e+02
-1.085948283187548213e+02
3.178157575238707295e+02
5.282967784185201054e+01
-5.277649182967289221e+01
-3.258763011174639956e+01
1.187058426425060276e+02
4.013814512408858945e+02
-4.362271177027581075e+02
-2.249955230231828978e+02
-1.496188999278039091e+02
1.939642688088817977e+02
-2.307839046885454195e+02
-2.360886064795460015e+02
4.134205348038513534e+02
1.656942149210498201e+02
-5.567760510233055129e+02
-3.856404721834128964e+02
2.343287680982839163e+02
3.745993992000450703e+02
2.247806337841228128e+02
-9.315343651036461381e+01
5.186448143634304841e+01
2.881066109152871491e+02
5.603455929744272908e+02
-6.193830962223231040e+01
3.115295235744767410e+02
-2.057603991849844078e+02
-4.505498429835591878e+02
-1.913194277007264361e+02
-9.875491867476726782e+01
8.508017218749273525e+01
1.280278247335491244e+02
9.489845342403157247e+01
3.310384465968769518e+02
-3.437322224508464501e+02
2.759351327714622357e+02
3.331037217020785306e+02
-7.622591864150257024e+00
-3.943522954680611292e+02
-4.951288410396662698e+02
3.521456042711111536e+02
-3.490586848417104875e+02
-9.396038917704495930e+01
-2.966057898477011463e+02
-3.249710822925065941e+02
4.224925647004058646e+02
6.971712820311505538e+02
-6.402646742774288668e+01
2.637204659768257287e+01
-6.587256391794298906e+02
-1.753981743278854708e+02
-2.185668203746223526e+02
-7.663145647293744389e+01
9.960438868635190346e+00
-2.858464123426757055e+02
3.130350016835546398e+02
5.727793181982867736e+02
2.771508269997826233e+02
-2.486199602464096472e+02
-2.664751363942871194e+02
2.310700110272957772e+02
1.853098461818991893e+02
-3.096200703105584466e+02
-2.059278691394855088e+01
-1.887837275904684304e+02
-1.172896122138609059e+02
-5.968038833498338391e+01
2.067476344752121804e+02
-2.185568450444440458e+01
-3.041232805747013686e+02
-7.461842456178213467e+01
-1.131468087683641670e+02
-1.856877636019465569e+02
2.432710904631802009e+02
1.742019823750301271e+02
2.201060775666374241e+02
-8.529400920238342110e+01
-5.331580991662472258e+01
5.383786796389225771e+01
-8.796638393603244310e+01
7.316357240269460327e+00
1.085775550410747137e+01
-1.801535223573033022e+02
2.567891601247343942e+02
2.040577341084968452e+02
-1.992684980738089280e+02
3.035582146301825901e+02
-1.216034179775364237e+02
2.286246729341247317e+02
-5.490482016726955408e+02
3.473937957720907548e+02
-2.316988203636373385e+02
2.618326648743420151e+02
-1.608824392005062975e+02
4.255204110221780525e+02
2.254187257601508065e+02
-4.979236668449876788e+02
-1.083648778125917289e+02
-1.366916851961457553e+02
-3.361712344808192370e+02
-1.527229125594487016e+02
4.787826614561407155e+02
-3.287526064167060440e+02
4.382272502719542899e+02
-7.578566236168131809e+01
-1.439927206145296701e+01
5.322281017554715277e+01
3.277502118016906820e+02
2.567885153994357665e+02
1.393228580670565862e+02
-2.169866737389390323e+02
-1.393225585015260322e+02
-1.935077080611041254e+02
-3.406638505855737549e+02
-3.084877428333896532e+01
-2.794208231744934778e+02
-5.857605508152926355e+00
-2.235501165805451649e+02
-7.628089027991869386e+01
-1.161476530826046769e+02
2.544827186262188548e+02
1.030555641908290170e+02
2.135131703641805814e+02
7.410492931704823150e+02
3.751299285815861140e+02
1.582881956162473500e+02
-4.662328576050204560e+02
-1.305304031749571720e+02
-2.523160463962017275e+02
-4.245164843025500545e+02
1.164194895022780400e+02
2.878417592152306952e+02
5.025596284154030968e+02
-1.696975933350535684e+02
-2.644368515592434505e+02
-1.068284755231768912e+02
1.492856861280218368e+02
4.622302999317658134e+01
1.071876614911042083e+02
2.446383775710458792e+02
5.120332109947413528e+02
-1.519749600916827319e+02
-2.428401604590887928e+02
9.499182560272802789e+01
4.224945362857989153e+02
-5.159921556348972445e+02
-2.034641962699814712e+02
-4.680342016865164396e+02
-6.949224225289980268e+02
3.152680950874657242e+02
-3.967047888275184420e+01
4.994713110217091980e+02
1.923642454838612252e+02
2.517024560234637942e+00
1.085742603245085149e+02
-9.959998520535580724e+01
-2.422210403539938000e+02
-6.526998729938322867e+02
-5.328064599045598015e+02
-3.979544338705418340e+02
1.629860508365648286e+01
2.341124614313217833e+00
-4.429226060497352364e+02
-1.861024592054767481e+02
-4.476253363722391327e+02
-1.757529873833115346e+02
4.276469453154538769e+02
-2.582532138461185696e+02
3.334965876122601003e+02
4.714150253069115024e+02
1.540819523766865302e+02
2.927150753226782172e+02
8.538338026854127349e+01
-1.687566075468859594e+02
-9.165413962055690433e+01
-5.862626769292788822e+02
2.174576488385115454e+02
-3.374623409017621611e+02
-1.021159379167671801e+02
3.785006196311214239e+02
3.243995072141028686e+02
2.057514245345432187e+02
2.612424243672438138e+02
1.585676111222638838e+02
3.625246763776799526e+02
4.002045143631577844e+02
1.479423332633157315e+02
2.912481584808608090e+02
-1.097324592026643302e+02
2.196022612197783133e+02
1.517234557916755477e+02
3.235836478219074479e+02
-5.517952064627822892e+02
5.964452758899825824e+01
-8.205334145850360983e+01
-3.261537002370023686e+01
1.259199308138062463e+02
-5.873820860838620206e+01
-2.467891011875028653e+02
2.162718855773268345e+01
1.104878282886705989e+02
-1.149267799002162072e+01
-1.282847821458867656e+02
-6.969941651145371964e+01
-5.085008635558759238e+01
2.229574440745702475e+02
-7.629120026111404229e+01
2.007714884518435099e+02
9.501316535011144992e+01
2.037957399013849091e+00
-5.680193620345601602e+01
-7.245805496837907640e+02
9.405382267942266594e+01
1.072428599194672643e+02
4.314675586771920734e+02
5.419369841566401647e+02
6.705981996052403815e+01
-1.475126225052757434e+02
1.665220229390704674e+02
1.241034234315924039e+02
-4.480519508554345265e+01
-3.737460928932001138e+02
8.413930208418555878e+00
2.477941266958614008e+01
-3.771204775166631293e+02
2.584411713783174491e+02
3.245303606744277545e+02
1.319851424739597689e+02
4.903549532829970303e+02
2.048373267567175162e+02
3.621605174403533738e+02
8.893550876955139017e+01
-3.762422908972696973e+02
-3.214792305652597406e+02
-3.576532171965532143e+02
-2.123800916886979167e+02
-3.320227520400606522e+02
-1.783888170803199955e+02
-1.901028056725605495e+02
2.837024702854460543e+02
-4.441024296030352616e+02
-8.137752608648308694e+01
2.242146828658712820e+02
1.952806171025256106e+02
-5.783175073486187756e+01
9.207795558094288424e+01
2.491347117516774006e+02
1.014552549069311738e+01
2.063630007394144172e+02
-4.416285185260309163e+02
4.843875227921876672e+02
-2.640574416196455445e+02
1.356582153439364333e+02
2.303057828506123030e+02
-5.763969796983378728e+02
8.543109412417692283e+01
3.704091021251388156e+02
-5.941741412677022538e+01
-2.520836760326631634e+02
5.894642072716500536e+01
5.471116899310818553e+02
7.904683032344314597e+01
1.456729065170756883e+02
-1.206012189968162289e+02
-4.547459752167695228e+02
-2.589063128998179053e+01
-2.757111877440449916e+02
-7.524308028089189975e+02
-3.200148958855207866e+02
-3.660089209696567991e+02
-7.115031420119886434e+02
4.460465438202571420e+01
1.349296740245122805e+02
2.106321876290035107e+02
-4.940885697348902568e+02
5.491569292222748118e+02
4.798586019858171170e+01
6.475964797398697783e+02
-3.478729168883083389e+02
1.220287462292548781e+02
3.592968413522471565e+02
4.793757513635178498e+02
-5.995741802175398334e+02
-4.033981103714203442e+01
3.152095685358312949e+01
-1.414250387396088797e+02
-1.956388442134320371e+01
-5.746253146880722085e+01
-6.188839852194734021e+02
3.949558342310390344e+02
2.241246707628331194e+02
-4.322306248111788705e+02
3.950576706759741796e+02
3.538898089753609497e+02
2.433796569038345012e+02
-5.286273282009632091e+00
-3.042221605921389482e+02
-3.953323638608393935e+02
2.798081375812559486e+02
3.577145816461234631e+02
1.925021955986522926e+02
-1.804649869186594060e+02
1.245639777451628305e+02
3.061249699112420330e+02
1.736680661104960848e+02
-1.946182813144844559e+01
-7.467892146889598735e+02
-2.390852379770043967e+02
-6.941199430114683366e+01
2.554733985302543431e+02
-1.122465634357113942e+02
-3.401606698086898177e+02
-2.279223600905644798e+00
-2.664235472939954548e+02
1.533955305602417241e+02
-1.553059830031602075e+02
2.539445669038955486e+02
4.068298769892817859e+02
-2.644754154800478432e+02
2.387238908210194666e+02
4.513752606608330211e+02
-1.886669982245233541e+02
-2.177894309696072241e+02
-3.000831245206747440e+02
1.335663526375462880e+02
5.261886860884417274e+02
-2.824903583824093403e+02
-4.285675759922565931e+02
1.131638574223551608e+01
5.782242664538344457e+01
-2.797637690067294329e+02
4.073740355180328265e+02
-3.641170839829842407e+02
3.948998849046326427e+02
2.548818625319654529e+02
2.728599506665076433e+02
-1.695054559991641341e+01
1.086334290340926003e+02
-6.601803529400227433e+01
-8.554242303260118661e+02
5.142269535967708549e+01
-8.466599154423851914e+00
1.496839070705658230e+02
4.806454914418392832e+02
-1.363394964255389539e+02
3.207090603664395871e+02
-2.498054747741307722e+02
1.004119113898309763e+02
1.592050542795322485e+02
1.214725423970034939e+02
-7.009070108464316036e+02
4.776629780614344440e+02
3.697141873787032296e+02
5.121591980519403933e+02
1.059883725069118015e+02
-4.451669933571591997e+01
-1.669779615409873372e+02
3.300037636838384856e+02
8.264140494079548205e+01
-1.876931314110308051e+02
2.139137297479380209e+02
3.163128432900107327e+02
5.928273874346766803e+01
2.606023422817368100e+02
-2.473055300416515934e+02
1.848244953912426070e+02
-1.858642212228523078e+02
-1.765933136552692702e+02
4.204663619365343834e+02
-2.530888812296921486e+01
4.663929603266430490e+02
6.308442113211297197e+01
7.792349271205817729e+01
2.005886359837255100e+02
-3.140284847432843662e+02
-3.729862164239948186e+01
-3.281688247606583673e+02
-1.621253884580049487e+02
2.659486532282689950e+02
-4.026861077840460439e+02
-1.657480016351272525e+02
-1.336716107271231806e+02
-2.957401606648457815e+01
-5.216412431330875279e+02
-1.261737983529253881e+02
-2.882032717189819095e+02
-7.754125244679826210e+02
8.926427814520815218e+01
-3.045416601426134662e+02
-4.056447814318314613e+02
-1.283575651684432728e+02
-2.236346234753296756e+02
5.017264068466893150e+02
1.169538563513918774e+02
2.930650363256934270e+02
2.799321189724100805e+02
6.071060422008662272e+02
-1.316639536039161840e+02
4.090877882585836005e+02
-5.868434535336651834e+02
-9.648350733406741142e+01
4.527355835936252682e+00
4.742800325573857378e+01
2.382032170462893816e+02
-1.707133239142294769e+02
3.190361536435294738e+02
-6.793442955362201019e+01
4.924799235393768981e+02
1.859927584582569580e+02
2.767373463124383193e+02
-5.537598034760250698e+01
-1.558401623092740884e+01
-1.195363051225319992e+02
2.455224868310628210e+02
1.394438749399342328e+02
-8.988150500978794355e+01
-1.297821739773976617e+02
-3.877227666159586761e+02
6.069412801542009106e+01
-1.368579110506704524e+02
-3.129328025424346151e+02
-5.312141533927360797e+02
-2.906789612053187284e+02
1.762413785354981997e+02
-9.410179042029778884e+02
-3.041205972523179639e+02
6.161193447824513214e+01
9.145799415466420612e+01
-1.967285093854251272e+02
-9.924507265994188288e+01
-7.558628051443121194e+02
3.067950122982776406e+02
1.851679883580767694e+02
-6.139728999122573896e+02
-7.672360458653010937e+02
-2.072717094853983326e+02
4.277670025656420876e+02
2.850199681189520788e+02
2.346671555469250734e+02
5.102814669300887545e+02
2.777297012911442948e+02
-1.037692828870430901e+02
-2.317982460532403195e+02
4.029039012728081559e+01
6.089173310496558145e+01
6.320797234588303581e+02
3.676897907785075859e+02
4.172963505164449316e+02
4.020288558649898505e+02
1.743288459143242335e+02
-3.322775563648440880e+02
1.033718019222304321e+02
-2.043033515957082216e+02
-2.003942607626059669e+02
-1.353539501276001431e+02
2.460670423304626411e+02
-1.648969215582600043e+02
-1.285164219803605192e+02
-9.274890692007836890e+01
-1.729084970432705290e+02
-5.162070284354452951e+02
-2.458996432415104039e+02
-1.568956808619964249e+02
4.304503482230061309e+02
7.327669749469208682e+01
-4.481476862921547877e+02
1.415455877832846454e+02
-3.852590710585295142e+02
5.616587704931632743e+02
-1.189729366430709234e+02
-4.107019162095962628e+00
-4.301093922643740370e+02
1.258388824659145939e+02
-1.703413791113921434e+02
-5.585933531030397035e+02
-5.525312977088879052e+02
1.315027040119259425e+02
2.907927423920996262e+02
-1.877666162669746797e+01
3.943479674012669989e+01
-1.066676944892086709e+02
5.491557658935349906e+01
-2.292849929343028350e+02
1.468520867457213512e+02
4.286750909535749088e+02
-3.275770506205950028e+02
-3.431720994820450414e+02
2.427468775017072460e+02
1.209425423831821718e+02
-1.688630794231233949e+02
-2.701055753145998892e+02
-5.741249062746531990e+02
4.267670849050086872e+02
-3.489047351062440239e+00
3.131049469389682258e+02
-5.484864798419984027e+02
-2.124617366407716759e+02
-1.401822011660752594e+02
-1.477579136218310794e+02
-1.833472255021519004e+02
9.620601982293651488e+00
-2.206792396308558182e+02
3.830712865674725549e+02
2.183387152323682301e+02
-3.461115055311638855e+01
4.607243612413488449e+02
-5.492215649906230368e+01
-7.867949807940095752e+01
-5.668108133666645188e+01
8.549818081532170311e+01
3.295862279040174059e+01
6.955434815386030323e+01
-2.638144112574241831e+02
5.091722501576793434e+02
-5.584127837750214667e+02
-4.350528808637785119e+02
-2.198916846689175770e+02
-1.510680674351442860e+02
-5.573268781124197346e+01
1.814190114369333173e+02
-8.293538525380289173e+01
-5.919834801137676550e+01
-1.909852600782902527e+02
3.210668840320129220e+02
3.277920594779070598e+02
-1.459964729168689814e+02
-3.127834477369756883e+02
-3.078161373122860027e+02
-3.754614251750892322e+02
-8.786683793195021508e+01
1.073919674830476794e+02
-8.485366965417958340e+01
-1.397634337222679903e+02
-1.122226976940986987e+02
7.646254548256239332e+02
3.323682304710561652e+02
2.428386604866026062e+02
-2.702457344649719744e+02
4.571998638731331539e+02
1.413480505928802131e+02
-6.996857549764808937e+01
-1.930843325736738336e+02
-2.233478415550666227e+02
-2.136386637858691699e+02
1.436593411820540211e+02
2.086592521194047833e+02
-5.726672287145219542e+01
-1.993103132064436238e+02
-7.036764420996132685e+01
-2.131778491116754140e+02
5.074076835027233869e+02
3.597488230127038946e+02
1.680638421357250678e+01
7.122665189322028301e-01
-2.118983013666831710e+02
4.618288223491671829e+02
-6.061743554923349819e+01
-4.147343707142641023e+01
-2.345158834663709797e+02
-2.385071853895299796e+02
2.318876551367071315e+01
1.628767993917479373e+02
-3.148421170765731176e+02
1.952594072753172725e+02
-1.510526195794748787e+02
-2.768985763734506236e+02
4.385401458480104111e+02
1.821141826896068210e+02
-2.029311458716150867e+02
3.569897199934893592e+02
-1.747098105577385070e+02
-9.736511403208987758e+01
-6.871505090233927859e+00
-1.670102858196954401e+02
-2.843946424421934580e+02
-2.230683016037071127e+02
-2.476645262236379494e+02
1.772119382551002786e+01
-2.696219681039722715e+01
-9.289877991635202648e+01
2.834198216004673441e+02
2.947594985061109014e+02
-1.078334846595070928e+02
6.016197599075125027e+02
-6.515243651975990247e+01
-3.078964472954659186e+02
-3.484270917047469425e+02
1.470133847533489835e+01
-2.797024747308065002e+02
2.269649973447124864e+02
2.218645189369885600e+02
1.377812204526821631e+02
8.868784809562463067e+00
-2.853804619398973159e+02
7.648429134751837388e+00
-2.435517149040126696e+02
8.121993983306133202e+01
-1.044994368774493836e+02
-1.409167760745113185e+02
-4.256644825518353628e+02
-5.092664365845408270e+00
-5.143750310644458779e+01
9.406543957113882470e+01
4.742506627595545297e+02
2.585957424109886915e+02
2.622033397114003037e+02
4.483876779309777021e+02
-2.070992597179572101e+02
-8.054557937109040111e+00
4.267903262601520851e+02
-3.746884660030660257e+02
1.469613078055486142e+02
4.654111579655367450e+02
-4.573083587025324164e+02
-5.089316675768398568e+02
-2.305412590807236484e+02
6.555119349098218606e+01
3.044890820403416569e+02
-4.521206208438664476e+02
1.692735862065030403e+02
1.910804758518675328e+01
1.848398518832787545e+02
-3.078194960176980430e+02
-3.540583502238717415e+02
-8.863961484474135943e+01
3.427440198042090174e+02
1.217690537323769462e+02
6.481945540426070806e+01
7.519997453604115378e+01
9.056211252853169924e+01
1.786827737903869320e+02
2.021286581451936399e+02
-2.302945895848565385e+02
-3.535411943869435731e+02
9.597023977236077030e+00
2.570717933194595730e+02
-2.580841150043865468e+02
1.038935759476651555e+02
1.277746089761746617e+02
1.926804061533484571e+02
5.998586446348508616e+02
2.279426767408594401e+02
7.486962583524007186e+02
4.870560236240732479e+02
-2.182452473810634501e+02
3.552420627791930769e+02
8.229343811456757862e+01
3.902109472296488946e+01
-1.297216066275354649e+02
-2.668452202556287034e+02
6.706418878622184820e+02
6.017776288230774639e+01
-1.382787442609358095e+02
-2.532779118326610899e+02
2.388674174746041672e+02
-8.112043943710762051e+01
4.051284147288316717e+02
-6.008747275274200774e+02
-9.854947579921638123e+01
6.095825228485603020e+02
3.291411740735110811e+02
-3.426586529965462660e+02
-1.274813954399004814e+02
1.456230124220377320e+02
1.439515226553162961e+02
-1.075190611160194010e+02
-2.520484733764645853e+02
6.247140852398747484e+02
2.233043143446296952e+01
1.902895904783901528e+02
-5.881616428949474766e+02
2.289139891810896756e+02
-3.979060260219726501e+02
5.133908440603125882e+02
2.318896483354120051e+02
-3.255794406386072524e+02
1.552825561793163978e+01
-1.542606931866529578e+02
-1.574464992264310048e+01
-2.317317409406279864e+02
-1.763510116429963830e+02
1.503851497062297824e+02
-3.868377490054843406e+02
-3.881231273690376042e+02
-4.050090640108895172e+02
-2.246229904892930449e+02
-2.037516060790393908e+02
-4.370054634782707836e+01
2.080593647966115896e+02
4.647241820178743410e+01
-7.555675780555829135e+01
6.424069678113661439e+02
3.866272727016836939e+02
6.796390723553219004e+02
4.183954325026114134e+02
-1.223041845090106818e+02
-6.769840197571561191e+01
6.041831468152507796e+02
-4.262276077802399072e+02
2.156200276207074751e+02
-1.900212994815165359e+02
1.507528266858157338e+02
-1.048818528293756032e+02
3.010878170083978489e+02
-9.676555804047613663e+01
4.215377167359698518e+01
-3.054973998629321841e+02
2.100985664151498042e+02
5.487968704325646740e+02
-4.422713991263662479e+02
-7.179718815994606018e+01
-2.141815894291850952e+01
-1.600579795411274233e+02
-1.433540555638223566e+02
-4.075232295528221584e+02
-1.871673738121841524e+01
3.489129767994965619e+02
4.527252292709339088e+01
1.964465149207487116e+02
2.436361661712888349e+01
-5.060901544592495860e+00
2.442104548782975826e+02
-7.115615231809569252e+01
5.282257433393832571e+02
-5.056177447101729427e+01
-8.000424801868542772e+02
-4.728646773936886802e+02
-1.281978138527110502e+02
8.293505432212984374e+01
8.091399993864120788e+00
-3.486731397369180172e+02
9.149976174758104719e+01
1.781936421840288460e+02
-2.281069648429005881e+01
5.905019869101344909e+01
-7.432771878372143703e+01
1.177709575968401765e+02
1.691796397692818061e+02
-3.606891829456084793e+02
-4.814903864924325205e+01
-1.571183023758944728e+02
-1.945722038549359070e+02
3.450192686872654235e+02
-7.134735644856936787e+00
9.808930586497021409e+01
-7.279482634369999516e+01
1.181417058786925196e+02
-2.846197345290890439e+02
6.163706420952709664e+01
-1.354189918822215191e+02
1.181035414650806104e+02
1.130718240966979096e+02
-2.628220396534436532e+02
-2.189585355090382848e+02
2.695873186007996196e+02
-1.683230248013093444e+02
-2.828561341584818365e+02
-2.279947507582747050e+02
3.857818856726120202e+02
-3.751123887267841610e+02
-9.004975567312945373e+01
1.673269822497684913e+02
3.418524667506263768e+02
-1.076421383395874898e+02
1.376754110345085849e+02
9.770192773566698463e+00
-2.947396614007519133e+01
2.397947216311826821e+02
3.550423907972012785e+02
3.959784512193220962e+02
-3.289695343980056919e+02
-3.988591953025547241e+02
-3.664496323237966067e+02
2.017746577292456323e+02
1.803150494979928453e+02
-1.646969177162817175e+02
3.961770589971937397e+02
3.462561258740632297e+01
2.777973433960367515e+02
2.268689307463254750e+02
-1.731480476524622816e+02
7.099716149670385335e+00
1.277638637063419935e+02
3.127697823480313559e+02
-1.483509560281749486e+02
5.357529459698103835e+01
-1.472410450294741224e+02
-2.408339384191415888e+02
4.962390343337628451e+02
1.921350495119978916e+02
3.069336470441376719e+02
4.260365725337886289e+01
-4.787627869376628382e+02
1.490620772500221669e+01
2.130666809230578167e+02
-5.608701953466052146e+02
-3.993363568730946440e+02
8.091992674056691612e+02
-6.604977958794216875e+01
-4.115280523072689789e+02
1.919658923170367189e+02
2.021075097318507972e+02
-2.931464330301666337e+02
-1.097546830494599561e+02
6.294928821940510488e+01
-2.576216337284355404e+02
-2.045304502361823609e+02
1.155514363442712522e+02
1.705161977411605108e+02
2.549485808455182223e+01
1.484146145541165254e+02
5.226956833407347602e+01
-3.468386731146464967e+02
2.316982429885181318e+02
-1.227358095434541809e+02
-1.953131356198380217e+02
-3.797028373676390061e+02
3.488800068270777501e+02
-2.625838339561111638e+02
2.817750984067689046e+02
-2.132503627833934274e+02
-1.900657055883968383e+01
-4.418870685787591128e+02
5.534331879984089255e+02
6.326680420154284690e+01
2.087479336595993971e+02
-2.400347336121240573e+02
-1.411701577828830807e+02
7.446847647948045790e+01
1.498097346633965401e+02
5.943904826170839373e-01
-3.060881741203059505e+02
5.645512138507020694e+01
-3.975304476638925735e+02
3.938286357340991231e+02
-4.949509763674249712e+02
4.660124736375703947e+02
-2.380173387563128244e+02
1.340339233792441576e+02
-4.576455133302807781e+02
-1.341261483908344303e+02
3.117582753963746995e+02
-4.088965822909104020e+01
3.042263142412761567e+02
2.313722457896931530e+02
4.308027701052838552e+02
-2.267171590886147925e+01
-4.056428011969175600e+02
-5.051205251061868466e+02
4.413139058111228792e+02
-4.381878458777215997e+02
-2.840811806551532754e+02
-3.439303923870875792e+02
-3.440737932582787266e+02
-1.229422308015505791e+02
-1.708633544922398642e+02
-1.620389358709892065e+02
-1.197550471512805927e+02
2.146174465224688106e+02
4.027390841811680957e+02
6.762354224939273308e+02
1.284145407016236007e+01
7.562809709045502871e+01
-5.438482074924723975e+01
1.164851998877888235e+02
2.578243701433609658e+02
-1.882697864756506192e+02
-5.474818348973886941e+02
1.575323144753787687e+02
-1.638280786172085186e+02
2.331004528161255962e+02
-6.682430193405247110e+02
-1.462883062938536796e+02
-3.767039701195448060e+02
-3.264433519626211364e+02
1.304811000363956168e+02
6.487903062913055692e+02
-1.728231398534132097e+02
-3.994570094174105748e+02
-1.702672928204613001e+01
-1.555167890623317248e+02
-1.982982795496141080e+02
-2.339708127208674568e+02
-1.641106755555977372e+02
4.637459618975294262e+01
-4.176275705928723596e+02
-1.641133793419018616e+02
-1.588254581558577172e+02
1.919379158858639016e+02
3.528126845120346502e+02
1.807491605496959437e+02
1.396690327429922434e+02
-1.996569659471553280e+02
-2.134964289751597732e+01
-4.308376985030665196e+01
8.078895293620105633e+01
-2.030452781197658680e+02
5.137776944939212171e+02
4.824788178923630539e+02
-1.925697535081029343e+02
-8.160078076969649885e+01
-5.186794192465380320e+02
3.289010561861570068e+02
-1.139475216518374907e+02
-2.693140136104503313e+02
4.793543236830088716e+01
2.164293189998742264e+02
-2.049654702522322793e+02
1.451192185099265828e+02
-1.103363512314148664e+02
2.274083196265299378e+01
-3.853581349351463103e+01
2.988509528188750437e+02
3.257831830239671262e+02
9.332155440749434661e+01
2.965091343209077195e+02
-2.762817354702688277e+01
3.849681496708691952e+02
1.025108783884702461e+02
-6.726062294500519556e+01
-2.969619360698866330e+02
2.213528863102388584e+02
4.636281694479222892e+02
1.569701035025331635e+02
1.003825124146095931e+02
-3.195207417828854446e+01
4.485917419296410458e+02
3.304546834092575409e+02
-3.593707705534424122e+02
2.478933003444060432e+02
4.511137928669904795e+02
-2.582008845317437249e+02
2.345256136720105644e+02
2.641690729979153502e+02
-4.518245064482108546e+02
-1.230581726278733612e+02
-1.242213028754166118e+02
3.865874680150322433e+02
-2.211037794461152544e+02
-2.369961706182243120e+02
-1.618186594563508436e+02
-4.886032762142677370e+02
-1.053095874534722753e+02
3.338200621768516729e+00
3.025251813400934680e+02
4.139215924826743844e+02
5.028607995816946072e+02
3.073857665579976128e+02
3.549095864203630981e+02
5.069791133678349979e+02
-1.420368760407640139e+02
3.528531010992738857e+02
3.905235368489500729e+02
-1.919294514904615880e+02
-2.964007124886900897e+02
2.782846988750473542e+02
-1.085013174252424903e+02
5.596155614540340366e+02
-7.002855876295035387e+01
2.963090248897251513e+02
2.978217495817585245e+02
3.966261113443006820e+02
7.160119373066535786e+01
3.509419872494225388e+02
3.154239010552187139e+01
-9.295846360680759801e+01
-3.920228711355570681e+02
4.407566095950484453e+01
3.884750205426207970e+00
-6.480040187691624851e+02
-7.406223749425964797e+01
9.575525188339508986e+01
5.227549827581605086e+02
1.616444732542177576e+02
-4.220611997567812779e+01
-1.487642724675784791e+02
-1.346661012540758122e+02
-3.840133225378055499e+02
2.912471313450707271e+02
-4.007470112285863024e+02
-1.851351126187850866e+02
6.042405798089825453e+01
4.067087154853342668e+02
4.685786677509873357e+02
4.809880402469085539e+02
1.515004075102262107e+02
2.054236554933487824e+01
-2.186772667348109849e+02
3.046215902806825966e+02
-8.101938885199828064e+02
-1.704116476948103696e+02
-4.329421191557208886e+02
1.231451673452938991e+02
-7.088503631926752746e+01
1.044780638150404684e+03
-3.399479401962577754e+02
-5.632336092039199684e+02
-2.006239726957888934e+02
3.613863944845321043e+02
-7.536927306069794952e+01
-1.016864048074905114e+01
-2.993458460137459838e+02
3.593832276629956937e+02
1.848637342634175695e+02
-1.272543172638323909e+02
-2.061915979118665234e+02
2.981473579064589785e+02
3.151596607700798813e+02
-3.877239081133690775e+02
2.084117803257355490e+02
1.827728438774835524e+02
3.309207382015450207e+02
2.461514747922006450e+02
-3.547268679980101069e+01
-2.092318330860552749e+02
1.763461318518461383e+02
3.716589898770887999e+02
-7.916020056659188242e+01
2.512300545455033500e+02
-3.859698158030411008e+01
-2.819575615031293978e+02
-3.230014176451701502e+01
7.198494287784802736e+01
-2.280883147041307524e+01
6.809637621408319319e+02
2.026671797424544366e+02
-3.107973431387375172e+02
5.157223437554027896e+02
1.743368249530644931e+01
2.699913464851570311e+01
3.739837544826004887e+02
2.967284842538081335e+01
-3.830529967463597973e+00
-5.292352804937578270e+01
9.976970223771436963e+01
4.128198057684246969e+00
-5.146728079767675581e+02
3.403570817170174791e+02
-1.174124002548804242e+02
-1.250072209608037497e+02
8.827312363925857142e+01
-2.487752155625260571e+02
-1.962432943925817028e+02
-3.104660679088241295e+02
5.103426769901622606e+02
2.532416677786912018e+01
2.598127817957810635e+02
1.788641436961863178e+02
-1.970735409951782913e+02
-3.657868694698155423e+02
1.274610255804874299e+02
-2.773350820702815440e+02
-2.293505964830235655e+02
3.510966645842545404e+02
-3.914696004989308875e+01
-3.997149871813753634e+02
1.455489383485940493e+02
2.348092110989820469e+02
2.292219022140511697e+02
2.896817421216507000e+02
5.183979473639335538e+02
-2.647874200666141746e+02
-9.736242818409418476e+01
2.506940815363195156e+02
3.237262437647800652e+02
-9.411182557516988822e+01
-3.415302388622673675e+02
-5.563286782292235557e+02
2.141485704175931915e+02
-2.558998958580721421e+02
5.231681782854485618e+02
-1.641787103812813484e+02
-1.926598197047607073e+02
-5.938296959393961316e+01
5.766679574667844008e+02
-2.335432294065653878e+02
5.369281596815917510e+02
-5.482761923175538641e+02
-1.558959012747770778e+01
-8.100772831074189639e+01
-5.935237023159317005e+01
-9.786650445540352461e-01
-1.538764610617794126e+01
-3.150340059544562337e+02
2.774632913040042013e+02
-5.050154561667156372e+02
6.999146380581015592e+01
6.143886895724626385e+01
-5.351684550531825835e+01
-1.603782929138953079e+02
1.887865907733477400e+02
-2.450600459970382872e+01
1.488645832779699845e+02
7.323844040595341198e+01
4.190649195420079991e+02
-9.364981242640195092e+01
-7.481206882687851589e+01
-1.759351269358364505e+02
1.826973576354866395e+02
-5.958521747219680265e+02
-3.269129838627368940e+02
-2.310925363861068718e+02
-1.124484820933193987e+02
6.202387136248274828e+02
-5.410729990591937622e+02
6.992342202018195962e+01
1.004102542840351049e+02
-4.044628611886313365e+02
-5.119573674255956774e+01
3.549304732562428057e+02
-1.374752951198362538e+01
-3.550351845932742663e+02
-7.536041997542832860e+01
-1.227364747788217443e+02
4.094808753098500915e+02
3.272045413395557034e+02
-2.006221825891050159e+01
-1.835174467858253422e+02
-4.514085660047252873e+02
-3.400136804969136506e+02
2.924835926987124708e+02
4.377292129006950177e+02
4.042863370578074864e+02
6.053463269861357077e+01
-1.438740507251670522e+02
-1.054515177674781512e+01
-7.192550909292225469e+01
3.324169647139810877e+02
8.077571943093764162e+01
3.747408097349897389e+02
-1.124427511773597210e+01
-4.179800494072861738e+02
5.267727214474416542e+02
4.062625364606915355e+02
8.599208602358872611e+01
-1.042450372122243323e+02
-2.211031757038409182e+02
4.890635774588467370e+02
-3.212762366281356776e+02
3.060273582054006525e+01
6.690851646822338239e+01
4.094091983045918255e+02
3.333955951299970479e+02
2.625632732198471331e+02
2.476807670804846850e+02
-6.324557500832449364e+01
-1.478340212202335247e+00
6.394702632771852677e+02
1.010367322194566668e+02
4.200471657439895239e+02
3.968944259156554608e+02
-5.399902216606541288e+02
-8.818841900529375266e+01
4.401043014748370119e+00
-2.241359379715839282e+02
1.943009072403956168e+02
-1.028816455902252613e+02
2.712107183618391915e+01
3.765460857926575500e+01
-1.181271705822818063e+02
-2.636112029399071730e+02
2.920051612383247743e+02
-2.194989298332262990e+02
1.612740931874289174e+02
-3.659333335746176630e+01
2.665172232856024266e+02
-4.014797147149856755e+02
3.876099154119731907e+02
-5.397444101931898786e+02
-2.456932626259134054e+02
3.844004066292880850e+01
-1.587926714956826402e+02
-1.024100484692398538e+02
1.384763992511134063e+02
-1.599461897837841491e+02
-5.577683162707593283e+02
-3.059034089077094904e+02
-3.543091049452312973e+02
1.408929519961095878e+02
-1.199037836296932014e+01
2.263844478153466184e+02
-4.500715027688195278e+02
3.304687256197545935e+02
-2.821894943546573131e+02
-1.816356713431874681e+01
1.744466993077422501e+02
5.689710704701501953e+01
2.825540694690901589e+01
-2.469927128460603853e+02
-8.898703221030366706e+01
1.475139410116076455e+01
-4.065016466249812197e+02
3.698341817783267516e+02
4.030300877794035728e+02
9.813855685945040364e+01
3.758055831163792391e+02
-5.960205595764048212e+02
-3.866759785140843064e+00
-1.015504417413067557e+02
-4.736076781112080312e+02
3.702172748160398896e+02
-1.664495781564554875e+02
2.791176313670240461e+02
1.241235808193336112e+02
-2.923620032937893143e+02
-3.116559692624394415e+02
2.054202724276217111e+02
5.671160818261677150e+02
-3.059586840546314761e+02
3.667679997318581542e+01
-5.145632162331692143e+02
2.841813972125316354e+02
7.331254455582863727e+01
-2.870072866153564064e+02
8.017090783795357822e+01
1.632150437646943431e+02
3.009398768371400479e+02
-2.531948939342603353e+02
8.137459936470756361e+01
4.008907028831849857e+02
4.679701793961087333e+02
-2.905699628636973557e+02
-1.857338098988575155e+02
3.610116690395679484e+01
-4.569454643474981594e+02
-5.608762022028653149e+01
-3.801429307856903250e+01
-3.056108898383898804e+02
7.408528592198273088e+00
-5.330752235958343590e+02
1.534332412492119886e+02
-8.278869063562817132e+01
-1.070798263088593529e+02
1.613718947334869824e+02
2.006010298023586529e+02
-1.577373934075367856e+02
1.957315017847718082e+02
-6.519660791650956071e+02
-4.250474821404631598e+02
4.956199449335005056e+02
-4.605864987103923340e+02
1.002251623162976415e+02
-1.642633459185914830e+02
2.916859566668842376e+02
1.918402984073491382e+02
-7.112744949500554981e+01
-5.802053000752226808e+01
-2.763042856646212044e+02
1.665821335904667819e+02
8.194990805881266738e+01
1.278512131767585345e+02
1.894353665558685123e+02
9.119461775476851528e+01
4.367248624402272981e+02
1.776758523563462688e+02
3.176959040509658507e+02
1.288530374228361666e+02
3.763505901399267941e+02
2.172435434215558132e+02
5.347631185957121858e+01
1.531582529783346729e+02
1.329770131892842358e+02
-3.647408762794582060e+01
-1.887463764029152173e+02
-2.842976621170054727e+02
-1.190271425100676765e+02
-2.750979765802768497e+02
4.454720647387507597e+02
1.930018925333183404e+02
-4.673788032521598552e+02
-2.189767530343477517e+02
-3.718906347827153240e+02
3.010978961068051944e+02
6.276154264458740499e+02
5.888031763257666853e+02
7.364029351272063195e+01
1.955847439747089993e+02
5.844225565724457994e+01
7.463547990359180631e+02
-6.287310455017367872e+01
1.751722467810290880e+02
-6.075555862383384209e+01
-2.803510912259990562e+01
-1.677122650509993491e+02
2.218701114078172623e+02
1.840708673414127716e+01
4.116200275840819813e+02
-8.019604747418713941e+01
-1.433521386059230167e+02
-2.338893648733268265e+02
-2.161256160105131130e+02
2.223393937817980657e+02
-9.634027180948477564e+01
-2.500038956427486312e+02
2.533974231796862568e+02
-3.993353669132783352e+02
5.867000504897224999e+01
-1.304521820467113002e+02
-9.593826323295063219e+01
8.698641968355499188e+00
6.315151787072049956e+02
-3.233715669834771802e+02
-6.998239933771016297e+01
-4.348525943988338440e+02
2.380761149173522995e+02
-2.311048428607267908e+02
-1.829793822066949929e+02
2.033238164869696334e+02
7.599376069550136208e+02
-1.336078401767172750e+02
-2.485851721712211599e+02
6.020879788908399810e+00
2.637041686715184596e+02
2.756292651788118775e+00
-2.078827879368311926e+02
2.535159559077437308e+01
3.684029758583025682e+02
8.656905839547158621e+01
-2.864375670962293725e+02
3.016248848557473252e+02
1.545717306097762105e+02
2.382785090868320310e+02
1.094472669999323244e+02
2.772976074229151422e+01
-2.338198358576729845e+02
-2.355958524074140996e+02
3.716617806795227352e+02
-1.043668511849209182e+02
6.026375163130005603e+02
-1.784347255683897515e+02
-2.834950796992499136e+02
3.792442087828578678e+02
3.667024281601003963e+02
-3.635757985068356390e+01
1.656888528362696604e+02
1.252802138727251275e+02
-4.507592366986596488e+01
-3.003921152677731357e+02
-1.872665731686838697e+01
2.151174447978238220e+02
1.039945898831835365e+02
-5.167716031463804711e+02
-3.439669943585689680e+02
-7.373739370287814836e+02
4.943383524996859251e+02
-1.129668355910561246e+02
-5.851611967401720449e+02
-4.788981505797095224e+02
1.693870651096667359e+02
8.418291188762509591e+01
-1.816694658816980734e+02
-5.284116678151737005e+02
5.882031199447819745e+02
1.871103569439050034e+02
6.697960361956608821e+00
1.650028673828820729e+02
1.495302084310374084e+02
-1.440149549617503340e+02
2.278832696307847527e+02
3.538128192681883775e+02
3.784748588344704672e+02
-1.341675901874936301e+02
-4.033261060235823834e+02
2.854671629620061424e+01
6.359404941864013381e+02
3.712739300383032628e+02
-3.293916748872945277e+00
1.536972004870865760e+02
2.242454805191639196e+02
-1.479993073947366327e+02
4.949717129835117362e+02
-6.007376890549611517e+02
5.604509664470602104e+01
3.287072084905751694e+02
-3.701376095050675872e+02
-1.717206507276203808e+02
6.194720074785296902e+02
-1.883456318781009742e+01
-1.015113155080108243e+02
3.473399673504284806e+02
-2.757286658190325284e+02
-2.392513572833977378e+02
-1.905221694689729475e+02
-3.390189027401539761e+02
-4.830135988925415091e+01
-2.475740499937910144e+01
7.732575460376261844e+01
2.972341372373110246e+01
2.264837726928521420e+02
-5.070566735056968923e+02
-1.143202582693715925e+02
2.316944325842911496e+02
6.633786250993562135e+02
1.304843760060161344e+02
3.936099159495214508e+02
3.874476291961411221e+02
-1.491867674825637735e+01
5.970752526934903415e+01
-6.713319977116056769e+00
-4.513388091507694071e+02
1.960674969867063737e+02
2.851888100297967412e+02
-2.037602394907227961e+02
-1.406845217954288501e+02
-3.788422323128563107e+02
-5.512353848130869665e+02
-1.532971983211301215e+01
-4.402729128352908816e+01
-1.879850628044065388e+02
9.060362614739499065e+01
-3.251515425022557224e+02
-1.393876307290555587e+02
-4.917504184435206867e+02
1.038123543753773532e+02
-2.075773315079509302e+02
-3.286704977116503414e+02
-7.331846700853938614e+01
6.459776169972608386e+02
4.697264289759576172e+01
-2.916552779340078700e+02
-3.528098371168526910e+02
-3.898960140393478468e+02
-4.932910770541002421e+02
-2.226471302551158971e+01
2.178456266275967721e+02
-6.579697055176860658e+02
-6.379532580427581223e+01
-2.590362918840024804e+02
1.714506988535350018e+01
-7.432081119864508878e+01
-1.861924489001830807e+01
1.117775439560553252e+02
1.007668048870560540e+02
-1.962824041887930093e+02
1.459429220763800288e+02
1.292478239520415855e+02
-9.009626980586148193e+01
-1.324062848882909975e+02
-7.234285180262313020e+01
-7.093650769900193609e+01
1.429699091629054521e+02
4.151619965593471306e+02
5.630853434893719367e+01
-2.184386544003943342e+01
-1.744870650940440271e+02
-4.163788917864429777e+02
-3.376158840747366412e+02
-1.079580292834288997e+02
3.710736075325731349e+02
-5.947373699512761647e+01
-1.809550784541851556e+02
-1.883021531593754219e+02
3.627772850548885231e+02
-9.583400037766635648e+01
2.580114144958417910e+02
-5.426954802686719859e+02
6.888529524646234847e+01
-1.791016769494208347e+02
2.875134133786363009e+02
-6.273165575224609256e+02
9.166602324893457876e+01
-3.818863610215052518e+02
1.573876113201933151e+02
2.598019562354344316e+02
-1.132526608982095553e+02
2.402818057579701474e+02
-9.070887411464381955e+01
4.066243155510724705e+02
-2.738497327452546415e+01
-1.634091543322941220e+02
7.070745255342703040e+00
-3.830346439233459819e+02
-1.452807285046325347e+01
5.273946545043464766e+02
1.074128632675364798e+02
2.839216443476358904e+02
-1.082550210531129693e+02
3.171174432630626256e+02
1.389285154659335717e+02
1.886898863019101924e+01
4.431434800000948115e+01
-7.104248099663836911e+02
3.109491273850106836e+02
-1.522267753718119820e+02
-4.134585679934201039e+02
-2.820537041345745592e+02
2.095259615617384270e+02
-4.325204349984127106e+01
1.241236470082283034e+02
1.190537138737049503e+02
-5.311975925886119967e+02
-3.562590929897286287e+02
-1.286864001718392672e+02
-1.394845605844050169e+02
1.567830781555092479e+01
-5.181217789795674662e+02
2.004989526177470083e+01
1.785445157595033550e+02
