1.553266508658475686e+03
9.185671003494915567e+03
2.633741040292089383e+04
-8.551414451598062442e+03
3.209630281804174228e+04
4.561613169207357714e+03
1.191426502734878159e+04
-2.556614142818868913e+03
-2.518630530738780635e+03
1.766852667037449282e+04
-1.571921595394003134e+03
5.331862380307185276e+02
-8.854621699658686339e+03
1.249108580198528216e+04
1.884538708704381861e+04
-5.455622544099393281e+02
5.541379690223011494e+03
2.166175457342255322e+04
5.419435871898906043e+03
1.379166370920944428e+04
1.170420647050624666e+03
-1.607934848214886915e+04
-2.863312971293516239e+04
-1.097526067645609510e+04
2.438420770082533636e+04
-6.712148024740767141e+03
1.081789139973229612e+04
6.857338750143259858e+03
5.111963451079532206e+02
-3.020466579036343319e+03
-6.725871636806298739e+03
-3.540690955868154106e+03
-1.885600307861859983e+04
6.014758734097803199e+02
-4.079378129469265332e+03
1.633617390870712370e+04
2.606046686055936334e+03
3.281409927475546283e+03
4.975775040488252671e+03
2.479781978085943024e+02
-1.966659334268867269e+03
-1.401179478660728455e+04
2.462868699564482085e+03
7.373602555099630081e+03
3.915602183147309916e+03
2.866632866494042901e+03
-1.610482399889887711e+04
-4.981617151728213685e+03
7.541344682738083975e+03
-1.336556736103460389e+04
7.189712914457827537e+03
-1.251382797684435218e+03
-3.179527501501007282e+04
4.227031111398333110e+02
-5.025092575960440627e+03
-4.038228948379009125e+03
8.203183025999722304e+03
-1.393932505542114268e+04
1.468179439833581637e+04
1.838563395486279842e+04
-1.239342157583714834e+04
-1.171511564921931858e+04
6.910493383961553263e+03
-1.644981560094963061e+04
1.159149605136327773e+04
2.463097673945390852e+03
-2.161353069845737991e+03
-1.550504359314887324e+03
2.091361787090104372e+03
-1.760810879495479412e+03
-2.030334186868942561e+04
2.103829548561506454e+04
9.717946708526966177e+03
3.854315569096214858e+03
-5.873328132972901585e+03
1.844705097534355446e+04
2.712588712584942186e+03
-4.097166746346196305e+03
1.664600483035263460e+04
9.186422873012961645e+03
-2.165338152086386253e+04
3.193306100266035173e+03
-7.999132320988915126e+03
8.408316948852729183e+03
-5.651847123511728569e+03
-5.118696880951640196e+03
-3.804526995182915471e+03
1.225270109377774679e+04
-1.619673954774222511e+04
-1.125033962143295184e+03
-1.303543002083758256e+04
7.832134426761619579e+03
1.369523249585495932e+03
1.030332143358455505e+04
5.873833052716361181e+02
6.051103138100494107e+03
6.843660524530717339e+03
-1.752012697816962145e+03
9.008414992532594624e+03
1.236012440546183370e+03
-8.002729295722822826e+03
8.113125487650972900e+03
6.712281608137413969e+03
1.045722382057992945e+04
-9.734306079024919427e+02
-1.941869556243293482e+04
1.252084861499196086e+04
-1.279377204034880015e+04
-4.350117107885149380e+03
-1.280697400491120607e+04
7.056495955165431042e+03
4.523096556151808727e+03
-1.226146789307180006e+04
-6.723704028755153558e+03
-1.664406969615832713e+04
-8.494224856152895882e+03
1.090929169328755233e+04
6.025761203310820747e+03
2.660887852253936217e+03
-3.238917074167416285e+04
2.935196742523680314e+03
3.095869624912143991e+03
-7.563222233353384638e+01
6.346169559691443283e+03
-1.766252990950654930e+04
1.010996557527454570e+04
1.582277667525879588e+04
-3.441874377744707090e+03
5.489534527213716501e+03
6.575334642006211652e+03
-6.844319143536585216e+03
1.463954376303647905e+03
2.498536177452666379e+04
1.176342715040975833e+02
-1.031387702079861992e+04
1.236772199239367637e+03
3.068748312134487605e+03
1.464034877548702025e+04
-2.518679828454398375e+03
2.523864177961106543e+04
-7.931634420613923794e+03
9.398159084181323124e+03
2.081077147361203606e+04
8.132308631491922824e+03
-1.009463368751543385e+04
3.566463896213601288e+02
-2.946038160962541497e+02
-4.337556961419656545e+03
9.217662364731872003e+03
1.903643114866470569e+04
-2.598470680965140855e+04
1.838784607665434669e+04
-7.212100035817772550e+03
1.211669191221710571e+04
1.187343340982091831e+04
1.157250944900270042e+04
3.268320416435591596e+03
-1.522183398197736642e+04
-1.376722690525100188e+04
-7.763764167559919770e+03
-9.369222518981248413e+02
1.012676959591072773e+04
-1.617033044761563724e+04
7.460129882939302661e+03
9.214176983562374517e+03
3.017395124654368828e+03
-1.636220034525185656e+04
-1.394904743271053576e+03
1.192766552502129889e+04
-9.608736410246001469e+03
3.591918868988925169e+03
7.996484660363460080e+02
-3.987155109807696590e+03
-8.604448921221257478e+03
1.956214197616578531e+04
-1.440387472008469103e+03
1.664568828201089855e+04
-1.207695083151747713e+04
2.481176851827330211e+03
1.398652399057150433e+04
5.400862817210550020e+03
1.639050641107629053e+04
-3.909529882844636177e+03
-2.934101103516895364e+03
1.103989677580490570e+04
9.283023316003995205e+03
5.871894983717773357e+03
2.616435325918653689e+03
5.112113859064991630e+03
-8.453841049892620504e+03
1.075156880617943170e+04
9.867883779123147178e+03
-5.190068274744919108e+03
1.725888801284182045e+04
4.542913900462488073e+02
8.885009455459527089e+03
5.802024526653754037e+03
1.681509615083467361e+04
-1.411197730561109165e+04
-5.669604039605088474e+03
1.966213008921206347e+04
2.441639504955380744e+03
-1.344510126451331962e+04
1.289309752166978433e+04
-7.175168562303510953e+03
4.081617052043543481e+03
-2.155070581125629815e+03
1.718351778469811325e+04
-1.384397228229996654e+04
-4.186972854449516490e+03
2.116257124402305635e+04
-4.174864136625194078e+03
1.010742190683418812e+04
1.219098731347106514e+04
-5.476297032926382599e+03
-8.238535440219699012e+03
8.354709959333926236e+03
2.103682912278198273e+03
-2.758907780562180506e+03
6.248454389471745344e+03
-8.408880289747479765e+03
1.214785541537828794e+04
9.634748959874261345e+03
-1.918089354743060994e+03
3.348308962761855128e+03
-6.539937748180232120e+02
-1.304357120484043480e+04
-1.141637136434825334e+04
1.142911083878170211e+04
-1.318476744471304846e+04
-1.532169515686198793e+04
1.690452058833388264e+03
5.755183923644666720e+03
-1.379317320224594141e+03
1.143606855853921479e+04
-9.498930108473774453e+03
-9.877716979844308298e+03
1.255748659924635604e+03
7.767107763275298566e+03
-1.621153729465519609e+04
9.960641088186810521e+03
1.910279623537988755e+03
1.811887339783029802e+03
4.121821894895574587e+03
2.141075100685243160e+04
-4.062224765505914093e+03
-1.076212439860002632e+04
-3.178398791020093540e+03
-7.722246280068806300e+03
-3.720264635281416304e+03
2.362499302571615772e+03
1.149921008994961630e+04
-1.325326009891486137e+04
1.426609415419560719e+04
1.519484449746415339e+04
-6.363271028273710499e+02
2.262968627015374659e+04
2.777500723587515949e+03
-2.452749223236332341e+02
-1.122803131920892702e+04
4.848831506598878150e+03
6.338227252865225637e+03
-3.264815470591306166e+03
4.297700025207240287e+03
-5.025920697005293732e+03
8.784105396694976662e+03
-1.805658245721590902e+03
2.490707299257277919e+04
1.011284982380163638e+04
-4.361426248175332148e+03
-4.357438082123597269e+03
1.173582596718294189e+04
1.525093970784180965e+04
-5.715830019298458865e+03
3.275123208000900831e+03
5.174029443874322169e+03
3.395385941858384740e+03
1.516893192003102286e+03
5.552702909494756568e+03
-1.034107594864103930e+03
1.239444771005146868e+04
1.496746241359820260e+03
1.078465655970578337e+04
8.214931236464250105e+03
8.116992550763961844e+01
-1.215505743606925307e+03
-1.850261110388638826e+03
5.050127229680934761e+03
-5.159204592021552344e+03
1.079824374526582869e+04
-2.623873848215640464e+03
1.406501978623183822e+04
-1.364654142030455114e+04
-4.455799709149473529e+03
1.207382041212453078e+04
6.544837243118007791e+03
-2.059850427873699573e+03
-7.990922969450262826e+03
9.093576946551711444e+03
-2.175776919890082354e+04
5.148701394561602683e+03
9.852957591413358386e+03
-4.751268899338809206e+03
-1.726969810555171716e+04
4.790122529195933566e+03
5.345414962399297110e+03
4.912929286750888423e+03
-3.363862753634602541e+03
2.925888756071753050e+03
3.479871409577457598e+03
1.605793900984833726e+03
8.964387060136981745e+03
3.590729523650839383e+03
5.174401844292835449e+03
-2.244811935049709518e+03
2.094232780412150987e+03
3.601275101500248184e+03
4.150511213466606023e+03
-4.704361897219693674e+03
3.209077204017681197e+03
-4.672804705658022613e+03
-5.075341193895483229e+03
-4.085003340735907841e+03
1.371623614157341581e+04
1.387101074382998831e+03
-1.943348732124234084e+04
8.379493493411495365e+03
-1.947220545278726786e+04
-7.338692926059479760e+02
-1.159414715814245574e+04
3.358600046852090145e+03
-6.501156635566078876e+03
-1.007477030920184916e+04
-6.236653458226304792e+03
-3.679638914704140916e+03
-6.094673721586534754e+01
-1.082447522477361053e+04
-9.504358499316811503e+03
-1.330378781247221377e+04
-1.685356391988251517e+03
-8.607074029126093592e+03
-2.285864397027556151e+03
-7.324648187550352304e+03
-7.642973257992125582e+03
2.420348583988175051e+03
1.769781404394782612e+03
-2.882901682089634505e+03
-1.146055328460241071e+04
-3.270826829949469357e+03
7.581722401409868326e+03
7.797945410893290500e+03
1.181607127508851107e+02
3.590445486994974544e+02
6.388306999808966793e+03
1.461949098112376305e+03
-1.014801763063339081e+03
-9.438412936327693387e+03
-2.002423779562786194e+03
5.442449701891021505e+03
6.215007410202470055e+02
7.638658333381195007e+03
-7.670198016059551946e+02
8.435622122898925227e+03
7.008627459186447595e+03
5.262039785011483218e+03
1.117287035660387346e+03
-3.065486457310753394e+03
1.332879446481039304e+04
6.073688519152542540e+03
1.054018281506433823e+03
2.739269526698195477e+03
7.323106969811798081e+03
-7.855991279990489602e+03
5.463373726411016833e+03
-8.748141049676307375e+03
7.503703616997114295e+03
-5.188652830281787828e+03
4.858664115125299759e+03
5.667642990390075283e+03
8.414002061167751890e+03
-9.945716510770143941e+03
-7.346201303022846332e+03
1.183438911176873626e+04
7.797907392283085528e+02
-5.005803164961006587e+03
-5.208131630718337874e+03
1.421140934928458364e+03
-7.539779769299703730e+03
-1.258102616331450008e+04
-1.414633625679439137e+04
6.854902989306876407e+03
-7.097358170359353608e+03
1.168549614563772229e+04
1.807435451701184866e+04
-8.918719460671703928e+03
1.089028279763619321e+04
4.505224344073328211e+03
-3.681647156006698424e+03
-1.083136074848735552e+04
2.275837078411438142e+03
-4.586004647864266190e+03
-5.945679605011725471e+03
3.987326094866941162e+02
1.170550576530950821e+04
-5.621401237730118737e+03
-9.480863769019016729e-01
1.081640161103144419e+04
-4.225695165703278690e+03
-2.382509402845875593e+04
-5.499326037441877816e+03
-1.965700269124150145e+04
1.224815692043352465e+04
1.289420242201838664e+04
5.464392959722650630e+03
-4.289587146811490129e+03
-4.499159779908233077e+02
-9.248383305895167723e+03
-8.067639459950486525e+03
-6.679299836088475786e+03
4.675355417171323097e+03
5.962649063491739071e+03
8.434302650174438895e+03
2.351109342721213034e+04
-7.638620433954002692e+03
-2.692020193649632915e+02
-2.466083027300232516e+03
-8.847115648028726355e+03
1.816217258641894659e+04
9.495613480685131435e+03
2.544065472658645376e+03
8.987532654370279488e+03
-8.901731735849518373e+03
-4.165859460036167548e+03
7.763603100903123050e+03
-8.213405335890556671e+03
-5.077696179340643539e+03
-8.148745481514787571e+03
-4.398653997911769125e+02
2.395327047630982634e+03
-1.352927686861969505e+03
1.415524225252580072e+04
4.644667196216451885e+03
1.052572542413837255e+03
4.547506308856949545e+03
-5.728303868504706770e+03
-9.589234617498093940e+03
7.655031378499718812e+03
1.151591296457249655e+03
-3.414457731818483808e+03
1.363922352501967907e+04
-6.827373610179146226e+02
2.282231827820801300e+03
3.161548413219193208e+03
9.354238319647602111e+03
9.417575875763036493e+02
-3.429698994407347641e+02
3.066572113299411285e+03
-1.229421872258465010e+04
-8.281518126804747226e+03
2.736257936768939203e+02
7.664401633619864697e+03
-5.662339750416542756e+02
5.805113705643006142e+03
2.565926470329709446e+03
-5.229243733250636978e+03
-2.576115765553942310e+03
1.328044492062015343e+04
-8.259391095633100122e+03
1.703133875137515645e+02
-8.550070567143773587e+03
7.951692760370402539e+03
-1.148555252602051041e+04
-1.256186585053780618e+04
7.736794787035837544e+02
-2.225462063459396086e+04
-3.024158432799661114e+03
7.369097283034976499e+03
-3.952781031323655043e+03
-5.675159898984104984e+03
2.176374591134177990e+03
-1.240460490452974591e+04
-1.502001054570797714e+04
9.096179709862637537e+03
2.392763637967334216e+04
-7.601472258301426336e+03
-1.063360633850530394e+04
7.760849918732408241e+02
-5.396992725653601610e+02
1.086319238931345899e+04
1.139192283925260017e+04
1.526176728264569829e+04
4.667113663873674341e+03
-5.329838678342017602e+02
8.028234989014933490e+03
4.083905269431290890e+03
1.609144874095656519e+02
-6.216706864690061593e+03
8.884222765920920210e+03
1.714620707306274198e+03
1.289466609593223075e+04
6.726612997704783083e+03
6.541305475667965766e+03
-1.842052921593595443e+02
-7.985278827256757722e+03
1.510515548673040030e+04
-6.236172323957342996e+03
3.734178325968860008e+03
-8.062821539578445481e+03
-4.685216564957426272e+03
-4.146975369070915804e+03
-1.107822693824127236e+04
-3.249691805917736019e+03
1.578633675556093749e+03
-1.665882360086519475e+04
1.058499132724299670e+04
7.391718772010122848e+03
-4.035331240408680515e+03
1.433781275928442710e+03
1.044703883872402548e+04
1.546483201660018494e+04
2.295930242282398012e+03
3.354943296217483294e+03
-1.664745202938178772e+04
1.740114528441260290e+03
2.159547783381589852e+03
6.690039077538290258e+03
8.593722180953476709e+03
-1.969267876354034797e+03
-3.464953134700926967e+03
8.747703955958389997e+03
-7.054679167598130334e+03
-2.540897078024630446e+03
-2.208161632463073329e+04
-7.128302637101273831e+03
5.799081867959443137e+00
9.960992106353633062e+03
1.910021058283926550e+03
-1.679645277940382584e+03
-1.108118852190962389e+04
-2.171400021408070825e+04
-4.306785894360035854e+03
1.025636327376298823e+03
-3.971923837850421478e+03
-1.241170144272418656e+04
-2.658691952569587374e+04
7.453757909887890492e+03
-8.377893355889122176e+03
1.974649565905223881e+03
1.375524347803684213e+04
-1.183218389036474218e+04
-1.599742859977952685e+04
-8.866050169567592093e+03
8.939511604680203163e+03
-1.025755551072982780e+04
-2.155015043565321321e+03
-4.661425705966235910e+03
-4.127882325055861656e+03
9.970470549481931812e+03
3.819637658642725000e+03
1.930663129508228303e+04
7.924591184957064343e+02
1.057378564710669707e+04
2.164325818985969818e+03
-1.586057941824274167e+03
-4.255944389607676385e+03
1.649835849564163800e+04
-3.819969059349357849e+03
7.580983847895633517e+03
3.545975484176233863e+02
1.392765398354575882e+04
-3.703094966685103827e+03
5.921576864021307301e+03
-1.305896298958044463e+04
-6.793406412573903253e+03
3.335256847812085653e+03
-8.088954140495594402e+03
-1.324607066746475721e+04
6.956477639804067621e+03
-2.282111798882603182e+02
-8.305392791511870882e+02
-1.803827162470800977e+04
-1.393607006373620607e+04
2.845832231305286314e+03
-1.913720372435832542e+04
3.067032459374907830e+03
-2.021921406074340894e+03
-1.014887781296362664e+04
-4.151676440623694361e+03
1.479092832555297537e+04
-7.544219268072515661e+03
-5.822013780212546408e+03
-1.121323444078380453e+04
2.587829178026274349e+03
-5.839167663390368944e+03
-3.153426101033024224e+03
9.000078466564524433e+02
1.192328081081528944e+04
5.693403615383060242e+03
8.621636644028409137e+03
1.863654582433645146e+03
1.276754113522740045e+04
1.168259502701396559e+04
-1.250948794991310751e+04
-3.472165354061047765e+03
1.283198994827638307e+04
-1.402339086412067263e+04
-3.051293739257594552e+03
7.993567446698210915e+03
-6.249758431183438915e+03
1.749426170295989323e+03
7.502933823617213420e+02
1.353025312878443629e+03
-9.369694950819672158e+03
2.141620121010173534e+04
-1.211064213671817470e+03
-2.400657464918929691e+03
9.716274530218852306e+03
-8.331959470939558742e+03
-6.487020885918015665e+03
-1.002795273838706089e+04
1.035895739037103158e+04
-1.186670700854015558e+04
-6.685510956551949675e+03
5.001076561620499888e+03
8.186485668746086048e+03
-7.092266363249277674e+03
1.182179928395361640e+04
7.615810224015417589e+03
7.465717807056327729e+03
1.165324368343528704e+03
8.382764002869525939e+03
-3.403000491219257583e+03
-8.791971783570563730e+02
1.276907595968444730e+04
-1.939045008628327651e+03
-8.431786785178788705e+03
-9.092279316697573677e+02
-1.372634873265635360e+04
5.149687198913155044e+03
4.197606567661708141e+03
-2.758871659789233490e+03
-5.892341017722820652e+03
7.335949060322679543e+03
-7.211291615527407885e+03
-1.176755215734662897e+03
-6.038074764244509424e+03
-3.647230282425253336e+03
3.454354529469743284e+03
3.302307879349655650e+03
7.215748582234112291e+03
1.988740647459400134e+04
-1.241492304525316649e+04
-1.011595680341404841e+04
-4.765406720210498861e+03
-5.229266509038849108e+03
-2.066811627193333607e+03
-1.244440647670506905e+03
1.255863636586922638e+02
-1.627398473173363072e+03
-3.279311625043042568e+03
5.239150797789045555e+02
2.161844734104101008e+03
1.368120541749549920e+04
-4.903765326158129028e+03
5.710417408542037265e+03
8.009475344800478524e+03
-8.753168218896271355e+03
3.959649820442981309e+03
2.219684358105500451e+03
-6.105481584908161494e+03
-3.321418211432544012e+03
6.886695828480652381e+03
9.978819374755226818e+03
1.048343590260423071e+03
6.743549669473970425e+03
6.372495884966282574e+03
-1.507240497746595611e+04
9.477146402214311820e+03
-9.657231101689940260e+03
-5.254871057787818245e+03
-1.644001020593170688e+04
-1.080692134335440278e+04
-5.319769864878145199e+03
1.115973247943783281e+04
-1.235287279719220578e+03
1.023086538505161298e+04
-1.220186101802615894e+03
-1.111555382209644995e+04
-2.537883783462934389e+03
-6.072874132407410798e+03
-5.736102018094446066e+03
-2.509600565530801759e+03
-1.394312202765121356e+03
-1.079211794195662833e+03
-4.095192425443950924e+03
5.099190795611087310e+02
5.934732903080560391e+03
-4.953935952547977649e+03
2.040894266676438201e+04
-9.404045666285235711e+03
-5.024844095574008861e+03
-1.298908060177545303e+04
1.358755356845712777e+04
-1.054447379582220674e+04
1.230698268070649283e+04
4.297340626276521107e+03
-2.260231336438892413e+03
-1.126067781857709178e+03
8.670381621825708862e+03
6.880664702632975605e+03
-8.044713491189827437e+02
3.504637215928795740e+03
1.826441619589665152e+03
-9.030407066183544885e+03
8.852073256901945570e+03
7.129833355801099970e+03
7.691949108845836236e+03
1.513451907102952282e+04
1.087656942002313735e+04
1.956669558567282002e+04
-9.473895200209222821e+03
7.596654064375053395e+02
-1.626348618073232046e+03
1.053073492247845451e+02
2.435751570108638134e+03
-4.264223904519715688e+03
1.044611192098534048e+04
-7.029608407671764326e+03
4.004555466312706926e+02
2.883071739167242413e+03
-6.008517494992244792e+03
3.338888804056557092e+03
1.195479473133622832e+03
-8.018254703134421106e+03
-1.794667530583308326e+04
-7.567736816846479996e+03
-4.211863940041740534e+03
2.066968010846986544e+03
-8.137300813768199077e+03
-5.283641253369598417e+03
-1.814183969214939862e+04
1.124891661332619697e+04
-2.036533548030072780e+03
-9.698549392737120797e+03
-1.258588309826185650e+04
9.717228820664347950e+03
-6.968866818784153111e+03
1.268988253374711803e+03
1.880899758618851081e+02
1.252445249682662961e+03
5.058352162447099545e+03
2.321298384816957878e+03
1.935410870788366810e+04
-1.084827660850136999e+04
1.138057918660776886e+04
9.139033544271091159e+03
6.386312366178250159e+03
2.090806835302026201e+01
6.287157265237975480e+03
1.803934059862633148e+04
-6.669181342515779761e+03
-9.403968481982205049e+03
1.211740184783320728e+03
9.499305107245125328e+03
5.005440770638458162e+03
-8.467561242783798434e+02
-1.508375834299793269e+03
1.119757480869013307e+03
-2.485668014626403419e+03
-4.867584649652264375e+02
5.397607688947235147e+03
-1.200560237523429532e+04
4.819687432334233563e+03
8.700514170591093716e+03
2.831366889594461327e+02
-1.826508770613843808e+04
-2.563215055962507904e+03
2.804173575030502889e+03
-6.886941184861305373e+03
-2.066067340151853386e+03
2.082893217957131128e+04
3.057432722832687432e+04
-1.053402693223841652e+03
-1.653042376096081352e+04
3.036740677246009909e+03
-1.276631249589135405e+04
-1.123187928387221837e+04
-6.839799616543446064e+03
-1.224427939728870660e+04
2.692125471899405966e+03
-1.754293585425105630e+04
-9.323496214698467156e+03
4.942410284943282022e+03
3.260532933474624315e+03
-5.762785910965692892e+03
2.861158852706879770e+03
1.327880678594032725e+04
-9.381465312591384645e+03
2.226492788114289942e+04
5.036253402969130548e+03
-1.908549305244399511e+04
-5.796410242547000962e+03
4.130832532045781591e+03
-3.056508408572805365e+03
1.363300813810388172e+04
1.747380371220080269e+04
-1.067726596965493081e+04
-7.978177208979171155e+03
5.960986329204893991e+03
-2.860823632584176266e+03
6.632542524640733063e+03
-4.507526680061683692e+03
-3.962416086862701832e+03
3.502358792908295527e+03
-6.920734934614896702e+03
-3.683752121450439518e+03
-1.832920685888488879e+04
-3.182271972041475010e+02
1.307914528800311018e+04
-1.275287761661248624e+03
3.169214007955934449e+03
4.876147148994142299e+03
-4.386026237746469860e+02
-8.540031099413164384e+02
-5.363917160324027464e+03
-1.201728990675070963e+04
5.745640860245493059e+03
-4.911550245286558493e+03
-6.397503831273706965e+03
1.576237994736857763e+04
1.771618857973639388e+04
-6.296504727292053758e+03
-1.488111633948363487e+04
3.870640682837383338e+03
1.736653674112419139e+03
1.220089443836392820e+04
-1.554632827776370505e+04
1.537621252730850938e+04
5.050009567282606440e+03
4.643510755432220321e+03
-1.692915784204109514e+04
1.469103414101898579e+03
-2.724299910683966118e+03
2.330874934347275484e+03
-7.485913394349727241e+03
2.449015358598168405e+03
-2.107081873115192866e+04
-1.934788925537937303e+03
-4.047192778211171571e+03
-1.989353322314120078e+03
-6.104319238438939465e+03
-1.483628846529996736e+04
3.107874453520216321e+03
8.938880999781764331e+03
-8.079335648417116317e+03
-1.202480546622040492e+04
-9.468862457344619543e+03
-1.462609304081089067e+04
-6.571460424081280962e+02
3.512609659551294953e+03
1.436716995727062749e+04
-1.545576222831764608e+04
1.290645314093880370e+04
-1.294569449443681833e+03
1.758455460179354486e+04
-3.887098168919818363e+03
-1.832211650770181222e+03
-1.470873727345398493e+03
-5.649840603136181016e+02
9.036086753541439975e+03
-4.485818994329960333e+03
-2.741905769008033985e+03
-2.030337644866966730e+04
-8.333602182878830718e+03
-4.127759171301542665e+03
7.805565503711561178e+03
2.065386474245092177e+04
-7.807679410881432887e+03
-1.003062731605592126e+04
1.722775441924439974e+03
-4.708609188290212842e+03
9.905250032343636121e+03
7.512551020902309574e+03
-8.219404875046837333e+03
-6.688901548748671303e+03
-1.148868684774682697e+04
8.654580002539230918e+03
7.745846324183202341e+03
-1.316187270945053206e+04
5.375538210199976675e+03
1.923918016148749643e+02
1.153229997780987651e+04
-4.532663030956700823e+03
3.511950230814470615e+03
1.866075300641474314e+04
4.367283854369729852e+03
-1.337879558876393457e+04
1.639755291747848605e+04
-5.858511367762324880e+03
2.112941338658211862e+03
1.068835499149682983e+04
4.591917369479401714e+03
-3.577908189621386100e+03
-5.455112459497039708e+03
4.144927824926866379e+03
1.300733862286753322e+02
-8.228963359529689114e+03
2.364500793276791956e+04
-1.140029392325638764e+04
-1.697807224197664027e+03
3.401530801488339876e+03
-2.366658986391490180e+04
3.217143789080042552e+03
-8.264327655791039433e+03
-3.997728896307243758e+03
-4.520539000904532259e+03
3.367108818594127115e+03
1.627620150308619031e+03
6.424818970904863818e+03
1.117406854721274067e+04
4.589823720466813938e+03
-1.054831829324836144e+04
-4.363470691226611052e+03
-4.696536273032332247e+03
1.290705991101648351e+03
-4.037019342390762631e+03
2.209827298666000934e+04
-1.810965877085141983e+04
-5.545828340308594306e+03
1.494985933758732608e+04
4.153860764159593600e+03
8.465167977469483958e+03
-4.147735062542972628e+03
4.930282524763573747e+03
-2.881239703297205324e+03
-8.511696535071190738e+03
1.162423519889723138e+04
-1.025619651840435154e+03
1.387739763639741113e+03
-2.105466941932961618e+03
4.037798205381649495e+03
-1.638750716705616651e+04
2.924907949792257568e+03
-1.613989182693895827e+03
-3.924551830080428772e+03
3.509936254611804998e+03
-3.076301120882331816e+03
-1.867216315597189123e+03
-7.787540403174461972e+03
-1.542213913430313823e+03
4.637186971087809070e+03
-1.847162005274288958e+02
-8.733533548675048223e+03
4.696149415271401267e+03
8.353906541975107757e+03
6.180298793109122016e+03
-2.102546515457606074e+04
-1.653051710105847860e+03
3.073532200364697474e+03
-6.144771576662099505e+03
1.201956156351277241e+04
-1.796470975894264120e+04
-3.397032822383708663e+03
9.129829301406458399e+03
1.590452803896631485e+04
-4.446471298941482928e+03
1.626285503199147024e+04
6.673692058614955386e+03
9.685390650335586997e+02
-3.137980682064892790e+03
8.651455900646846203e+03
2.806263742964680659e+03
-3.352336780343550799e+02
6.307651192120164524e+03
-4.680643071783149935e+03
-5.639901999104067727e+02
-8.986743483739057410e+03
1.237767454673480097e+04
-4.608936814989523555e+03
1.172512753421967500e+04
1.671503066002428022e+04
1.168816448532534559e+04
-2.999884896221420149e+03
4.051306872693975947e+03
1.504999246737548447e+03
-5.639587573679345041e+03
-1.151793276541222440e+04
-4.895943244649241024e+03
5.398061566142015181e+03
-1.939888568616902558e+04
-8.916291059270852202e+03
-2.829468878837122247e+03
8.619851110420651821e+03
-1.239164202191088225e+04
2.058703235430089080e+03
9.141087060340179278e+02
1.003673847122554980e+04
1.208638230166764333e+04
-1.535958856119041957e+04
-2.859143684666765239e+03
-2.679110741727662116e+03
-4.947370460560618994e+03
1.298676459131260708e+04
1.010750267669312598e+04
-9.231824117249949268e+03
-5.979801408864593213e+03
4.162449605711710319e+03
1.983232364186694895e+03
-3.880151642885905403e+03
-1.915126500489851423e+03
-1.455262207949931326e+04
3.246373369836558595e+03
-2.458078305276777428e+03
2.630418837000941130e+04
3.390443887031664417e+03
2.066672587923135143e+04
-2.083957297788221695e+04
2.387112028305816693e+03
-8.733229781242862373e+02
9.208678318566147937e+03
-5.568961901785122564e+02
4.399340553924385517e+02
6.984260494617104996e+03
1.646428951703746861e+04
5.577487794833028602e+03
9.035502981844596434e+03
7.211172549471551974e+03
5.965536592083348296e+03
1.114976557916569618e+03
-5.632798767522624985e+03
-1.930741978147146438e+04
-7.202447330383973167e+03
-6.097390981441028089e+03
-3.282521657550367763e+03
1.484823415084296357e+03
4.879604613375816371e+03
4.617207032639090357e+03
-4.368281743265340083e+03
1.428190138429959688e+03
2.022874771131659872e+04
1.118595039019957221e+04
-2.240894043518937451e+03
-4.769475175263994970e+03
-1.082526086996456615e+04
-7.131194610834000741e+03
9.987003026820673313e+02
1.341798655672803307e+03
6.185831311940548403e+03
2.365822019944790554e+03
-1.184735970333222576e+04
1.103361780137608548e+03
-6.559218383077696899e+02
-8.199370640394512520e+03
-2.180999222479371747e+04
3.397893599944623929e+03
-9.616075300737431462e+03
-1.163846677281475604e+04
-1.148581517685102881e+04
-1.005559329478222253e+03
-3.529475963502364948e+02
-2.626062001678073557e+03
9.628617633632844445e+03
-5.318568160174511831e+03
5.335599273203512212e+02
-1.282021587780657865e+04
1.001848458871315052e+04
7.680903203964157001e+03
-9.117625759721267968e+03
-2.427928615631565845e+04
2.575719124836901301e+03
-1.707124798091250113e+03
-6.747855315946389965e+03
5.079026509044532759e+03
-3.533215481341960185e+03
1.586568922138296784e+03
-1.410639817298925300e+04
1.789429327071781518e+04
-1.146148960053324663e+04
-3.601093296639571690e+02
-6.969393250077573612e+03
-1.410625810282034990e+03
4.333953096950920553e+03
-4.067053656140173644e+03
1.338786533473769305e+04
5.235984022834581083e+03
3.692895132511821110e+00
8.073614556277526390e+03
-5.643415488092513442e+03
1.554889352071983376e+04
-1.984014647301375589e+03
1.504371335377667674e+04
-3.325802116920099252e+03
-4.248410811244172692e+03
-1.018769693570477830e+04
1.114016541233747830e+03
-1.486714635805632133e+04
-1.090924166986561613e+04
6.850668847266339071e+03
3.464493728047789773e+03
1.465806688361163424e+03
4.168113735847693533e+03
7.586396512070652534e+03
-2.429345428891369465e+03
8.525943001849871507e+03
1.549473715539021214e+04
-7.102099001392900391e+03
-5.818272141135516904e+03
8.398034871882351808e+02
-2.411174223384842117e+04
-1.048378049167422205e+03
-2.058418799140769625e+04
5.144426984144935886e+03
-5.441600156460616745e+03
3.106545370399271633e+03
-1.094005478763322026e+04
-3.561427796499071519e+03
2.778650513838726965e+03
4.364362510490941531e+03
-1.146813709596446870e+03
-4.292322048345877192e+03
-3.474610391408459691e+03
-1.583407245184155363e+04
-1.371041296829341718e+03
-1.210863616248436847e+04
-4.198889110306337898e+03
3.148154573819383018e+02
-3.981302601257957576e+03
-1.039971678463623903e+04
-1.916804179416247962e+03
5.296370481097708307e+02
1.619031599726856030e+03
1.335294217007269799e+04
-3.976122313973353357e+03
1.086989584576104244e+04
-4.597397463187712674e+03
-1.720027640107905609e+04
-1.281128396508289552e+04
-1.170128161835171340e+04
1.960233026363478712e+04
3.784282210751605362e+03
3.658458011761032594e+03
-5.581193558207219212e+03
-5.606896785965061099e+03
-6.251218597543293072e+03
4.827738940390877360e+02
-1.990268495761140684e+03
1.224407879846344804e+04
-4.564372528865505956e+03
5.411979264789042645e+03
2.324317155619141431e+03
-1.077258936161118618e+04
6.357262319263869358e+03
8.283108855107548152e+03
-1.751437319418317566e+04
1.064620809580668356e+04
-2.547940598241747466e+03
-5.830514716689240231e+03
6.516231399639101255e+03
-1.483065964731481472e+04
-3.921643803578586812e+03
-5.853558637541772441e+03
-2.294968609854040096e+03
9.349380011718058086e+03
1.537654191286292553e+04
4.401166498752834855e+02
-1.651254184961766077e+04
5.198955055157373863e+03
-1.246394129506880745e+03
1.889626501786801964e+04
3.692272782130231917e+03
-4.343117369717618203e+03
-2.820385085686302318e+03
-1.010852194722829881e+04
-6.743417848701933508e+03
-7.187502982725311085e+03
-4.764056576811892228e+03
3.026056732148722404e+03
9.418857196043479689e+02
2.991807908407728064e+03
-3.145335836348756402e+03
-1.445872285224977713e+04
8.363213977444811462e+03
-6.920952183410890939e+03
1.456969627380851853e+04
-2.486626156177146640e+03
-1.270531148962918309e+02
2.791981517203567364e+03
3.686216963980190485e+03
-8.236317905854107266e+02
-7.993160382329303502e+03
4.849860103324310330e+03
-8.774955308807333495e+03
-1.047587811581743154e+03
-4.216556682534379433e+03
-3.051426131306383013e+03
-1.732587922605852509e+04
4.747552536318603416e+03
-8.136465079609835811e+03
2.961128308123099941e+03
-6.426367943757641115e+03
1.328508423740797298e+04
4.635849214150546686e+03
1.103334576955277589e+04
4.813082958483923903e+03
2.143047196153849200e+03
-1.087529914605274098e+04
-4.933413903745307749e+01
4.488912503152953832e+03
2.370676306350424056e+03
-1.496272056974977932e+04
1.030852890218063749e+03
3.462535500425959981e+03
7.458896214766687990e+03
8.349637539024161015e+03
-7.389466762184059007e+03
-6.918083747514050685e+01
-5.840029350299718317e+03
-2.140623210696538081e+03
-1.466156559585030209e+03
-6.594419254227246711e+03
-8.956900302648802608e+03
2.551810950485128160e+03
-1.700237653963181583e+04
-1.199254117178233355e+04
-5.980322010360763670e+03
2.825159062258496760e+03
-6.814988316883465814e+03
4.098935034983626792e+03
2.119763576412877057e+02
-1.020221428293365352e+04
-2.592771197505434884e+03
3.471754791429400939e+03
6.283301428510583719e+03
-5.561429132737341206e+03
8.154836359922134761e+03
-7.249043631546621327e+03
-1.099237672329722272e+03
-1.306475522084827571e+04
-1.561499439738946603e+04
1.347755807479200303e+04
-1.201136809687777941e+03
-3.464287831740608908e+03
1.831570399651688376e+03
-1.449027113877041484e+04
-5.640431122365176634e+03
-8.707324476399957121e+02
-6.241028939283666659e+03
-1.283348150856145367e+04
4.393505774655201094e+03
-2.044964282093931251e+04
6.457426624780102429e+03
9.248459041695505221e+03
3.850958407127543069e+03
-1.706021364847457153e+04
-8.181751046391761520e+03
7.250828326462867153e+03
2.951423291215650806e+03
8.052962319129345587e+02
9.211297378078928887e+03
-1.190210480278709110e+04
2.577338314254503757e+02
-5.059128934760648917e+03
-2.232218209616458807e+03
2.402832909780272985e+03
7.496825262942590598e+03
1.091215864356573729e+04
5.381623409031292340e+02
-2.218282110459081480e+02
1.876138366375472060e+03
1.873508470939449035e+04
-2.608537479340664959e+03
-1.246255389708743132e+04
-5.997141303899373270e+03
5.716358501450882841e+02
1.266041664609496729e+04
-1.806917037049405553e+04
2.756380439728513011e+03
4.141447796764867235e+03
-1.757832893477455946e+04
-1.162943155124806253e+04
