-1.077342692438684753e+05
-1.371161869974816800e+05
9.528817618704670167e+04
-7.529441701903843204e+04
-1.578525586097673804e+05
-1.282304957036891865e+05
7.806493688866827870e+04
-5.370547899090376632e+03
1.658359194075869163e+05
1.286153077670695930e+05
2.009676835717061185e+05
-1.250418135497713083e+05
-2.748513174299172533e+03
-2.492279188056736602e+05
-2.396303130677076842e+04
2.362636183479993488e+05
-5.713606787253503717e+04
5.697166753277368116e+04
-6.103809322499104746e+04
-3.315151219406848395e+04
1.926072081065375096e+04
-3.196999518908012396e+04
4.703290744488359633e+04
-2.854885978618313311e+04
-4.322312941647342086e+04
-4.107821225088634528e+05
1.001376853671856079e+05
-1.132278616571707826e+05
8.334216543465261930e+04
2.849708912703968235e+05
1.764586445896068763e+05
1.142070087937168864e+04
-1.554814710059713980e+05
-1.424341942016796384e+05
-3.279226058774855233e+02
-1.724388165752612986e+05
-1.154503325881808996e+04
-1.118661352553171891e+05
9.360549135959605337e+04
-6.589743258895687177e+04
-1.699281050027597812e+05
-3.828015862548713922e+05
1.373733255738968910e+04
-5.908832878686927870e+04
6.981130758179409895e+03
-6.499444925006580888e+04
-3.217110701546814744e+04
6.053307623265126267e+02
-7.023106041755234764e+04
1.483947069070027792e+05
-1.541403060521192092e+05
-1.705840829982690921e+05
5.613495055096093711e+04
-1.677256947761171978e+04
9.064777982923253148e+04
5.568513748535147170e+04
-5.040246943454519351e+04
1.734830531622395793e+05
5.324741543580926373e+04
3.826703565019513189e+04
5.981171585451585997e+04
-1.813431651742602407e+05
-8.909443225087859901e+03
-3.416786791928162711e+04
-2.840481934471207205e+04
4.270480569981804583e+05
2.432622213197615929e+05
-2.247475083992431464e+05
-2.699324158608333892e+04
-2.501425089860166481e+05
2.923662913766733254e+05
-2.271610700473070028e+05
-1.731882445394175302e+05
6.899856660146871582e+04
-1.277711433017284253e+04
-1.365839013204338262e+05
-9.782073139647029166e+04
7.020360195755433233e+04
9.116753242205255447e+03
1.917512707533946013e+04
-3.481417699391149799e+05
-5.072258920670691441e+04
-1.415102233766541467e+05
-1.698925587394179893e+05
1.146909881988976558e+05
-2.469840395313421614e+05
-6.301816636082213518e+04
1.409820513042004604e+05
-3.366297442938473541e+05
-3.690910491749111679e+04
1.297108498021409332e+03
-9.246098264386517985e+04
-1.320716789416604734e+05
6.569876062878560333e+04
5.105994018842388323e+04
2.249491411569875781e+05
-6.953284346976099187e+04
-1.362309544239578099e+04
-1.112709725986273988e+05
1.145641243314923486e+05
2.879914243489869841e+04
3.858919035325418372e+04
3.248613304222988154e+04
-3.186640108917964972e+04
9.254353315301431576e+04
-2.415675817108861884e+04
-2.540240174826763177e+04
1.356098900616686442e+05
6.238957548794089234e+04
-7.761654273472666682e+04
-2.337595726580733899e+05
7.300779237195155292e+04
5.222739096850226633e+04
3.095882523308517993e+05
6.052473496240389795e+04
5.511888067409658106e+04
2.048321279403403169e+05
3.938820038429993292e+04
-1.072479696220777114e+05
-1.659402018312257715e+05
1.260454819492274873e+04
-3.577691610314225545e+05
-9.304176862129740766e+04
-8.613312480765138389e+03
6.781755586379845045e+04
3.580664697444393823e+04
-1.276895705358886335e+05
4.790742518047046178e+04
6.218187679362253402e+04
-7.313153387186943291e+03
-6.335910143651824183e+04
-1.944754772392683371e+05
-5.209560612981903978e+04
-1.383361770418886445e+05
8.736049346666468773e+04
1.190654508899777429e+05
-2.298995323811756389e+05
1.164946954624120990e+05
2.059742953576561122e+05
-1.253703076365622983e+05
3.423662643861242104e+05
1.856156390052025672e+05
5.174288478426346956e+03
1.021165885935037368e+05
-5.477076764294305030e+04
1.964950103948393371e+05
-8.705823013783273927e+04
8.655847482665149437e+04
-1.363353309718692981e+04
-2.569635778772890262e+04
-9.932039976789733919e+04
-6.822492925315663160e+04
2.057478591385428153e+05
-4.104417810604038823e+04
-3.560897997319167916e+04
2.038832406143859043e+04
-5.787730989867580502e+04
-3.511071467381042748e+04
7.302207560619681317e+04
3.040340931282278689e+04
-3.052835079887919710e+04
-2.420996099914624574e+04
1.102803364205165599e+04
1.907245025164392137e+05
1.169475631305030111e+05
2.050917604384539009e+05
-1.037401266824516206e+05
2.964746224881592207e+05
-4.510022431987009622e+04
-1.232151102024497523e+05
-2.321962944730351737e+05
1.062849720095355588e+05
-3.161890620193853465e+04
4.808729532064353407e+04
5.605615516853291774e+04
1.441354008236307418e+05
1.312664889997412392e+05
9.875495314189539931e+04
1.815369305017317529e+05
-7.096465418594572111e+04
4.457819764919856971e+04
-2.231111144682855229e+05
-3.620310266920925351e+05
8.057798208320858248e+04
5.597613845185250102e+04
-1.196342605485716049e+05
3.372100920226836752e+04
1.316754812704119249e+05
1.158992479101613280e+05
1.407962238280643987e+03
2.813278988823571126e+05
-1.240759412710460601e+05
-8.933300934847256940e+03
-2.343457325390982805e+04
6.770477704639019794e+04
8.012117048091400648e+04
3.625246417429671419e+04
3.757250939988889149e+04
-1.310154294516790105e+05
-2.059906435352212952e+02
1.993644081850950897e+05
-1.687626862891490455e+05
-7.781530981977123884e+04
-2.506490716364539403e+05
1.115472710006146008e+04
-1.003614441728597158e+05
-8.149818841554853134e+04
-1.901285794797630515e+05
3.636427669792296365e+05
4.042694134587275585e+03
7.252513110550931015e+04
4.085087983382419770e+04
4.915949101599113078e+02
3.131390588493251125e+05
9.888997455863680807e+04
3.297192001467780938e+04
1.276452452992679318e+05
8.063868426395389542e+04
-2.642389997117254825e+04
-1.821340490680041694e+04
6.676067562726078904e+04
-1.346088307663208689e+05
-1.364705710979760042e+05
1.012064446587343846e+05
1.189481256503591067e+04
2.331990364783572295e+04
-1.030278775947603935e+04
4.963489123596584250e+04
3.023641601463153711e+04
5.023731362626067130e+04
-1.202887724880804453e+05
-8.291942872402230569e+04
-2.263176202343436016e+05
-2.288142535080016241e+05
9.045013781058946915e+04
-6.837140603302886302e+04
-1.883849489936349564e+05
-7.996088190828279767e+04
8.087020089868792275e+04
-4.909317501844070648e+04
-1.470870400324344228e+05
6.773888117164230789e+04
8.152130627440642274e+04
5.963961881754815113e+04
1.496119451678514815e+04
1.884954781597348046e+05
-6.431313776055917697e+04
5.320061284910661925e+04
-5.465516678586519265e+04
3.856200957497678610e+04
1.358370420316290401e+05
-1.540531020930236846e+05
1.298631287868777690e+04
-2.450789754679228936e+05
1.979613233612957702e+05
6.470683809553204810e+03
2.899727751165326845e+04
5.098933151242461463e+04
-3.822495583030470880e+04
8.604748387908206496e+03
-1.209125964764973105e+04
1.677858707066207717e+04
-2.329296982292850444e+05
-3.537469418328740721e+04
3.307470325737116946e+04
1.340702784947836481e+05
-1.617589422502891393e+05
3.349834345655868674e+04
1.267320346070806554e+05
-1.639508636302998057e+05
4.806333334594850749e+04
5.108704905199674613e+03
6.671464550603368843e+04
-5.506676437739940593e+04
-8.467286064957665076e+03
-4.216858380869822577e+04
4.447280878517460951e+04
-1.731026369037456170e+05
7.699331997115857666e+04
-7.451296208842525084e+04
-4.215189063120091305e+04
9.194553030312352348e+04
-5.267785420021192294e+03
1.091073376447268674e+05
1.220053189146010263e+05
1.753195629347294016e+04
9.742318123336313874e+04
1.322096788231896644e+05
4.929015149706275406e+04
-1.304790032539953972e+05
7.387974597357644234e+04
-1.163587428205122269e+05
-1.738861643143011897e+05
2.617064654861779491e+04
6.883616976560387411e+04
-6.538116089339480823e+04
-6.414698253359346563e+04
1.227368703359129768e+03
-1.500779503406886361e+05
-1.653845354441608652e+05
2.639415584972355864e+05
4.036780909216585133e+04
-1.906103269028057111e+05
-1.926851727160286100e+04
-8.264099545857537305e+04
-9.051082960834672849e+04
-1.479173305387629080e+05
8.140666508055687882e+04
-4.440523754664825537e+04
5.594577532180342678e+04
2.930458870082104841e+04
8.911833122354905936e+04
1.471805885364186252e+05
1.133181328631689248e+05
-3.194279329623311060e+05
1.631499184523108997e+05
7.875274951886614144e+04
6.060883913165329432e+03
-5.330547174979597912e+04
-1.140375771844634983e+04
7.976613816407824743e+03
-6.527450588795697695e+04
-1.257344545273861513e+04
1.446226167778949603e+05
2.859338575947850404e+04
1.469796041736557345e+04
-4.654852325169448159e+04
-4.143563772922631324e+04
5.568572508808729617e+04
3.673960416790015006e+04
5.840943532643924300e+03
1.225790243546611309e+05
6.319970602360471821e+04
1.409015109838675126e+05
-1.003090409116299415e+05
-1.116726155702765245e+05
1.132213596412238985e+05
-7.888448158581589814e+04
-1.189998205333890801e+05
-1.636851393467384623e+05
4.613091042726094020e+04
1.013955963838677417e+05
-5.675879450073311091e+03
4.700913023890784098e+04
-1.530165794264306605e+05
-6.823694568673873437e+04
-7.401594585564846057e+04
5.751717752868190291e+04
1.714383849587919540e+05
1.749263505497224105e+05
2.697024988269644091e+05
1.093838641148197494e+05
6.113013027342487476e+03
-4.091839705114649405e+04
-7.415873026247539383e+04
1.029347149134846695e+05
1.008031058646142192e+05
4.914559327325366030e+04
-1.947401543840655941e+05
-5.949755439191309415e+04
-1.098485703372204298e+05
-9.835673548274528002e+04
-1.835735616517905437e+05
-5.387278292671884992e+04
-8.981628461605573830e+04
1.342258486720819747e+04
1.141226846717151493e+05
1.169420471107255253e+03
-8.748508914175273094e+04
7.356915010183182312e+04
-1.881015242969198443e+05
3.479439676184097334e+04
-3.329331109910701343e+04
-9.117928127517181565e+03
3.054057223966877209e+05
2.497029123821857502e+05
8.567477507876424352e+04
8.340651502508178237e+04
7.842187271442869678e+04
9.847173502830617508e+03
7.259969624767724599e+04
-8.562258193013063647e+03
-8.211062592908623628e+04
-4.555169523045256938e+04
9.135910655371090979e+04
-1.679898792995194963e+05
9.012697035624057753e+04
5.754549309078371152e+04
-2.233456406465526743e+04
-8.868540844780272164e+04
5.018006626596315618e+04
6.945187546769979235e+04
-1.558227271582679823e+05
-1.718303632988961181e+05
9.381166114501308766e+04
-2.683189925519415992e+05
-1.539776911482790310e+05
8.260174649691558443e+04
2.059887049431331980e+05
-1.901993538304551621e+05
-5.670207455164028943e+04
-1.635215107673384773e+05
-7.704712311288477213e+04
1.385344906638310640e+05
-6.896794904994410172e+04
-4.547697864972445132e+03
5.734680081933047404e+03
-5.802162443683395395e+04
1.740928266700857057e+04
-1.012910237430336565e+05
-6.034669275863018993e+04
-8.894909878498986654e+04
3.852582230143524794e+04
8.789663772917307506e+04
-1.387542520778864564e+05
-1.783064212402130652e+05
-2.582193865666328929e+04
-5.311922984560116311e+04
-1.660946384637028095e+05
1.357310094144103277e+04
-1.268281648964568012e+05
-4.031442682989030436e+04
-6.550538787554026203e+04
9.893502082507420425e+01
-5.210795565293581603e+04
5.116583023021707049e+03
-1.294385948486387206e+05
-3.430891641061749397e+04
-8.239770268441172084e+04
-4.698863461552600347e+04
2.109746450628669118e+04
-3.013580802529840730e+05
5.353966505642242555e+04
-1.020393098996141780e+05
-2.358538859326978854e+04
-3.200319807309354292e+04
5.690302534262509289e+04
2.572996429864503443e+04
-5.601938766978748390e+03
2.291759646597057290e+05
5.840878059953293996e+04
8.087751356059651880e+04
2.067779561271518469e+04
6.747260448232572526e+04
-5.930867370765825035e+04
6.903168361887949868e+04
-3.258808957312153871e+04
-4.666660513612293289e+04
3.608336050595383131e+04
5.497250002464772842e+04
6.158314051568487048e+04
4.012654394423730264e+04
-3.659788159442930919e+04
5.304750057100076083e+04
6.911571233103939448e+04
4.282003368514348404e+04
-1.487797962912614748e+05
-7.015520827945365454e+04
-1.641360252313400269e+05
6.209819408043518342e+04
5.572841130152885853e+03
-1.226223378033403860e+05
-6.650480873190712009e+04
1.060597273299611406e+05
1.560790262478261429e+05
2.191888456815402315e+05
-4.142208647869333799e+04
2.258827611848043307e+04
2.085320060885370476e+05
2.051905661314117970e+04
1.258854671846458514e+05
-1.960625974534159177e+05
5.586978823882219149e+04
-1.666589743114946468e+05
1.347286114228229562e+05
-4.171548689568396367e+04
5.668360958142270101e+04
-4.161962140036895289e+04
9.170083273448988621e+04
1.407542030149923812e+05
1.362798779652531957e+05
-2.801411655865043285e+05
-1.270975685527270616e+04
-4.568461583453129424e+04
-6.052445818095585128e+04
6.342669767836613028e+04
1.133563399469274918e+04
4.872527488807987538e+04
-1.904444603332201077e+05
1.635552973418237816e+05
4.282657919169678644e+04
1.474915499622132047e+05
9.665586648676230107e+04
-2.711971972721319980e+04
1.330113398933782009e+05
3.217324303090383182e+04
-9.384600509915404837e+04
-3.668950557163543635e+03
-7.431054367278248537e+04
-1.056860414405857300e+05
-4.412036635406111600e+04
-5.547479622298837967e+03
1.911512760205940504e+04
-1.310353015976334718e+05
1.222060038369858812e+05
2.623662376264656268e+04
-3.137621368650254954e+04
-5.023015099891000864e+04
-2.464748011703688098e+04
-1.105864299568384740e+04
1.931718795977037516e+05
-1.554462165367481066e+04
-1.869417964658163255e+05
4.718066417742620251e+04
3.211388610497513582e+04
-5.732464977840638312e+04
1.966342286336962134e+05
9.093022295786393806e+04
8.131943056607911421e+04
-1.508383954901570687e+05
-1.335512127444921935e+05
-3.099145978414486308e+04
9.588416017473499232e+04
-2.548830884237782448e+05
1.040158673982332220e+04
8.459457143300435564e+04
2.264790789465487178e+05
-7.539136859365898999e+04
-5.679178836078525637e+04
-1.648671669036985259e+04
9.451916972807275306e+04
-1.560156085099270276e+05
1.329447170295196702e+05
2.016002474283890624e+05
-7.232572116390218434e+04
-2.207660007790223463e+05
-5.013071734091926919e+04
-2.351191131177072748e+03
-1.595688099729459827e+04
1.397566620204188985e+04
2.730216862410002796e+04
1.867096473519779465e+04
1.008569522594549053e+05
-3.868613138501665526e+04
-1.646818736248210189e+05
-1.141082650242531417e+04
2.309708344574582006e+05
3.371538991280838673e+04
-6.562067139398933796e+04
-7.928767007544566877e+04
3.184613676428097097e+04
-1.882454507623450263e+04
-8.858350606256938772e+04
1.208910208725706761e+05
1.815435211470673385e+05
-6.892010351730324328e+04
-1.875933497730437957e+05
3.631100418165654992e+04
5.489613232712810714e+04
5.325744046227804938e+04
3.921187881865648251e+03
8.436125455722796687e+03
-8.357861944915053027e+04
1.216383516808139684e+05
-1.516404695926856366e+05
-4.028242742579706828e+04
3.202557253782128100e+04
-1.330602629233803054e+04
8.734329351498310280e+04
6.315874045828502858e+04
-3.790875743302081537e+04
-6.845914225954875292e+04
-1.527505549576018529e+04
-4.384856121936636919e+04
3.456500685679346498e+04
1.158618498877843085e+05
7.930355826446248102e+04
7.033691182065480098e+04
1.454597589916792640e+05
-8.151373965251167829e+04
1.340074623658908822e+05
7.703040189134271350e+04
7.011357510602047842e+04
2.426328740416313813e+05
-6.292322701621797933e+03
6.311185724996920499e+01
3.396642653161266935e+04
2.285902211716031015e+05
-5.161422899500242784e+04
3.624375339447245642e+04
1.437548835580453451e+05
6.046970192315735039e+04
-1.157315217182415945e+05
-6.382606131642080436e+04
1.436357161385122527e+04
-1.357772567721244413e+05
1.479331096370585728e+05
-4.886368786660717160e+04
-5.022260844384482334e+04
8.166640847818826842e+03
-2.332759663884838665e+04
7.562294166278197736e+03
9.144827312886097934e+04
-2.075257893328578211e+04
3.233432519900588159e+04
-5.727620257995775319e+04
4.243192035608618608e+04
1.609481297047515400e+05
-1.762165739182857506e+05
-1.582753203280631569e+05
-1.435833364860427391e+05
1.492917360659413098e+05
-1.176915399099820061e+05
-5.118838011659600306e+04
2.700083346266772132e+05
-4.775180963664324372e+04
-1.467507520033777691e+05
8.577848533255630173e+04
8.222231740584116778e+04
-9.036006817465249333e+04
-3.598713693701866578e+04
-4.096375514019037655e+04
4.483856828197545110e+04
1.076434606789781828e+05
6.381981197957642871e+04
2.323485990318811309e+04
-1.488297642895029858e+05
6.882762480427646369e+04
2.690754386752946448e+04
-2.736999274201679509e+04
6.780322002186786267e+04
-4.736641833722066804e+04
-1.613693489927923365e+05
-2.993142055700203055e+05
1.803260439696360845e+05
-5.436605703504090343e+04
2.870967294194189599e+05
7.618995780010780436e+04
1.053653531499911696e+04
3.695837941038080317e+04
-1.373005308727883967e+05
1.853595955856647925e+04
-5.084377447012620541e+04
7.211068631144752726e+04
-1.282108416182996007e+05
5.907119217438559281e+04
9.874211398033062869e+04
-5.959090685422908427e+04
-2.603478293089192011e+05
1.477705920890744892e+05
1.518577511706131627e+05
1.865904449670276954e+05
1.020623533638545450e+04
-2.219064936781831784e+05
-1.492672552506848006e+05
-4.606289778270871466e+04
6.611619861035847862e+04
-1.088884130383420415e+05
1.834995335240006534e+04
1.932462057285988703e+05
7.139319192851976550e+04
-1.227479717787949339e+05
7.794080646046405309e+04
-1.449029306243489846e+05
1.963923156214452756e+05
-1.753757367636291892e+05
-4.263898458362106794e+03
-6.490285082945841714e+04
4.047726081691458967e+04
-3.281976792668736016e+04
1.961768949865314644e+05
-4.307277525795791007e+04
1.524174866379794548e+05
-2.795228384436240885e+05
-1.328479106543409216e+04
2.188150075012514717e+05
1.488329112248137535e+05
1.004368549944858569e+04
5.825815798509510205e+04
-2.174714567470219627e+05
-2.746401294680725550e+05
-5.632150490737670771e+04
1.648046432095078053e+05
1.302502635395209654e+05
1.459929426720834454e+05
1.156053450037284201e+05
-3.892274538277473039e+04
-9.495411148526179022e+04
5.415391047811478347e+04
2.972653418665034678e+03
4.985807259869390691e+04
-2.666749541399441296e+04
1.003001989015027066e+05
-4.962503678233575192e+04
-1.852904528483157628e+05
-1.832489570776138498e+04
2.094284792031796824e+05
-5.286003933049170155e+04
8.295588354135754344e+04
-1.779057526651861917e+04
-1.311325981721347125e+04
7.080010620936068881e+04
4.836294579922634148e+04
4.270814044877672131e+03
1.507067401598508877e+05
5.235844192722164735e+04
-1.017119882957134832e+05
-4.593146499327352649e+04
-8.527192911562442896e+04
8.394617744620719168e+04
-5.529985186770493783e+03
3.896602176789233636e+04
1.273835212885255896e+05
1.235755379348708084e+05
-3.478811452079015726e+04
-8.934853142038280203e+04
-1.854560017860944208e+04
2.267410779734724929e+04
2.683547753135864623e+05
2.545901638527288742e+05
-1.241046541918547446e+05
-1.364568408590664330e+04
1.918117071892103240e+03
-5.642434709926888172e+04
6.760630158454972843e+04
-1.958819036774255510e+05
-9.423666638410566520e+03
-1.063764087540499750e+05
3.951678202128065459e+04
-1.993137025486812854e+04
-1.303405030473169463e+05
-1.169822393675390485e+05
-1.183187183241586608e+05
5.055411289328006387e+04
8.648739863504422829e+04
2.203429556574753369e+05
1.430586100085105572e+05
-5.895259929810427275e+04
1.157652741998759739e+05
-7.505569495951458521e+04
-4.451758161402922269e+04
7.680064775010422454e+04
-1.837714869207266311e+05
2.223389821108288888e+05
9.959427028479578439e+04
5.924893729835638624e+03
2.693825911318277576e+04
1.353616914428907330e+05
8.912251744633335329e+04
2.306303052159280560e+04
4.078359427732244512e+04
-6.651810445993377652e+04
1.250140041897058836e+05
-4.091232939609084042e+03
-1.777380408153751341e+05
4.423853990441474707e+03
4.857601194630834652e+04
-6.929956399306620006e+04
-3.490168478501558275e+04
-1.081350097066732269e+05
-3.198635009200813784e+03
-1.105201656165677559e+05
-2.328204667938683542e+03
-1.695116214767323690e+05
-1.267412477579423139e+05
1.453397881402085768e+05
2.024409998498931818e+05
-9.748412369136676716e+04
5.833905361854981311e+04
-9.203579814446240198e+04
-1.034615943091680856e+04
2.231989999901741612e+04
-1.480488643096833839e+05
-4.584991912008012150e+04
-1.372240946467038011e+05
5.629909768358663860e+04
3.664126031229318323e+04
4.617491419502615463e+04
7.646311124737189675e+04
7.956789758738409728e+04
-5.801438098316021933e+04
-7.041745371648657601e+04
9.331848288532020888e+03
2.128592501166189322e+05
-1.058089569698332198e+05
5.100651748103142745e+04
-4.825177143953377526e+04
-1.667943240766716826e+03
-2.534044613164367547e+04
-2.873538287653821753e+05
-1.177630196567866078e+05
-7.796696099063611473e+04
3.152835200271541180e+04
-2.679200098136539964e+04
-8.600384637845760153e+04
6.356590438005696342e+03
6.588173341184346646e+04
6.616035786778586044e+04
-8.618110681828644010e+04
3.532484137865551747e+04
-1.490565816576124962e+04
-1.302119394208014855e+05
-2.744574404547358426e+04
9.919095217819606478e+04
-3.837163183734680933e+04
2.880361142294314341e+05
-3.388594425808577944e+04
8.020001708340391633e+04
7.422914944021886913e+04
1.750921620657451422e+04
-6.697675540761221782e+04
-7.568586612841938040e+04
-1.486952920349022315e+05
-1.360294195954756578e+05
-1.666820667580619047e+05
-1.902409383178239514e+05
-1.096113418653013468e+04
-3.866835523696213204e+04
8.037134047132465639e+04
2.698345994605130982e+05
-7.756745932105666725e+04
-2.268915933186486945e+05
6.214658285443828936e+04
-1.880463783481589417e+04
-9.184444744250153235e+03
-3.501163493138999183e+04
-4.216410063324367366e+04
2.260720284551519580e+04
6.346039188492970425e+04
-5.560455533235694020e+04
3.842064325778347120e+04
-1.600984952430079866e+05
-1.468462217164631284e+03
-2.438427288986106869e+05
-5.646872671444847947e+04
2.877924935422171257e+04
2.732246862288459965e+02
-8.649288581685027748e+04
4.984027460911430535e+04
-5.118753699680926729e+03
1.417507429256725300e+05
1.965669024322872065e+04
1.911672367593899253e+05
1.902960928849758347e+05
1.921219351295782690e+04
4.254287207678046252e+04
-1.082844342093379819e+05
-3.295958658327967714e+04
-8.892268590335496992e+04
2.432048576576151390e+04
9.891601647225784836e+04
-1.849903102236774794e+04
8.508552998863128596e+04
-2.872809954924297563e+04
-4.981285289345643832e+04
-1.957202278815284080e+04
-4.285865910763697320e+04
9.306662217111134669e+04
3.896481816140045703e+04
-8.880932645546735148e+04
1.534055547834982863e+05
2.197804041200840729e+05
2.811476178064657506e+04
-9.128263429510931019e+03
-1.180578260033351689e+05
9.189303349637746578e+04
1.233072962850368931e+05
6.335545569323434029e+04
-8.154320674016849080e+04
-8.970383766529455897e+04
1.687155042963983578e+04
-1.649862441175500408e+03
-9.396044593370436633e+04
1.042659596569723071e+05
-8.280241754017959011e+02
-7.534761465587356361e+04
-1.008974873274834317e+04
-2.045808651840583771e+05
-9.326942036802601069e+04
-3.855058249389045523e+04
-4.066722093489174767e+03
-1.444133108991518384e+05
-2.772703301338678648e+04
-1.604310897647753009e+05
-7.957028387975280566e+03
1.081787786395312287e+05
1.198802339696241106e+05
1.994350148076313199e+05
-7.764586134607225540e+04
-5.144701850859129627e+04
-1.102889653340653240e+04
6.952124340257485164e+04
-7.145131504228674748e+04
-3.883605767329903756e+04
4.872378432821515889e+04
3.604379025026975432e+04
-9.040687886364374208e+03
-6.947478941432321153e+04
-1.966921887046171378e+03
-4.988707058353663160e+04
-4.440120457733391231e+04
2.041417924427118123e+04
-1.736818693370384062e+04
-3.716328966176998802e+04
-1.799335270020889002e+05
-6.990151607010769658e+04
-6.285961844555334392e+04
-9.965989940379920881e+04
2.458985360653804037e+03
1.042766742737500317e+05
6.187065838776372402e+04
7.835580460602921085e+04
1.242333703211296779e+04
-3.904452717766844580e+04
2.118156885757468990e+05
-1.004497807517584733e+05
-2.355650612997784992e+04
8.135285085390873428e+04
1.305645089310073236e+05
-2.142101737145732332e+05
3.711642183780033520e+04
-2.365635460353285453e+04
-1.333021079896017036e+05
-1.158746276055450289e+05
5.279507663155608316e+04
-3.735882068984487705e+04
-1.757733785072442697e+04
-3.508865824364358559e+03
-7.404018185062560951e+04
-4.943385410666786629e+04
5.019926991931120938e+03
1.768626857991548604e+04
-1.642919488794899080e+05
-2.477958377686402237e+05
1.312131145039903640e+05
8.225796863924313220e+04
2.241944653901749116e+05
-6.483139723313646391e+04
6.139882794889712386e+04
-2.383325457533166991e+04
-3.394165710447463789e+04
2.801110239482532488e+05
1.167811330932769342e+05
6.513991234769855510e+04
2.608731543756851170e+05
3.903024699459203111e+04
-3.444974837588803348e+04
1.593616734025247206e+04
9.024724301429560001e+04
2.471973863325481943e+04
-8.480021353030088358e+04
-9.530411012771014066e+04
-1.865198771820069232e+05
2.352171654885941825e+05
-1.278754347854916887e+04
-3.830521594083415112e+05
1.671232272203977918e+05
4.047482864727740525e+04
1.227893277760597703e+05
7.142175691239013395e+04
-1.462031027962741791e+05
3.873749647239880142e+04
1.016556567756015465e+04
-1.458094122723483015e+05
1.724032742193266458e+05
4.394079052490880713e+04
-2.071707951264824369e+05
-2.047187737913187448e+04
2.271501130477798288e+05
-3.906012863221214502e+04
6.167904848191449128e+04
1.553989615496918268e+05
7.827501846846946864e+04
3.148350260788008454e+05
9.576493329081479169e+04
-4.425748546775906289e+04
-1.047141733029283059e+05
3.097739907313287404e+04
5.556626677346508950e+04
-1.456568097191089182e+05
6.599816287320007177e+03
4.378029052194405085e+04
-2.347719222409691720e+05
2.134276596939676965e+05
1.030721064143353578e+05
2.818559661604027497e+04
-1.298703078441330581e+05
-6.726766581932856934e+04
1.009715104258632928e+05
-1.175324114471997927e+04
-8.996380288904755434e+04
-1.125516821428082185e+05
-9.567833522721299960e+04
-1.141551150140692043e+05
5.794191436433883791e+04
-2.923325481995292648e+04
-3.237069027416776953e+04
1.274180544129145710e+05
-1.106359508703661777e+04
-1.668651540436023497e+05
-9.369450482257506519e+04
1.766521026845285669e+05
6.260327393137519539e+04
9.147387076458879164e+04
4.902980739651522163e+04
1.698301744414323139e+03
2.290105693118005001e+04
8.971836474012806138e+04
4.782241448225307249e+04
6.284598432527143450e+04
6.855232742585966480e+04
5.940724671022332041e+04
-4.499896599432631047e+04
3.268476513940777659e+04
1.312125603448486654e+05
-1.081421480501865735e+05
1.388485546187211876e+05
-2.298982642664681043e+04
2.201858526557598670e+05
4.256507343746040715e+04
-7.105922323666086595e+04
-2.542889949779990420e+05
-3.318767142746381433e+04
4.636630767106996791e+04
-7.248824084552633576e+04
1.209480605991349876e+05
-5.713680695007813483e+04
-7.706856105791692971e+04
1.008922739997578174e+05
8.133624424832413206e+04
1.043235993577327026e+05
-1.975228772719311019e+04
-9.861285140741089708e+04
-1.899163414878929616e+05
-1.631227652495819530e+04
1.009096572808909841e+05
1.073557096110092243e+05
-3.978683561362728506e+04
-2.363049170680759999e+05
2.950719458833541139e+05
4.013237045559359831e+04
1.140607761092205765e+05
1.136178370378395084e+04
-8.053545859725181072e+04
-1.772717657319156860e+05
-1.825314927081315545e+04
-6.615846441638216493e+04
6.570869101295918517e+04
7.447333949826374010e+04
-9.649488558264402673e+04
9.511099176733923377e+04
-9.891471092688156205e+03
1.530664181058497343e+04
6.689582380452966026e+04
-2.261071629323841626e+04
-1.078424902636455954e+05
3.668248703853046027e+04
2.886231507902919839e+04
-1.192950074275374209e+05
7.647510509959276533e+04
-1.562965881235486304e+05
-2.527783507440972608e+04
1.779833829068589548e+05
-1.087492791258671787e+05
1.615317788205391844e+04
-4.219546227545186412e+04
-2.479790311128934554e+05
-3.009278562261125626e+04
6.155672209550999833e+04
-5.222001692065600946e+04
-1.296498900765155267e+05
-3.874875300884985336e+04
6.182947589114067341e+03
8.629466489273327170e+04
7.315446962863315093e+03
6.865110269504705684e+03
1.187032525628254953e+05
6.350346691687721614e+04
5.347194823101241491e+04
-4.881184522848661436e+04
3.481060670785966795e+04
2.245820684717081895e+04
7.462624451286798285e+04
-5.147600650750700152e+04
-2.611529257149000478e+04
-1.034567295054738643e+05
1.388685907431200903e+05
-1.274170208482736925e+05
-4.056754531624398078e+04
2.848202399039516604e+04
7.367596820706327208e+02
-2.183276825996251719e+05
-1.094870381180376862e+05
3.048480587982774014e+05
8.984645196043841133e+04
-4.041326976434620065e+03
7.789137540187494596e+04
1.013097766934155516e+05
1.108215879528469668e+05
-6.710492170225058544e+03
2.337631862058403203e+04
-1.374330394864642876e+05
2.267898917865610565e+04
1.674483416958378803e+05
9.306028021423064638e+04
-4.819542366469942499e+04
4.375244211315381904e+02
-7.346824734732205798e+03
-6.993324817650314071e+04
-1.241991889959436048e+04
-2.706957296266216872e+04
1.280810131122270250e+05
1.276863932395457814e+05
8.552680756310584547e+04
-7.032368438573900494e+04
-1.281761807428193424e+05
-1.831764256936896418e+05
-7.380008936893727514e+04
-7.299922164143621922e+04
1.812493730333510030e+04
-7.463623705397390586e+04
-2.119068891403520247e+05
2.729805842249114357e+04
-1.662986863542896172e+05
-2.218174825645742203e+03
1.900945757048956293e+05
-5.865183681820624770e+04
-9.430086190928616270e+04
2.230888458675726361e+04
-1.170521547188241129e+04
-2.437483273485290702e+05
1.494144133662504319e+05
-1.444025421936590283e+05
2.955401392973897237e+04
-1.297334610627944494e+05
-2.753019253455473154e+04
-7.993151966570797958e+04
7.547058797917336051e+04
1.385932263912566123e+04
1.272131985200655035e+05
-1.379900363368854742e+05
1.107248696051695697e+04
1.992629669250362494e+05
2.437905287384416151e+05
-5.794519909081652440e+04
2.055016371247100324e+04
6.221003584640780173e+04
1.078352324677761062e+05
-4.059356859776817146e+04
3.753276039726540148e+03
1.145147895529666275e+05
3.273105973455197818e+04
1.371165073110753146e+05
5.167228501547367341e+04
-1.505750432948436937e+05
2.845330919107578302e+04
-1.050878952422689472e+05
-8.291709967818403675e+04
3.298072677582330653e+05
-7.804756856561328459e+04
-4.896485583474700979e+04
-2.171643089599916493e+04
-6.702917218373061587e+03
7.975670442753270618e+04
1.242797597904420982e+05
7.405941929114986851e+04
8.266778945436524737e+03
-9.743538673214752635e+04
-5.595414867909154964e+03
-2.274824593803783064e+05
9.505220809865104093e+04
2.741145021946557335e+03
-1.546250996986693062e+05
-2.037050920431450941e+05
-5.246637948214217613e+04
-1.418847556328588398e+05
-2.403615092665447737e+05
3.536020715702736634e+05
1.582460529020109389e+05
-2.770807386133092587e+04
8.717062259141635150e+04
-1.211247806337948896e+04
-1.735676944927207296e+04
-2.535806502793863183e+04
8.143415494261520507e+04
1.368382609076794761e+05
-5.773907705857630935e+04
-1.576912087041563245e+04
-6.310171412984707786e+03
9.207561788543347211e+04
1.821848534455985282e+04
9.331244381741693360e+03
9.132861538620494684e+03
7.239502318676066352e+04
-1.018237681076521549e+05
-4.857512825213794713e+03
-1.203251996960248835e+04
1.343264244543292152e+05
-9.650887745629045821e+04
-1.621984892201681214e+05
4.461652311582629045e+04
-1.413607779779258417e+05
-1.052272545368263382e+05
-3.193802467246219385e+04
1.419704519433109963e+05
6.066871313193811511e+04
-8.821993876427999930e+04
1.089849062007368484e+05
3.567080743821484793e+04
3.082604555203435666e+04
-2.370056954117117566e+05
-9.197835191724696415e+03
1.079845522719745350e+05
2.147339096881699516e+05
9.575895513774461870e+04
-1.760035035550349130e+04
-2.761170020661842864e+04
8.054615130498636972e+03
-4.205404095103715372e+04
7.195851516859537514e+04
7.246375172619239311e+04
-1.234418104081822676e+05
-5.135567658826981642e+03
9.040531465770909563e+04
1.156232043911142246e+05
8.255983209362326306e+04
2.067508621226275573e+05
1.277874826917947503e+05
1.050792878352596890e+05
-1.327629191747938057e+04
-1.536843311357513012e+05
1.609075335765112832e+05
-1.193062746965519364e+04
1.415810362183328289e+04
-1.766265437054444919e+05
-1.297643979227890377e+05
4.659787886487969081e+04
-8.257315181826919434e+04
-1.748960243881572096e+05
9.889860066881982493e+04
1.239924969155048530e+04
-1.728176760900400404e+05
-6.764298974025194184e+04
2.473594753580132965e+05
-8.359813939271954587e+04
-1.072677265906959219e+05
-9.364883097314261249e+04
-1.072842840313825873e+05
1.981490309618638275e+04
1.353108866207697429e+05
6.828163975831073913e+03
-6.657707130251542549e+04
-1.536316489731094771e+04
-8.856752127171394022e+03
-1.189368243439808575e+05
-7.822937277600416564e+04
3.729113532092695095e+04
-1.500614600477022468e+05
-7.152090768549709173e+04
2.347613024620534634e+04
1.716183510330389545e+05
1.122671325590938213e+05
-1.098465930582927649e+04
-7.391295696731202770e+04
-1.372899683513331111e+05
8.997832060706221091e+04
1.243823299760840600e+05
2.201128321558995813e+05
9.029715067706070840e+04
1.134161230133285280e+05
3.931277817255629634e+04
2.237605851959237189e+05
1.184231575471739925e+05
7.946401333827940107e+04
4.415422640653642884e+04
-9.980580050791316899e+04
-1.412022541374307475e+05
-2.048638585923978826e+04
6.536403406305517274e+04
-9.813971992811435484e+03
